ARM GAS  C:\Users\dung\AppData\Local\Temp\ccWcz6oV.s 			page 1


   1              		.cpu cortex-m3
   2              		.arch armv7-m
   3              		.fpu softvfp
   4              		.eabi_attribute 20, 1
   5              		.eabi_attribute 21, 1
   6              		.eabi_attribute 23, 3
   7              		.eabi_attribute 24, 1
   8              		.eabi_attribute 25, 1
   9              		.eabi_attribute 26, 1
  10              		.eabi_attribute 30, 1
  11              		.eabi_attribute 34, 1
  12              		.eabi_attribute 18, 4
  13              		.file	"gpio.c"
  14              		.text
  15              	.Ltext0:
  16              		.cfi_sections	.debug_frame
  17              		.section	.text.MX_GPIO_Init,"ax",%progbits
  18              		.align	1
  19              		.global	MX_GPIO_Init
  20              		.syntax unified
  21              		.thumb
  22              		.thumb_func
  24              	MX_GPIO_Init:
  25              	.LFB65:
  26              		.file 1 "Core/Src/gpio.c"
   1:Core/Src/gpio.c **** /**
   2:Core/Src/gpio.c ****   ******************************************************************************
   3:Core/Src/gpio.c ****   * @file    gpio.c
   4:Core/Src/gpio.c ****   * @brief   This file provides code for the configuration
   5:Core/Src/gpio.c ****   *          of all used GPIO pins.
   6:Core/Src/gpio.c ****   ******************************************************************************
   7:Core/Src/gpio.c ****   * @attention
   8:Core/Src/gpio.c ****   *
   9:Core/Src/gpio.c ****   * <h2><center>&copy; Copyright (c) 2022 STMicroelectronics.
  10:Core/Src/gpio.c ****   * All rights reserved.</center></h2>
  11:Core/Src/gpio.c ****   *
  12:Core/Src/gpio.c ****   * This software component is licensed by ST under BSD 3-Clause license,
  13:Core/Src/gpio.c ****   * the "License"; You may not use this file except in compliance with the
  14:Core/Src/gpio.c ****   * License. You may obtain a copy of the License at:
  15:Core/Src/gpio.c ****   *                        opensource.org/licenses/BSD-3-Clause
  16:Core/Src/gpio.c ****   *
  17:Core/Src/gpio.c ****   ******************************************************************************
  18:Core/Src/gpio.c ****   */
  19:Core/Src/gpio.c **** 
  20:Core/Src/gpio.c **** /* Includes ------------------------------------------------------------------*/
  21:Core/Src/gpio.c **** #include "gpio.h"
  22:Core/Src/gpio.c **** 
  23:Core/Src/gpio.c **** /* USER CODE BEGIN 0 */
  24:Core/Src/gpio.c **** 
  25:Core/Src/gpio.c **** /* USER CODE END 0 */
  26:Core/Src/gpio.c **** 
  27:Core/Src/gpio.c **** /*----------------------------------------------------------------------------*/
  28:Core/Src/gpio.c **** /* Configure GPIO                                                             */
  29:Core/Src/gpio.c **** /*----------------------------------------------------------------------------*/
  30:Core/Src/gpio.c **** /* USER CODE BEGIN 1 */
  31:Core/Src/gpio.c **** 
  32:Core/Src/gpio.c **** /* USER CODE END 1 */
ARM GAS  C:\Users\dung\AppData\Local\Temp\ccWcz6oV.s 			page 2


  33:Core/Src/gpio.c **** 
  34:Core/Src/gpio.c **** /** Configure pins as
  35:Core/Src/gpio.c ****         * Analog
  36:Core/Src/gpio.c ****         * Input
  37:Core/Src/gpio.c ****         * Output
  38:Core/Src/gpio.c ****         * EVENT_OUT
  39:Core/Src/gpio.c ****         * EXTI
  40:Core/Src/gpio.c **** */
  41:Core/Src/gpio.c **** void MX_GPIO_Init(void)
  42:Core/Src/gpio.c **** {
  27              		.loc 1 42 1 view -0
  28              		.cfi_startproc
  29              		@ args = 0, pretend = 0, frame = 32
  30              		@ frame_needed = 0, uses_anonymous_args = 0
  31 0000 F0B5     		push	{r4, r5, r6, r7, lr}
  32              	.LCFI0:
  33              		.cfi_def_cfa_offset 20
  34              		.cfi_offset 4, -20
  35              		.cfi_offset 5, -16
  36              		.cfi_offset 6, -12
  37              		.cfi_offset 7, -8
  38              		.cfi_offset 14, -4
  39 0002 89B0     		sub	sp, sp, #36
  40              	.LCFI1:
  41              		.cfi_def_cfa_offset 56
  43:Core/Src/gpio.c **** 
  44:Core/Src/gpio.c ****   GPIO_InitTypeDef GPIO_InitStruct = {0};
  42              		.loc 1 44 3 view .LVU1
  43              		.loc 1 44 20 is_stmt 0 view .LVU2
  44 0004 0024     		movs	r4, #0
  45 0006 0494     		str	r4, [sp, #16]
  46 0008 0594     		str	r4, [sp, #20]
  47 000a 0694     		str	r4, [sp, #24]
  48 000c 0794     		str	r4, [sp, #28]
  45:Core/Src/gpio.c **** 
  46:Core/Src/gpio.c ****   /* GPIO Ports Clock Enable */
  47:Core/Src/gpio.c ****   __HAL_RCC_GPIOD_CLK_ENABLE();
  49              		.loc 1 47 3 is_stmt 1 view .LVU3
  50              	.LBB2:
  51              		.loc 1 47 3 view .LVU4
  52              		.loc 1 47 3 view .LVU5
  53 000e 254B     		ldr	r3, .L3
  54 0010 9A69     		ldr	r2, [r3, #24]
  55 0012 42F02002 		orr	r2, r2, #32
  56 0016 9A61     		str	r2, [r3, #24]
  57              		.loc 1 47 3 view .LVU6
  58 0018 9A69     		ldr	r2, [r3, #24]
  59 001a 02F02002 		and	r2, r2, #32
  60 001e 0192     		str	r2, [sp, #4]
  61              		.loc 1 47 3 view .LVU7
  62 0020 019A     		ldr	r2, [sp, #4]
  63              	.LBE2:
  64              		.loc 1 47 3 view .LVU8
  48:Core/Src/gpio.c ****   __HAL_RCC_GPIOA_CLK_ENABLE();
  65              		.loc 1 48 3 view .LVU9
  66              	.LBB3:
  67              		.loc 1 48 3 view .LVU10
ARM GAS  C:\Users\dung\AppData\Local\Temp\ccWcz6oV.s 			page 3


  68              		.loc 1 48 3 view .LVU11
  69 0022 9A69     		ldr	r2, [r3, #24]
  70 0024 42F00402 		orr	r2, r2, #4
  71 0028 9A61     		str	r2, [r3, #24]
  72              		.loc 1 48 3 view .LVU12
  73 002a 9A69     		ldr	r2, [r3, #24]
  74 002c 02F00402 		and	r2, r2, #4
  75 0030 0292     		str	r2, [sp, #8]
  76              		.loc 1 48 3 view .LVU13
  77 0032 029A     		ldr	r2, [sp, #8]
  78              	.LBE3:
  79              		.loc 1 48 3 view .LVU14
  49:Core/Src/gpio.c ****   __HAL_RCC_GPIOB_CLK_ENABLE();
  80              		.loc 1 49 3 view .LVU15
  81              	.LBB4:
  82              		.loc 1 49 3 view .LVU16
  83              		.loc 1 49 3 view .LVU17
  84 0034 9A69     		ldr	r2, [r3, #24]
  85 0036 42F00802 		orr	r2, r2, #8
  86 003a 9A61     		str	r2, [r3, #24]
  87              		.loc 1 49 3 view .LVU18
  88 003c 9B69     		ldr	r3, [r3, #24]
  89 003e 03F00803 		and	r3, r3, #8
  90 0042 0393     		str	r3, [sp, #12]
  91              		.loc 1 49 3 view .LVU19
  92 0044 039B     		ldr	r3, [sp, #12]
  93              	.LBE4:
  94              		.loc 1 49 3 view .LVU20
  50:Core/Src/gpio.c **** 
  51:Core/Src/gpio.c ****   /*Configure GPIO pin Output Level */
  52:Core/Src/gpio.c ****   HAL_GPIO_WritePin(GSM_PWRKEY_GPIO_Port, GSM_PWRKEY_Pin, GPIO_PIN_RESET);
  95              		.loc 1 52 3 view .LVU21
  96 0046 184D     		ldr	r5, .L3+4
  97 0048 2246     		mov	r2, r4
  98 004a 4FF48071 		mov	r1, #256
  99 004e 2846     		mov	r0, r5
 100 0050 FFF7FEFF 		bl	HAL_GPIO_WritePin
 101              	.LVL0:
  53:Core/Src/gpio.c **** 
  54:Core/Src/gpio.c ****   /*Configure GPIO pin Output Level */
  55:Core/Src/gpio.c ****   HAL_GPIO_WritePin(GPIOB, GPIO_PIN_4|GPIO_PIN_5|GPIO_PIN_6|GPIO_PIN_7, GPIO_PIN_SET);
 102              		.loc 1 55 3 view .LVU22
 103 0054 154E     		ldr	r6, .L3+8
 104 0056 0122     		movs	r2, #1
 105 0058 F021     		movs	r1, #240
 106 005a 3046     		mov	r0, r6
 107 005c FFF7FEFF 		bl	HAL_GPIO_WritePin
 108              	.LVL1:
  56:Core/Src/gpio.c **** 
  57:Core/Src/gpio.c ****   /*Configure GPIO pin : PtPin */
  58:Core/Src/gpio.c ****   GPIO_InitStruct.Pin = GSM_PWRKEY_Pin;
 109              		.loc 1 58 3 view .LVU23
 110              		.loc 1 58 23 is_stmt 0 view .LVU24
 111 0060 4FF48073 		mov	r3, #256
 112 0064 0493     		str	r3, [sp, #16]
  59:Core/Src/gpio.c ****   GPIO_InitStruct.Mode = GPIO_MODE_OUTPUT_PP;
 113              		.loc 1 59 3 is_stmt 1 view .LVU25
ARM GAS  C:\Users\dung\AppData\Local\Temp\ccWcz6oV.s 			page 4


 114              		.loc 1 59 24 is_stmt 0 view .LVU26
 115 0066 0127     		movs	r7, #1
 116 0068 0597     		str	r7, [sp, #20]
  60:Core/Src/gpio.c ****   GPIO_InitStruct.Pull = GPIO_NOPULL;
 117              		.loc 1 60 3 is_stmt 1 view .LVU27
 118              		.loc 1 60 24 is_stmt 0 view .LVU28
 119 006a 0694     		str	r4, [sp, #24]
  61:Core/Src/gpio.c ****   GPIO_InitStruct.Speed = GPIO_SPEED_FREQ_LOW;
 120              		.loc 1 61 3 is_stmt 1 view .LVU29
 121              		.loc 1 61 25 is_stmt 0 view .LVU30
 122 006c 0223     		movs	r3, #2
 123 006e 0793     		str	r3, [sp, #28]
  62:Core/Src/gpio.c ****   HAL_GPIO_Init(GSM_PWRKEY_GPIO_Port, &GPIO_InitStruct);
 124              		.loc 1 62 3 is_stmt 1 view .LVU31
 125 0070 04A9     		add	r1, sp, #16
 126 0072 2846     		mov	r0, r5
 127 0074 FFF7FEFF 		bl	HAL_GPIO_Init
 128              	.LVL2:
  63:Core/Src/gpio.c **** 
  64:Core/Src/gpio.c ****   /*Configure GPIO pin : PtPin */
  65:Core/Src/gpio.c ****   GPIO_InitStruct.Pin = GSM_STATUS_Pin;
 129              		.loc 1 65 3 view .LVU32
 130              		.loc 1 65 23 is_stmt 0 view .LVU33
 131 0078 4FF48053 		mov	r3, #4096
 132 007c 0493     		str	r3, [sp, #16]
  66:Core/Src/gpio.c ****   GPIO_InitStruct.Mode = GPIO_MODE_INPUT;
 133              		.loc 1 66 3 is_stmt 1 view .LVU34
 134              		.loc 1 66 24 is_stmt 0 view .LVU35
 135 007e 0594     		str	r4, [sp, #20]
  67:Core/Src/gpio.c ****   GPIO_InitStruct.Pull = GPIO_NOPULL;
 136              		.loc 1 67 3 is_stmt 1 view .LVU36
 137              		.loc 1 67 24 is_stmt 0 view .LVU37
 138 0080 0694     		str	r4, [sp, #24]
  68:Core/Src/gpio.c ****   HAL_GPIO_Init(GSM_STATUS_GPIO_Port, &GPIO_InitStruct);
 139              		.loc 1 68 3 is_stmt 1 view .LVU38
 140 0082 04A9     		add	r1, sp, #16
 141 0084 2846     		mov	r0, r5
 142 0086 FFF7FEFF 		bl	HAL_GPIO_Init
 143              	.LVL3:
  69:Core/Src/gpio.c **** 
  70:Core/Src/gpio.c ****   /*Configure GPIO pins : PB4 PB5 PB6 PB7 */
  71:Core/Src/gpio.c ****   GPIO_InitStruct.Pin = GPIO_PIN_4|GPIO_PIN_5|GPIO_PIN_6|GPIO_PIN_7;
 144              		.loc 1 71 3 view .LVU39
 145              		.loc 1 71 23 is_stmt 0 view .LVU40
 146 008a F023     		movs	r3, #240
 147 008c 0493     		str	r3, [sp, #16]
  72:Core/Src/gpio.c ****   GPIO_InitStruct.Mode = GPIO_MODE_OUTPUT_PP;
 148              		.loc 1 72 3 is_stmt 1 view .LVU41
 149              		.loc 1 72 24 is_stmt 0 view .LVU42
 150 008e 0597     		str	r7, [sp, #20]
  73:Core/Src/gpio.c ****   GPIO_InitStruct.Pull = GPIO_NOPULL;
 151              		.loc 1 73 3 is_stmt 1 view .LVU43
 152              		.loc 1 73 24 is_stmt 0 view .LVU44
 153 0090 0694     		str	r4, [sp, #24]
  74:Core/Src/gpio.c ****   GPIO_InitStruct.Speed = GPIO_SPEED_FREQ_HIGH;
 154              		.loc 1 74 3 is_stmt 1 view .LVU45
 155              		.loc 1 74 25 is_stmt 0 view .LVU46
ARM GAS  C:\Users\dung\AppData\Local\Temp\ccWcz6oV.s 			page 5


 156 0092 0323     		movs	r3, #3
 157 0094 0793     		str	r3, [sp, #28]
  75:Core/Src/gpio.c ****   HAL_GPIO_Init(GPIOB, &GPIO_InitStruct);
 158              		.loc 1 75 3 is_stmt 1 view .LVU47
 159 0096 04A9     		add	r1, sp, #16
 160 0098 3046     		mov	r0, r6
 161 009a FFF7FEFF 		bl	HAL_GPIO_Init
 162              	.LVL4:
  76:Core/Src/gpio.c **** 
  77:Core/Src/gpio.c **** }
 163              		.loc 1 77 1 is_stmt 0 view .LVU48
 164 009e 09B0     		add	sp, sp, #36
 165              	.LCFI2:
 166              		.cfi_def_cfa_offset 20
 167              		@ sp needed
 168 00a0 F0BD     		pop	{r4, r5, r6, r7, pc}
 169              	.L4:
 170 00a2 00BF     		.align	2
 171              	.L3:
 172 00a4 00100240 		.word	1073876992
 173 00a8 00080140 		.word	1073809408
 174 00ac 000C0140 		.word	1073810432
 175              		.cfi_endproc
 176              	.LFE65:
 178              		.text
 179              	.Letext0:
 180              		.file 2 "c:\\program files (x86)\\gcc-arm-none-eabi-10.3-2021.10-win32\\gcc-arm-none-eabi-10.3-202
 181              		.file 3 "c:\\program files (x86)\\gcc-arm-none-eabi-10.3-2021.10-win32\\gcc-arm-none-eabi-10.3-202
 182              		.file 4 "Drivers/CMSIS/Device/ST/STM32F1xx/Include/stm32f103xb.h"
 183              		.file 5 "Drivers/STM32F1xx_HAL_Driver/Inc/stm32f1xx_hal_gpio.h"
ARM GAS  C:\Users\dung\AppData\Local\Temp\ccWcz6oV.s 			page 6


DEFINED SYMBOLS
                            *ABS*:00000000 gpio.c
C:\Users\dung\AppData\Local\Temp\ccWcz6oV.s:18     .text.MX_GPIO_Init:00000000 $t
C:\Users\dung\AppData\Local\Temp\ccWcz6oV.s:24     .text.MX_GPIO_Init:00000000 MX_GPIO_Init
C:\Users\dung\AppData\Local\Temp\ccWcz6oV.s:172    .text.MX_GPIO_Init:000000a4 $d

UNDEFINED SYMBOLS
HAL_GPIO_WritePin
HAL_GPIO_Init
