ARM GAS  C:\Users\dung\AppData\Local\Temp\cc3LoCag.s 			page 1


   1              		.cpu cortex-m3
   2              		.arch armv7-m
   3              		.fpu softvfp
   4              		.eabi_attribute 20, 1
   5              		.eabi_attribute 21, 1
   6              		.eabi_attribute 23, 3
   7              		.eabi_attribute 24, 1
   8              		.eabi_attribute 25, 1
   9              		.eabi_attribute 26, 1
  10              		.eabi_attribute 30, 1
  11              		.eabi_attribute 34, 1
  12              		.eabi_attribute 18, 4
  13              		.file	"adc.c"
  14              		.text
  15              	.Ltext0:
  16              		.cfi_sections	.debug_frame
  17              		.section	.text.MX_ADC1_Init,"ax",%progbits
  18              		.align	1
  19              		.global	MX_ADC1_Init
  20              		.syntax unified
  21              		.thumb
  22              		.thumb_func
  24              	MX_ADC1_Init:
  25              	.LFB65:
  26              		.file 1 "Core/Src/adc.c"
   1:Core/Src/adc.c **** /**
   2:Core/Src/adc.c ****   ******************************************************************************
   3:Core/Src/adc.c ****   * @file    adc.c
   4:Core/Src/adc.c ****   * @brief   This file provides code for the configuration
   5:Core/Src/adc.c ****   *          of the ADC instances.
   6:Core/Src/adc.c ****   ******************************************************************************
   7:Core/Src/adc.c ****   * @attention
   8:Core/Src/adc.c ****   *
   9:Core/Src/adc.c ****   * <h2><center>&copy; Copyright (c) 2022 STMicroelectronics.
  10:Core/Src/adc.c ****   * All rights reserved.</center></h2>
  11:Core/Src/adc.c ****   *
  12:Core/Src/adc.c ****   * This software component is licensed by ST under BSD 3-Clause license,
  13:Core/Src/adc.c ****   * the "License"; You may not use this file except in compliance with the
  14:Core/Src/adc.c ****   * License. You may obtain a copy of the License at:
  15:Core/Src/adc.c ****   *                        opensource.org/licenses/BSD-3-Clause
  16:Core/Src/adc.c ****   *
  17:Core/Src/adc.c ****   ******************************************************************************
  18:Core/Src/adc.c ****   */
  19:Core/Src/adc.c **** 
  20:Core/Src/adc.c **** /* Includes ------------------------------------------------------------------*/
  21:Core/Src/adc.c **** #include "adc.h"
  22:Core/Src/adc.c **** 
  23:Core/Src/adc.c **** /* USER CODE BEGIN 0 */
  24:Core/Src/adc.c **** 
  25:Core/Src/adc.c **** /* USER CODE END 0 */
  26:Core/Src/adc.c **** 
  27:Core/Src/adc.c **** ADC_HandleTypeDef hadc1;
  28:Core/Src/adc.c **** 
  29:Core/Src/adc.c **** /* ADC1 init function */
  30:Core/Src/adc.c **** void MX_ADC1_Init(void)
  31:Core/Src/adc.c **** {
  27              		.loc 1 31 1 view -0
ARM GAS  C:\Users\dung\AppData\Local\Temp\cc3LoCag.s 			page 2


  28              		.cfi_startproc
  29              		@ args = 0, pretend = 0, frame = 16
  30              		@ frame_needed = 0, uses_anonymous_args = 0
  31 0000 00B5     		push	{lr}
  32              	.LCFI0:
  33              		.cfi_def_cfa_offset 4
  34              		.cfi_offset 14, -4
  35 0002 85B0     		sub	sp, sp, #20
  36              	.LCFI1:
  37              		.cfi_def_cfa_offset 24
  32:Core/Src/adc.c **** 
  33:Core/Src/adc.c ****   /* USER CODE BEGIN ADC1_Init 0 */
  34:Core/Src/adc.c **** 
  35:Core/Src/adc.c ****   /* USER CODE END ADC1_Init 0 */
  36:Core/Src/adc.c **** 
  37:Core/Src/adc.c ****   ADC_ChannelConfTypeDef sConfig = {0};
  38              		.loc 1 37 3 view .LVU1
  39              		.loc 1 37 26 is_stmt 0 view .LVU2
  40 0004 0023     		movs	r3, #0
  41 0006 0193     		str	r3, [sp, #4]
  42 0008 0293     		str	r3, [sp, #8]
  43 000a 0393     		str	r3, [sp, #12]
  38:Core/Src/adc.c **** 
  39:Core/Src/adc.c ****   /* USER CODE BEGIN ADC1_Init 1 */
  40:Core/Src/adc.c **** 
  41:Core/Src/adc.c ****   /* USER CODE END ADC1_Init 1 */
  42:Core/Src/adc.c ****   /** Common config
  43:Core/Src/adc.c ****   */
  44:Core/Src/adc.c ****   hadc1.Instance = ADC1;
  44              		.loc 1 44 3 is_stmt 1 view .LVU3
  45              		.loc 1 44 18 is_stmt 0 view .LVU4
  46 000c 1048     		ldr	r0, .L7
  47 000e 114A     		ldr	r2, .L7+4
  48 0010 0260     		str	r2, [r0]
  45:Core/Src/adc.c ****   hadc1.Init.ScanConvMode = ADC_SCAN_DISABLE;
  49              		.loc 1 45 3 is_stmt 1 view .LVU5
  50              		.loc 1 45 27 is_stmt 0 view .LVU6
  51 0012 8360     		str	r3, [r0, #8]
  46:Core/Src/adc.c ****   hadc1.Init.ContinuousConvMode = ENABLE;
  52              		.loc 1 46 3 is_stmt 1 view .LVU7
  53              		.loc 1 46 33 is_stmt 0 view .LVU8
  54 0014 0122     		movs	r2, #1
  55 0016 0273     		strb	r2, [r0, #12]
  47:Core/Src/adc.c ****   hadc1.Init.DiscontinuousConvMode = DISABLE;
  56              		.loc 1 47 3 is_stmt 1 view .LVU9
  57              		.loc 1 47 36 is_stmt 0 view .LVU10
  58 0018 0375     		strb	r3, [r0, #20]
  48:Core/Src/adc.c ****   hadc1.Init.ExternalTrigConv = ADC_SOFTWARE_START;
  59              		.loc 1 48 3 is_stmt 1 view .LVU11
  60              		.loc 1 48 31 is_stmt 0 view .LVU12
  61 001a 4FF46021 		mov	r1, #917504
  62 001e C161     		str	r1, [r0, #28]
  49:Core/Src/adc.c ****   hadc1.Init.DataAlign = ADC_DATAALIGN_RIGHT;
  63              		.loc 1 49 3 is_stmt 1 view .LVU13
  64              		.loc 1 49 24 is_stmt 0 view .LVU14
  65 0020 4360     		str	r3, [r0, #4]
  50:Core/Src/adc.c ****   hadc1.Init.NbrOfConversion = 1;
ARM GAS  C:\Users\dung\AppData\Local\Temp\cc3LoCag.s 			page 3


  66              		.loc 1 50 3 is_stmt 1 view .LVU15
  67              		.loc 1 50 30 is_stmt 0 view .LVU16
  68 0022 0261     		str	r2, [r0, #16]
  51:Core/Src/adc.c ****   if (HAL_ADC_Init(&hadc1) != HAL_OK)
  69              		.loc 1 51 3 is_stmt 1 view .LVU17
  70              		.loc 1 51 7 is_stmt 0 view .LVU18
  71 0024 FFF7FEFF 		bl	HAL_ADC_Init
  72              	.LVL0:
  73              		.loc 1 51 6 view .LVU19
  74 0028 60B9     		cbnz	r0, .L5
  75              	.L2:
  52:Core/Src/adc.c ****   {
  53:Core/Src/adc.c ****     Error_Handler();
  54:Core/Src/adc.c ****   }
  55:Core/Src/adc.c ****   /** Configure Regular Channel
  56:Core/Src/adc.c ****   */
  57:Core/Src/adc.c ****   sConfig.Channel = ADC_CHANNEL_0;
  76              		.loc 1 57 3 is_stmt 1 view .LVU20
  77              		.loc 1 57 19 is_stmt 0 view .LVU21
  78 002a 0023     		movs	r3, #0
  79 002c 0193     		str	r3, [sp, #4]
  58:Core/Src/adc.c ****   sConfig.Rank = ADC_REGULAR_RANK_1;
  80              		.loc 1 58 3 is_stmt 1 view .LVU22
  81              		.loc 1 58 16 is_stmt 0 view .LVU23
  82 002e 0122     		movs	r2, #1
  83 0030 0292     		str	r2, [sp, #8]
  59:Core/Src/adc.c ****   sConfig.SamplingTime = ADC_SAMPLETIME_1CYCLE_5;
  84              		.loc 1 59 3 is_stmt 1 view .LVU24
  85              		.loc 1 59 24 is_stmt 0 view .LVU25
  86 0032 0393     		str	r3, [sp, #12]
  60:Core/Src/adc.c ****   if (HAL_ADC_ConfigChannel(&hadc1, &sConfig) != HAL_OK)
  87              		.loc 1 60 3 is_stmt 1 view .LVU26
  88              		.loc 1 60 7 is_stmt 0 view .LVU27
  89 0034 01A9     		add	r1, sp, #4
  90 0036 0648     		ldr	r0, .L7
  91 0038 FFF7FEFF 		bl	HAL_ADC_ConfigChannel
  92              	.LVL1:
  93              		.loc 1 60 6 view .LVU28
  94 003c 28B9     		cbnz	r0, .L6
  95              	.L1:
  61:Core/Src/adc.c ****   {
  62:Core/Src/adc.c ****     Error_Handler();
  63:Core/Src/adc.c ****   }
  64:Core/Src/adc.c ****   /* USER CODE BEGIN ADC1_Init 2 */
  65:Core/Src/adc.c **** 
  66:Core/Src/adc.c ****   /* USER CODE END ADC1_Init 2 */
  67:Core/Src/adc.c **** 
  68:Core/Src/adc.c **** }
  96              		.loc 1 68 1 view .LVU29
  97 003e 05B0     		add	sp, sp, #20
  98              	.LCFI2:
  99              		.cfi_remember_state
 100              		.cfi_def_cfa_offset 4
 101              		@ sp needed
 102 0040 5DF804FB 		ldr	pc, [sp], #4
 103              	.L5:
 104              	.LCFI3:
ARM GAS  C:\Users\dung\AppData\Local\Temp\cc3LoCag.s 			page 4


 105              		.cfi_restore_state
  53:Core/Src/adc.c ****   }
 106              		.loc 1 53 5 is_stmt 1 view .LVU30
 107 0044 FFF7FEFF 		bl	Error_Handler
 108              	.LVL2:
 109 0048 EFE7     		b	.L2
 110              	.L6:
  62:Core/Src/adc.c ****   }
 111              		.loc 1 62 5 view .LVU31
 112 004a FFF7FEFF 		bl	Error_Handler
 113              	.LVL3:
 114              		.loc 1 68 1 is_stmt 0 view .LVU32
 115 004e F6E7     		b	.L1
 116              	.L8:
 117              		.align	2
 118              	.L7:
 119 0050 00000000 		.word	.LANCHOR0
 120 0054 00240140 		.word	1073816576
 121              		.cfi_endproc
 122              	.LFE65:
 124              		.section	.text.HAL_ADC_MspInit,"ax",%progbits
 125              		.align	1
 126              		.global	HAL_ADC_MspInit
 127              		.syntax unified
 128              		.thumb
 129              		.thumb_func
 131              	HAL_ADC_MspInit:
 132              	.LVL4:
 133              	.LFB66:
  69:Core/Src/adc.c **** 
  70:Core/Src/adc.c **** void HAL_ADC_MspInit(ADC_HandleTypeDef* adcHandle)
  71:Core/Src/adc.c **** {
 134              		.loc 1 71 1 is_stmt 1 view -0
 135              		.cfi_startproc
 136              		@ args = 0, pretend = 0, frame = 24
 137              		@ frame_needed = 0, uses_anonymous_args = 0
 138              		.loc 1 71 1 is_stmt 0 view .LVU34
 139 0000 00B5     		push	{lr}
 140              	.LCFI4:
 141              		.cfi_def_cfa_offset 4
 142              		.cfi_offset 14, -4
 143 0002 87B0     		sub	sp, sp, #28
 144              	.LCFI5:
 145              		.cfi_def_cfa_offset 32
  72:Core/Src/adc.c **** 
  73:Core/Src/adc.c ****   GPIO_InitTypeDef GPIO_InitStruct = {0};
 146              		.loc 1 73 3 is_stmt 1 view .LVU35
 147              		.loc 1 73 20 is_stmt 0 view .LVU36
 148 0004 0023     		movs	r3, #0
 149 0006 0293     		str	r3, [sp, #8]
 150 0008 0393     		str	r3, [sp, #12]
 151 000a 0493     		str	r3, [sp, #16]
 152 000c 0593     		str	r3, [sp, #20]
  74:Core/Src/adc.c ****   if(adcHandle->Instance==ADC1)
 153              		.loc 1 74 3 is_stmt 1 view .LVU37
 154              		.loc 1 74 15 is_stmt 0 view .LVU38
 155 000e 0268     		ldr	r2, [r0]
ARM GAS  C:\Users\dung\AppData\Local\Temp\cc3LoCag.s 			page 5


 156              		.loc 1 74 5 view .LVU39
 157 0010 154B     		ldr	r3, .L13
 158 0012 9A42     		cmp	r2, r3
 159 0014 02D0     		beq	.L12
 160              	.LVL5:
 161              	.L9:
  75:Core/Src/adc.c ****   {
  76:Core/Src/adc.c ****   /* USER CODE BEGIN ADC1_MspInit 0 */
  77:Core/Src/adc.c **** 
  78:Core/Src/adc.c ****   /* USER CODE END ADC1_MspInit 0 */
  79:Core/Src/adc.c ****     /* ADC1 clock enable */
  80:Core/Src/adc.c ****     __HAL_RCC_ADC1_CLK_ENABLE();
  81:Core/Src/adc.c **** 
  82:Core/Src/adc.c ****     __HAL_RCC_GPIOA_CLK_ENABLE();
  83:Core/Src/adc.c ****     /**ADC1 GPIO Configuration
  84:Core/Src/adc.c ****     PA0-WKUP     ------> ADC1_IN0
  85:Core/Src/adc.c ****     */
  86:Core/Src/adc.c ****     GPIO_InitStruct.Pin = LIPO_ADC_Pin;
  87:Core/Src/adc.c ****     GPIO_InitStruct.Mode = GPIO_MODE_ANALOG;
  88:Core/Src/adc.c ****     HAL_GPIO_Init(LIPO_ADC_GPIO_Port, &GPIO_InitStruct);
  89:Core/Src/adc.c **** 
  90:Core/Src/adc.c ****     /* ADC1 interrupt Init */
  91:Core/Src/adc.c ****     HAL_NVIC_SetPriority(ADC1_2_IRQn, 0, 0);
  92:Core/Src/adc.c ****     HAL_NVIC_EnableIRQ(ADC1_2_IRQn);
  93:Core/Src/adc.c ****   /* USER CODE BEGIN ADC1_MspInit 1 */
  94:Core/Src/adc.c **** 
  95:Core/Src/adc.c ****   /* USER CODE END ADC1_MspInit 1 */
  96:Core/Src/adc.c ****   }
  97:Core/Src/adc.c **** }
 162              		.loc 1 97 1 view .LVU40
 163 0016 07B0     		add	sp, sp, #28
 164              	.LCFI6:
 165              		.cfi_remember_state
 166              		.cfi_def_cfa_offset 4
 167              		@ sp needed
 168 0018 5DF804FB 		ldr	pc, [sp], #4
 169              	.LVL6:
 170              	.L12:
 171              	.LCFI7:
 172              		.cfi_restore_state
  80:Core/Src/adc.c **** 
 173              		.loc 1 80 5 is_stmt 1 view .LVU41
 174              	.LBB2:
  80:Core/Src/adc.c **** 
 175              		.loc 1 80 5 view .LVU42
  80:Core/Src/adc.c **** 
 176              		.loc 1 80 5 view .LVU43
 177 001c 03F56C43 		add	r3, r3, #60416
 178 0020 9A69     		ldr	r2, [r3, #24]
 179 0022 42F40072 		orr	r2, r2, #512
 180 0026 9A61     		str	r2, [r3, #24]
  80:Core/Src/adc.c **** 
 181              		.loc 1 80 5 view .LVU44
 182 0028 9A69     		ldr	r2, [r3, #24]
 183 002a 02F40072 		and	r2, r2, #512
 184 002e 0092     		str	r2, [sp]
  80:Core/Src/adc.c **** 
ARM GAS  C:\Users\dung\AppData\Local\Temp\cc3LoCag.s 			page 6


 185              		.loc 1 80 5 view .LVU45
 186 0030 009A     		ldr	r2, [sp]
 187              	.LBE2:
  80:Core/Src/adc.c **** 
 188              		.loc 1 80 5 view .LVU46
  82:Core/Src/adc.c ****     /**ADC1 GPIO Configuration
 189              		.loc 1 82 5 view .LVU47
 190              	.LBB3:
  82:Core/Src/adc.c ****     /**ADC1 GPIO Configuration
 191              		.loc 1 82 5 view .LVU48
  82:Core/Src/adc.c ****     /**ADC1 GPIO Configuration
 192              		.loc 1 82 5 view .LVU49
 193 0032 9A69     		ldr	r2, [r3, #24]
 194 0034 42F00402 		orr	r2, r2, #4
 195 0038 9A61     		str	r2, [r3, #24]
  82:Core/Src/adc.c ****     /**ADC1 GPIO Configuration
 196              		.loc 1 82 5 view .LVU50
 197 003a 9B69     		ldr	r3, [r3, #24]
 198 003c 03F00403 		and	r3, r3, #4
 199 0040 0193     		str	r3, [sp, #4]
  82:Core/Src/adc.c ****     /**ADC1 GPIO Configuration
 200              		.loc 1 82 5 view .LVU51
 201 0042 019B     		ldr	r3, [sp, #4]
 202              	.LBE3:
  82:Core/Src/adc.c ****     /**ADC1 GPIO Configuration
 203              		.loc 1 82 5 view .LVU52
  86:Core/Src/adc.c ****     GPIO_InitStruct.Mode = GPIO_MODE_ANALOG;
 204              		.loc 1 86 5 view .LVU53
  86:Core/Src/adc.c ****     GPIO_InitStruct.Mode = GPIO_MODE_ANALOG;
 205              		.loc 1 86 25 is_stmt 0 view .LVU54
 206 0044 0123     		movs	r3, #1
 207 0046 0293     		str	r3, [sp, #8]
  87:Core/Src/adc.c ****     HAL_GPIO_Init(LIPO_ADC_GPIO_Port, &GPIO_InitStruct);
 208              		.loc 1 87 5 is_stmt 1 view .LVU55
  87:Core/Src/adc.c ****     HAL_GPIO_Init(LIPO_ADC_GPIO_Port, &GPIO_InitStruct);
 209              		.loc 1 87 26 is_stmt 0 view .LVU56
 210 0048 0323     		movs	r3, #3
 211 004a 0393     		str	r3, [sp, #12]
  88:Core/Src/adc.c **** 
 212              		.loc 1 88 5 is_stmt 1 view .LVU57
 213 004c 02A9     		add	r1, sp, #8
 214 004e 0748     		ldr	r0, .L13+4
 215              	.LVL7:
  88:Core/Src/adc.c **** 
 216              		.loc 1 88 5 is_stmt 0 view .LVU58
 217 0050 FFF7FEFF 		bl	HAL_GPIO_Init
 218              	.LVL8:
  91:Core/Src/adc.c ****     HAL_NVIC_EnableIRQ(ADC1_2_IRQn);
 219              		.loc 1 91 5 is_stmt 1 view .LVU59
 220 0054 0022     		movs	r2, #0
 221 0056 1146     		mov	r1, r2
 222 0058 1220     		movs	r0, #18
 223 005a FFF7FEFF 		bl	HAL_NVIC_SetPriority
 224              	.LVL9:
  92:Core/Src/adc.c ****   /* USER CODE BEGIN ADC1_MspInit 1 */
 225              		.loc 1 92 5 view .LVU60
 226 005e 1220     		movs	r0, #18
ARM GAS  C:\Users\dung\AppData\Local\Temp\cc3LoCag.s 			page 7


 227 0060 FFF7FEFF 		bl	HAL_NVIC_EnableIRQ
 228              	.LVL10:
 229              		.loc 1 97 1 is_stmt 0 view .LVU61
 230 0064 D7E7     		b	.L9
 231              	.L14:
 232 0066 00BF     		.align	2
 233              	.L13:
 234 0068 00240140 		.word	1073816576
 235 006c 00080140 		.word	1073809408
 236              		.cfi_endproc
 237              	.LFE66:
 239              		.section	.text.HAL_ADC_MspDeInit,"ax",%progbits
 240              		.align	1
 241              		.global	HAL_ADC_MspDeInit
 242              		.syntax unified
 243              		.thumb
 244              		.thumb_func
 246              	HAL_ADC_MspDeInit:
 247              	.LVL11:
 248              	.LFB67:
  98:Core/Src/adc.c **** 
  99:Core/Src/adc.c **** void HAL_ADC_MspDeInit(ADC_HandleTypeDef* adcHandle)
 100:Core/Src/adc.c **** {
 249              		.loc 1 100 1 is_stmt 1 view -0
 250              		.cfi_startproc
 251              		@ args = 0, pretend = 0, frame = 0
 252              		@ frame_needed = 0, uses_anonymous_args = 0
 253              		.loc 1 100 1 is_stmt 0 view .LVU63
 254 0000 08B5     		push	{r3, lr}
 255              	.LCFI8:
 256              		.cfi_def_cfa_offset 8
 257              		.cfi_offset 3, -8
 258              		.cfi_offset 14, -4
 101:Core/Src/adc.c **** 
 102:Core/Src/adc.c ****   if(adcHandle->Instance==ADC1)
 259              		.loc 1 102 3 is_stmt 1 view .LVU64
 260              		.loc 1 102 15 is_stmt 0 view .LVU65
 261 0002 0268     		ldr	r2, [r0]
 262              		.loc 1 102 5 view .LVU66
 263 0004 084B     		ldr	r3, .L19
 264 0006 9A42     		cmp	r2, r3
 265 0008 00D0     		beq	.L18
 266              	.LVL12:
 267              	.L15:
 103:Core/Src/adc.c ****   {
 104:Core/Src/adc.c ****   /* USER CODE BEGIN ADC1_MspDeInit 0 */
 105:Core/Src/adc.c **** 
 106:Core/Src/adc.c ****   /* USER CODE END ADC1_MspDeInit 0 */
 107:Core/Src/adc.c ****     /* Peripheral clock disable */
 108:Core/Src/adc.c ****     __HAL_RCC_ADC1_CLK_DISABLE();
 109:Core/Src/adc.c **** 
 110:Core/Src/adc.c ****     /**ADC1 GPIO Configuration
 111:Core/Src/adc.c ****     PA0-WKUP     ------> ADC1_IN0
 112:Core/Src/adc.c ****     */
 113:Core/Src/adc.c ****     HAL_GPIO_DeInit(LIPO_ADC_GPIO_Port, LIPO_ADC_Pin);
 114:Core/Src/adc.c **** 
 115:Core/Src/adc.c ****     /* ADC1 interrupt Deinit */
ARM GAS  C:\Users\dung\AppData\Local\Temp\cc3LoCag.s 			page 8


 116:Core/Src/adc.c ****     HAL_NVIC_DisableIRQ(ADC1_2_IRQn);
 117:Core/Src/adc.c ****   /* USER CODE BEGIN ADC1_MspDeInit 1 */
 118:Core/Src/adc.c **** 
 119:Core/Src/adc.c ****   /* USER CODE END ADC1_MspDeInit 1 */
 120:Core/Src/adc.c ****   }
 121:Core/Src/adc.c **** }
 268              		.loc 1 121 1 view .LVU67
 269 000a 08BD     		pop	{r3, pc}
 270              	.LVL13:
 271              	.L18:
 108:Core/Src/adc.c **** 
 272              		.loc 1 108 5 is_stmt 1 view .LVU68
 273 000c 074A     		ldr	r2, .L19+4
 274 000e 9369     		ldr	r3, [r2, #24]
 275 0010 23F40073 		bic	r3, r3, #512
 276 0014 9361     		str	r3, [r2, #24]
 113:Core/Src/adc.c **** 
 277              		.loc 1 113 5 view .LVU69
 278 0016 0121     		movs	r1, #1
 279 0018 0548     		ldr	r0, .L19+8
 280              	.LVL14:
 113:Core/Src/adc.c **** 
 281              		.loc 1 113 5 is_stmt 0 view .LVU70
 282 001a FFF7FEFF 		bl	HAL_GPIO_DeInit
 283              	.LVL15:
 116:Core/Src/adc.c ****   /* USER CODE BEGIN ADC1_MspDeInit 1 */
 284              		.loc 1 116 5 is_stmt 1 view .LVU71
 285 001e 1220     		movs	r0, #18
 286 0020 FFF7FEFF 		bl	HAL_NVIC_DisableIRQ
 287              	.LVL16:
 288              		.loc 1 121 1 is_stmt 0 view .LVU72
 289 0024 F1E7     		b	.L15
 290              	.L20:
 291 0026 00BF     		.align	2
 292              	.L19:
 293 0028 00240140 		.word	1073816576
 294 002c 00100240 		.word	1073876992
 295 0030 00080140 		.word	1073809408
 296              		.cfi_endproc
 297              	.LFE67:
 299              		.global	hadc1
 300              		.section	.bss.hadc1,"aw",%nobits
 301              		.align	2
 302              		.set	.LANCHOR0,. + 0
 305              	hadc1:
 306 0000 00000000 		.space	48
 306      00000000 
 306      00000000 
 306      00000000 
 306      00000000 
 307              		.text
 308              	.Letext0:
 309              		.file 2 "c:\\program files (x86)\\gcc-arm-none-eabi-10.3-2021.10-win32\\gcc-arm-none-eabi-10.3-202
 310              		.file 3 "c:\\program files (x86)\\gcc-arm-none-eabi-10.3-2021.10-win32\\gcc-arm-none-eabi-10.3-202
 311              		.file 4 "Drivers/CMSIS/Device/ST/STM32F1xx/Include/stm32f103xb.h"
 312              		.file 5 "Drivers/CMSIS/Device/ST/STM32F1xx/Include/stm32f1xx.h"
 313              		.file 6 "Drivers/STM32F1xx_HAL_Driver/Inc/stm32f1xx_hal_def.h"
ARM GAS  C:\Users\dung\AppData\Local\Temp\cc3LoCag.s 			page 9


 314              		.file 7 "Drivers/STM32F1xx_HAL_Driver/Inc/stm32f1xx_hal_gpio.h"
 315              		.file 8 "Drivers/STM32F1xx_HAL_Driver/Inc/stm32f1xx_hal_dma.h"
 316              		.file 9 "Drivers/STM32F1xx_HAL_Driver/Inc/stm32f1xx_hal_adc.h"
 317              		.file 10 "Drivers/STM32F1xx_HAL_Driver/Inc/stm32f1xx_hal_cortex.h"
 318              		.file 11 "Core/Inc/main.h"
 319              		.file 12 "Core/Inc/adc.h"
ARM GAS  C:\Users\dung\AppData\Local\Temp\cc3LoCag.s 			page 10


DEFINED SYMBOLS
                            *ABS*:00000000 adc.c
C:\Users\dung\AppData\Local\Temp\cc3LoCag.s:18     .text.MX_ADC1_Init:00000000 $t
C:\Users\dung\AppData\Local\Temp\cc3LoCag.s:24     .text.MX_ADC1_Init:00000000 MX_ADC1_Init
C:\Users\dung\AppData\Local\Temp\cc3LoCag.s:119    .text.MX_ADC1_Init:00000050 $d
C:\Users\dung\AppData\Local\Temp\cc3LoCag.s:125    .text.HAL_ADC_MspInit:00000000 $t
C:\Users\dung\AppData\Local\Temp\cc3LoCag.s:131    .text.HAL_ADC_MspInit:00000000 HAL_ADC_MspInit
C:\Users\dung\AppData\Local\Temp\cc3LoCag.s:234    .text.HAL_ADC_MspInit:00000068 $d
C:\Users\dung\AppData\Local\Temp\cc3LoCag.s:240    .text.HAL_ADC_MspDeInit:00000000 $t
C:\Users\dung\AppData\Local\Temp\cc3LoCag.s:246    .text.HAL_ADC_MspDeInit:00000000 HAL_ADC_MspDeInit
C:\Users\dung\AppData\Local\Temp\cc3LoCag.s:293    .text.HAL_ADC_MspDeInit:00000028 $d
C:\Users\dung\AppData\Local\Temp\cc3LoCag.s:305    .bss.hadc1:00000000 hadc1
C:\Users\dung\AppData\Local\Temp\cc3LoCag.s:301    .bss.hadc1:00000000 $d

UNDEFINED SYMBOLS
HAL_ADC_Init
HAL_ADC_ConfigChannel
Error_Handler
HAL_GPIO_Init
HAL_NVIC_SetPriority
HAL_NVIC_EnableIRQ
HAL_GPIO_DeInit
HAL_NVIC_DisableIRQ
