ARM GAS  C:\Users\dung\AppData\Local\Temp\ccFcYpUd.s 			page 1


   1              		.cpu cortex-m3
   2              		.arch armv7-m
   3              		.fpu softvfp
   4              		.eabi_attribute 20, 1
   5              		.eabi_attribute 21, 1
   6              		.eabi_attribute 23, 3
   7              		.eabi_attribute 24, 1
   8              		.eabi_attribute 25, 1
   9              		.eabi_attribute 26, 1
  10              		.eabi_attribute 30, 1
  11              		.eabi_attribute 34, 1
  12              		.eabi_attribute 18, 4
  13              		.file	"l70.c"
  14              		.text
  15              	.Ltext0:
  16              		.cfi_sections	.debug_frame
  17              		.section	.text.reverse,"ax",%progbits
  18              		.align	1
  19              		.global	reverse
  20              		.syntax unified
  21              		.thumb
  22              		.thumb_func
  24              	reverse:
  25              	.LVL0:
  26              	.LFB68:
  27              		.file 1 "Core/Src/l70.c"
   1:Core/Src/l70.c **** #include "l70.h"
   2:Core/Src/l70.c **** 
   3:Core/Src/l70.c **** l70GPGGAType_t l70GPGGA = {0};
   4:Core/Src/l70.c **** int k = 0;
   5:Core/Src/l70.c **** char l70RxData[100] = {0};
   6:Core/Src/l70.c **** char l70Data = 0;
   7:Core/Src/l70.c **** l70Data_t l70RxState;
   8:Core/Src/l70.c **** 
   9:Core/Src/l70.c **** void reverse(char* str, int len)
  10:Core/Src/l70.c **** {
  28              		.loc 1 10 1 view -0
  29              		.cfi_startproc
  30              		@ args = 0, pretend = 0, frame = 0
  31              		@ frame_needed = 0, uses_anonymous_args = 0
  32              		@ link register save eliminated.
  11:Core/Src/l70.c ****     int i = 0, j = len - 1, temp;
  33              		.loc 1 11 5 view .LVU1
  34              		.loc 1 11 16 is_stmt 0 view .LVU2
  35 0000 0139     		subs	r1, r1, #1
  36              	.LVL1:
  12:Core/Src/l70.c ****     while (i < j) {
  37              		.loc 1 12 5 is_stmt 1 view .LVU3
  11:Core/Src/l70.c ****     int i = 0, j = len - 1, temp;
  38              		.loc 1 11 9 is_stmt 0 view .LVU4
  39 0002 0023     		movs	r3, #0
  40              		.loc 1 12 11 view .LVU5
  41 0004 07E0     		b	.L2
  42              	.LVL2:
  43              	.L3:
  13:Core/Src/l70.c ****         temp = str[i];
  44              		.loc 1 13 9 is_stmt 1 view .LVU6
ARM GAS  C:\Users\dung\AppData\Local\Temp\ccFcYpUd.s 			page 2


  45              		.loc 1 13 19 is_stmt 0 view .LVU7
  46 0006 C25C     		ldrb	r2, [r0, r3]	@ zero_extendqisi2
  47              	.LVL3:
  14:Core/Src/l70.c ****         str[i] = str[j];
  48              		.loc 1 14 9 is_stmt 1 view .LVU8
  49              		.loc 1 14 21 is_stmt 0 view .LVU9
  50 0008 10F801C0 		ldrb	ip, [r0, r1]	@ zero_extendqisi2
  51              		.loc 1 14 16 view .LVU10
  52 000c 00F803C0 		strb	ip, [r0, r3]
  15:Core/Src/l70.c ****         str[j] = temp;
  53              		.loc 1 15 9 is_stmt 1 view .LVU11
  54              		.loc 1 15 16 is_stmt 0 view .LVU12
  55 0010 4254     		strb	r2, [r0, r1]
  16:Core/Src/l70.c ****         i++;
  56              		.loc 1 16 9 is_stmt 1 view .LVU13
  57              		.loc 1 16 10 is_stmt 0 view .LVU14
  58 0012 0133     		adds	r3, r3, #1
  59              	.LVL4:
  17:Core/Src/l70.c ****         j--;
  60              		.loc 1 17 9 is_stmt 1 view .LVU15
  61              		.loc 1 17 10 is_stmt 0 view .LVU16
  62 0014 0139     		subs	r1, r1, #1
  63              	.LVL5:
  64              	.L2:
  12:Core/Src/l70.c ****         temp = str[i];
  65              		.loc 1 12 11 is_stmt 1 view .LVU17
  66 0016 8B42     		cmp	r3, r1
  67 0018 F5DB     		blt	.L3
  18:Core/Src/l70.c ****     }
  19:Core/Src/l70.c **** }
  68              		.loc 1 19 1 is_stmt 0 view .LVU18
  69 001a 7047     		bx	lr
  70              		.cfi_endproc
  71              	.LFE68:
  73              		.section	.text.intToStr,"ax",%progbits
  74              		.align	1
  75              		.global	intToStr
  76              		.syntax unified
  77              		.thumb
  78              		.thumb_func
  80              	intToStr:
  81              	.LVL6:
  82              	.LFB69:
  20:Core/Src/l70.c **** 
  21:Core/Src/l70.c **** int intToStr(int x, char str[], int d)
  22:Core/Src/l70.c **** {
  83              		.loc 1 22 1 is_stmt 1 view -0
  84              		.cfi_startproc
  85              		@ args = 0, pretend = 0, frame = 0
  86              		@ frame_needed = 0, uses_anonymous_args = 0
  87              		.loc 1 22 1 is_stmt 0 view .LVU20
  88 0000 38B5     		push	{r3, r4, r5, lr}
  89              	.LCFI0:
  90              		.cfi_def_cfa_offset 16
  91              		.cfi_offset 3, -16
  92              		.cfi_offset 4, -12
  93              		.cfi_offset 5, -8
ARM GAS  C:\Users\dung\AppData\Local\Temp\ccFcYpUd.s 			page 3


  94              		.cfi_offset 14, -4
  95 0002 0D46     		mov	r5, r1
  23:Core/Src/l70.c ****     int i = 0;
  96              		.loc 1 23 5 is_stmt 1 view .LVU21
  97              	.LVL7:
  24:Core/Src/l70.c ****     while (x) {
  98              		.loc 1 24 5 view .LVU22
  23:Core/Src/l70.c ****     int i = 0;
  99              		.loc 1 23 9 is_stmt 0 view .LVU23
 100 0004 0024     		movs	r4, #0
 101              		.loc 1 24 11 view .LVU24
 102 0006 0EE0     		b	.L5
 103              	.LVL8:
 104              	.L6:
  25:Core/Src/l70.c ****         str[i++] = (x % 10) + '0';
 105              		.loc 1 25 9 is_stmt 1 view .LVU25
 106              		.loc 1 25 23 is_stmt 0 view .LVU26
 107 0008 0F4B     		ldr	r3, .L10
 108 000a 83FB003C 		smull	r3, ip, r3, r0
 109 000e C317     		asrs	r3, r0, #31
 110 0010 C3EBAC03 		rsb	r3, r3, ip, asr #2
 111 0014 1946     		mov	r1, r3
 112 0016 03EB8303 		add	r3, r3, r3, lsl #2
 113 001a A0EB4303 		sub	r3, r0, r3, lsl #1
 114              	.LVL9:
 115              		.loc 1 25 29 view .LVU27
 116 001e 3033     		adds	r3, r3, #48
 117              		.loc 1 25 18 view .LVU28
 118 0020 2B55     		strb	r3, [r5, r4]
  26:Core/Src/l70.c ****         x = x / 10;
 119              		.loc 1 26 9 is_stmt 1 view .LVU29
 120              		.loc 1 26 11 is_stmt 0 view .LVU30
 121 0022 0846     		mov	r0, r1
 122              	.LVL10:
  25:Core/Src/l70.c ****         str[i++] = (x % 10) + '0';
 123              		.loc 1 25 14 view .LVU31
 124 0024 0134     		adds	r4, r4, #1
 125              	.LVL11:
 126              	.L5:
  24:Core/Src/l70.c ****     while (x) {
 127              		.loc 1 24 11 is_stmt 1 view .LVU32
 128 0026 0028     		cmp	r0, #0
 129 0028 EED1     		bne	.L6
 130 002a 02E0     		b	.L7
 131              	.L8:
  27:Core/Src/l70.c ****     }
  28:Core/Src/l70.c ****   
  29:Core/Src/l70.c ****     while (i < d)
  30:Core/Src/l70.c ****         str[i++] = '0';
 132              		.loc 1 30 9 view .LVU33
 133              	.LVL12:
 134              		.loc 1 30 18 is_stmt 0 view .LVU34
 135 002c 3023     		movs	r3, #48
 136 002e 2B55     		strb	r3, [r5, r4]
 137              		.loc 1 30 14 view .LVU35
 138 0030 0134     		adds	r4, r4, #1
 139              	.LVL13:
ARM GAS  C:\Users\dung\AppData\Local\Temp\ccFcYpUd.s 			page 4


 140              	.L7:
  29:Core/Src/l70.c ****         str[i++] = '0';
 141              		.loc 1 29 11 is_stmt 1 view .LVU36
 142 0032 9442     		cmp	r4, r2
 143 0034 FADB     		blt	.L8
  31:Core/Src/l70.c ****   
  32:Core/Src/l70.c ****     reverse(str, i);
 144              		.loc 1 32 5 view .LVU37
 145 0036 2146     		mov	r1, r4
 146 0038 2846     		mov	r0, r5
 147              	.LVL14:
 148              		.loc 1 32 5 is_stmt 0 view .LVU38
 149 003a FFF7FEFF 		bl	reverse
 150              	.LVL15:
  33:Core/Src/l70.c ****     str[i] = '\0';
 151              		.loc 1 33 5 is_stmt 1 view .LVU39
 152              		.loc 1 33 12 is_stmt 0 view .LVU40
 153 003e 0023     		movs	r3, #0
 154 0040 2B55     		strb	r3, [r5, r4]
  34:Core/Src/l70.c ****     return i;
 155              		.loc 1 34 5 is_stmt 1 view .LVU41
  35:Core/Src/l70.c **** }
 156              		.loc 1 35 1 is_stmt 0 view .LVU42
 157 0042 2046     		mov	r0, r4
 158 0044 38BD     		pop	{r3, r4, r5, pc}
 159              	.LVL16:
 160              	.L11:
 161              		.loc 1 35 1 view .LVU43
 162 0046 00BF     		.align	2
 163              	.L10:
 164 0048 67666666 		.word	1717986919
 165              		.cfi_endproc
 166              	.LFE69:
 168              		.global	__aeabi_d2iz
 169              		.global	__aeabi_i2d
 170              		.global	__aeabi_dsub
 171              		.global	__aeabi_dmul
 172              		.section	.text.ftoa,"ax",%progbits
 173              		.align	1
 174              		.global	ftoa
 175              		.syntax unified
 176              		.thumb
 177              		.thumb_func
 179              	ftoa:
 180              	.LVL17:
 181              	.LFB70:
  36:Core/Src/l70.c **** 
  37:Core/Src/l70.c **** void ftoa(double n, char* res, int afterpoint)
  38:Core/Src/l70.c **** {
 182              		.loc 1 38 1 is_stmt 1 view -0
 183              		.cfi_startproc
 184              		@ args = 0, pretend = 0, frame = 0
 185              		@ frame_needed = 0, uses_anonymous_args = 0
 186              		.loc 1 38 1 is_stmt 0 view .LVU45
 187 0000 2DE9F041 		push	{r4, r5, r6, r7, r8, lr}
 188              	.LCFI1:
 189              		.cfi_def_cfa_offset 24
ARM GAS  C:\Users\dung\AppData\Local\Temp\ccFcYpUd.s 			page 5


 190              		.cfi_offset 4, -24
 191              		.cfi_offset 5, -20
 192              		.cfi_offset 6, -16
 193              		.cfi_offset 7, -12
 194              		.cfi_offset 8, -8
 195              		.cfi_offset 14, -4
 196 0004 0646     		mov	r6, r0
 197 0006 0F46     		mov	r7, r1
 198 0008 1446     		mov	r4, r2
 199 000a 1D46     		mov	r5, r3
  39:Core/Src/l70.c ****     int ipart = (int)n;
 200              		.loc 1 39 5 is_stmt 1 view .LVU46
 201              		.loc 1 39 9 is_stmt 0 view .LVU47
 202 000c FFF7FEFF 		bl	__aeabi_d2iz
 203              	.LVL18:
 204              		.loc 1 39 9 view .LVU48
 205 0010 8046     		mov	r8, r0
 206              	.LVL19:
  40:Core/Src/l70.c ****     double fpart = n - (double)ipart;
 207              		.loc 1 40 5 is_stmt 1 view .LVU49
 208              		.loc 1 40 24 is_stmt 0 view .LVU50
 209 0012 FFF7FEFF 		bl	__aeabi_i2d
 210              	.LVL20:
 211              		.loc 1 40 24 view .LVU51
 212 0016 0246     		mov	r2, r0
 213 0018 0B46     		mov	r3, r1
 214              		.loc 1 40 12 view .LVU52
 215 001a 3046     		mov	r0, r6
 216 001c 3946     		mov	r1, r7
 217 001e FFF7FEFF 		bl	__aeabi_dsub
 218              	.LVL21:
 219 0022 0646     		mov	r6, r0
 220 0024 0F46     		mov	r7, r1
 221              	.LVL22:
  41:Core/Src/l70.c ****     int i = intToStr(ipart, res, 0);
 222              		.loc 1 41 5 is_stmt 1 view .LVU53
 223              		.loc 1 41 13 is_stmt 0 view .LVU54
 224 0026 0022     		movs	r2, #0
 225 0028 2146     		mov	r1, r4
 226 002a 4046     		mov	r0, r8
 227 002c FFF7FEFF 		bl	intToStr
 228              	.LVL23:
  42:Core/Src/l70.c ****     if (afterpoint != 0) 
 229              		.loc 1 42 5 is_stmt 1 view .LVU55
 230              		.loc 1 42 8 is_stmt 0 view .LVU56
 231 0030 0DB9     		cbnz	r5, .L15
 232              	.LVL24:
 233              	.L12:
  43:Core/Src/l70.c ****     {
  44:Core/Src/l70.c ****         res[i] = '.';
  45:Core/Src/l70.c ****         fpart = fpart * pow(10, afterpoint);
  46:Core/Src/l70.c ****         intToStr((int)fpart, res + i + 1, afterpoint);
  47:Core/Src/l70.c ****     }
  48:Core/Src/l70.c **** }
 234              		.loc 1 48 1 view .LVU57
 235 0032 BDE8F081 		pop	{r4, r5, r6, r7, r8, pc}
 236              	.LVL25:
ARM GAS  C:\Users\dung\AppData\Local\Temp\ccFcYpUd.s 			page 6


 237              	.L15:
 238              		.loc 1 48 1 view .LVU58
 239 0036 8046     		mov	r8, r0
 240              	.LVL26:
  44:Core/Src/l70.c ****         fpart = fpart * pow(10, afterpoint);
 241              		.loc 1 44 9 is_stmt 1 view .LVU59
  44:Core/Src/l70.c ****         fpart = fpart * pow(10, afterpoint);
 242              		.loc 1 44 16 is_stmt 0 view .LVU60
 243 0038 2E23     		movs	r3, #46
 244 003a 2354     		strb	r3, [r4, r0]
  45:Core/Src/l70.c ****         intToStr((int)fpart, res + i + 1, afterpoint);
 245              		.loc 1 45 9 is_stmt 1 view .LVU61
  45:Core/Src/l70.c ****         intToStr((int)fpart, res + i + 1, afterpoint);
 246              		.loc 1 45 25 is_stmt 0 view .LVU62
 247 003c 2846     		mov	r0, r5
 248              	.LVL27:
  45:Core/Src/l70.c ****         intToStr((int)fpart, res + i + 1, afterpoint);
 249              		.loc 1 45 25 view .LVU63
 250 003e FFF7FEFF 		bl	__aeabi_i2d
 251              	.LVL28:
 252 0042 0246     		mov	r2, r0
 253 0044 0B46     		mov	r3, r1
 254 0046 0020     		movs	r0, #0
 255 0048 0849     		ldr	r1, .L16
 256 004a FFF7FEFF 		bl	pow
 257              	.LVL29:
  45:Core/Src/l70.c ****         intToStr((int)fpart, res + i + 1, afterpoint);
 258              		.loc 1 45 15 view .LVU64
 259 004e 3246     		mov	r2, r6
 260 0050 3B46     		mov	r3, r7
 261 0052 FFF7FEFF 		bl	__aeabi_dmul
 262              	.LVL30:
  46:Core/Src/l70.c ****     }
 263              		.loc 1 46 9 is_stmt 1 view .LVU65
  46:Core/Src/l70.c ****     }
 264              		.loc 1 46 38 is_stmt 0 view .LVU66
 265 0056 08F10108 		add	r8, r8, #1
 266              	.LVL31:
  46:Core/Src/l70.c ****     }
 267              		.loc 1 46 9 view .LVU67
 268 005a A044     		add	r8, r8, r4
 269              	.LVL32:
  46:Core/Src/l70.c ****     }
 270              		.loc 1 46 9 view .LVU68
 271 005c FFF7FEFF 		bl	__aeabi_d2iz
 272              	.LVL33:
  46:Core/Src/l70.c ****     }
 273              		.loc 1 46 9 view .LVU69
 274 0060 2A46     		mov	r2, r5
 275 0062 4146     		mov	r1, r8
 276 0064 FFF7FEFF 		bl	intToStr
 277              	.LVL34:
 278              		.loc 1 48 1 view .LVU70
 279 0068 E3E7     		b	.L12
 280              	.L17:
 281 006a 00BF     		.align	2
 282              	.L16:
ARM GAS  C:\Users\dung\AppData\Local\Temp\ccFcYpUd.s 			page 7


 283 006c 00002440 		.word	1076101120
 284              		.cfi_endproc
 285              	.LFE70:
 287              		.section	.text.l70_callback,"ax",%progbits
 288              		.align	1
 289              		.global	l70_callback
 290              		.syntax unified
 291              		.thumb
 292              		.thumb_func
 294              	l70_callback:
 295              	.LFB71:
  49:Core/Src/l70.c **** 
  50:Core/Src/l70.c **** 
  51:Core/Src/l70.c **** void l70_callback(void)
  52:Core/Src/l70.c **** {
 296              		.loc 1 52 1 is_stmt 1 view -0
 297              		.cfi_startproc
 298              		@ args = 0, pretend = 0, frame = 0
 299              		@ frame_needed = 0, uses_anonymous_args = 0
 300 0000 08B5     		push	{r3, lr}
 301              	.LCFI2:
 302              		.cfi_def_cfa_offset 8
 303              		.cfi_offset 3, -8
 304              		.cfi_offset 14, -4
  53:Core/Src/l70.c ****     if(l70Data == '$' && l70RxState == L70_START_DATA)
 305              		.loc 1 53 5 view .LVU72
 306              		.loc 1 53 16 is_stmt 0 view .LVU73
 307 0002 1E4B     		ldr	r3, .L27
 308 0004 1B78     		ldrb	r3, [r3]	@ zero_extendqisi2
 309              		.loc 1 53 7 view .LVU74
 310 0006 242B     		cmp	r3, #36
 311 0008 0BD0     		beq	.L24
 312              	.L19:
  54:Core/Src/l70.c ****     {
  55:Core/Src/l70.c ****         l70RxData[k++] = l70Data;
  56:Core/Src/l70.c ****         l70RxState = L70_DATA;
  57:Core/Src/l70.c ****         HAL_UART_Receive_IT(&huart3, (uint8_t*)&l70Data, 1);
  58:Core/Src/l70.c ****     }
  59:Core/Src/l70.c ****     else if(l70Data == '\n' && l70RxState == L70_DATA)
 313              		.loc 1 59 10 is_stmt 1 view .LVU75
 314              		.loc 1 59 12 is_stmt 0 view .LVU76
 315 000a 0A2B     		cmp	r3, #10
 316 000c 1BD0     		beq	.L25
 317              	.L21:
  60:Core/Src/l70.c ****     {
  61:Core/Src/l70.c ****         l70RxData[k++] = l70Data;
  62:Core/Src/l70.c ****         l70RxState = L70_END_DATA;
  63:Core/Src/l70.c ****     }
  64:Core/Src/l70.c ****     else if(l70RxState == L70_DATA)
 318              		.loc 1 64 10 is_stmt 1 view .LVU77
 319              		.loc 1 64 24 is_stmt 0 view .LVU78
 320 000e 1C4A     		ldr	r2, .L27+4
 321 0010 1278     		ldrb	r2, [r2]	@ zero_extendqisi2
 322              		.loc 1 64 12 view .LVU79
 323 0012 012A     		cmp	r2, #1
 324 0014 25D0     		beq	.L26
  65:Core/Src/l70.c ****     {
ARM GAS  C:\Users\dung\AppData\Local\Temp\ccFcYpUd.s 			page 8


  66:Core/Src/l70.c ****         l70RxData[k++] = l70Data;
  67:Core/Src/l70.c ****         HAL_UART_Receive_IT(&huart3, (uint8_t*)&l70Data, 1);
  68:Core/Src/l70.c ****     }
  69:Core/Src/l70.c ****     else 
  70:Core/Src/l70.c ****     {
  71:Core/Src/l70.c ****         HAL_UART_Receive_IT(&huart3, (uint8_t*)&l70Data, 1);
 325              		.loc 1 71 9 is_stmt 1 view .LVU80
 326 0016 0122     		movs	r2, #1
 327 0018 1849     		ldr	r1, .L27
 328 001a 1A48     		ldr	r0, .L27+8
 329 001c FFF7FEFF 		bl	HAL_UART_Receive_IT
 330              	.LVL35:
 331              	.L18:
  72:Core/Src/l70.c ****     }
  73:Core/Src/l70.c **** }
 332              		.loc 1 73 1 is_stmt 0 view .LVU81
 333 0020 08BD     		pop	{r3, pc}
 334              	.L24:
  53:Core/Src/l70.c ****     {
 335              		.loc 1 53 37 discriminator 1 view .LVU82
 336 0022 174A     		ldr	r2, .L27+4
 337 0024 1278     		ldrb	r2, [r2]	@ zero_extendqisi2
  53:Core/Src/l70.c ****     {
 338              		.loc 1 53 23 discriminator 1 view .LVU83
 339 0026 002A     		cmp	r2, #0
 340 0028 EFD1     		bne	.L19
  55:Core/Src/l70.c ****         l70RxState = L70_DATA;
 341              		.loc 1 55 9 is_stmt 1 view .LVU84
  55:Core/Src/l70.c ****         l70RxState = L70_DATA;
 342              		.loc 1 55 20 is_stmt 0 view .LVU85
 343 002a 1749     		ldr	r1, .L27+12
 344 002c 0A68     		ldr	r2, [r1]
 345 002e 501C     		adds	r0, r2, #1
 346 0030 0860     		str	r0, [r1]
  55:Core/Src/l70.c ****         l70RxState = L70_DATA;
 347              		.loc 1 55 24 view .LVU86
 348 0032 1649     		ldr	r1, .L27+16
 349 0034 8B54     		strb	r3, [r1, r2]
  56:Core/Src/l70.c ****         HAL_UART_Receive_IT(&huart3, (uint8_t*)&l70Data, 1);
 350              		.loc 1 56 9 is_stmt 1 view .LVU87
  56:Core/Src/l70.c ****         HAL_UART_Receive_IT(&huart3, (uint8_t*)&l70Data, 1);
 351              		.loc 1 56 20 is_stmt 0 view .LVU88
 352 0036 0122     		movs	r2, #1
 353 0038 114B     		ldr	r3, .L27+4
 354 003a 1A70     		strb	r2, [r3]
  57:Core/Src/l70.c ****     }
 355              		.loc 1 57 9 is_stmt 1 view .LVU89
 356 003c 0F49     		ldr	r1, .L27
 357 003e 1148     		ldr	r0, .L27+8
 358 0040 FFF7FEFF 		bl	HAL_UART_Receive_IT
 359              	.LVL36:
 360 0044 ECE7     		b	.L18
 361              	.L25:
  59:Core/Src/l70.c ****     {
 362              		.loc 1 59 43 is_stmt 0 discriminator 1 view .LVU90
 363 0046 0E4A     		ldr	r2, .L27+4
 364 0048 1278     		ldrb	r2, [r2]	@ zero_extendqisi2
ARM GAS  C:\Users\dung\AppData\Local\Temp\ccFcYpUd.s 			page 9


  59:Core/Src/l70.c ****     {
 365              		.loc 1 59 29 discriminator 1 view .LVU91
 366 004a 012A     		cmp	r2, #1
 367 004c DFD1     		bne	.L21
  61:Core/Src/l70.c ****         l70RxState = L70_END_DATA;
 368              		.loc 1 61 9 is_stmt 1 view .LVU92
  61:Core/Src/l70.c ****         l70RxState = L70_END_DATA;
 369              		.loc 1 61 20 is_stmt 0 view .LVU93
 370 004e 0E49     		ldr	r1, .L27+12
 371 0050 0A68     		ldr	r2, [r1]
 372 0052 501C     		adds	r0, r2, #1
 373 0054 0860     		str	r0, [r1]
  61:Core/Src/l70.c ****         l70RxState = L70_END_DATA;
 374              		.loc 1 61 24 view .LVU94
 375 0056 0D49     		ldr	r1, .L27+16
 376 0058 8B54     		strb	r3, [r1, r2]
  62:Core/Src/l70.c ****     }
 377              		.loc 1 62 9 is_stmt 1 view .LVU95
  62:Core/Src/l70.c ****     }
 378              		.loc 1 62 20 is_stmt 0 view .LVU96
 379 005a 094B     		ldr	r3, .L27+4
 380 005c 0222     		movs	r2, #2
 381 005e 1A70     		strb	r2, [r3]
 382 0060 DEE7     		b	.L18
 383              	.L26:
  66:Core/Src/l70.c ****         HAL_UART_Receive_IT(&huart3, (uint8_t*)&l70Data, 1);
 384              		.loc 1 66 9 is_stmt 1 view .LVU97
  66:Core/Src/l70.c ****         HAL_UART_Receive_IT(&huart3, (uint8_t*)&l70Data, 1);
 385              		.loc 1 66 20 is_stmt 0 view .LVU98
 386 0062 0949     		ldr	r1, .L27+12
 387 0064 0A68     		ldr	r2, [r1]
 388 0066 501C     		adds	r0, r2, #1
 389 0068 0860     		str	r0, [r1]
  66:Core/Src/l70.c ****         HAL_UART_Receive_IT(&huart3, (uint8_t*)&l70Data, 1);
 390              		.loc 1 66 24 view .LVU99
 391 006a 0849     		ldr	r1, .L27+16
 392 006c 8B54     		strb	r3, [r1, r2]
  67:Core/Src/l70.c ****     }
 393              		.loc 1 67 9 is_stmt 1 view .LVU100
 394 006e 0122     		movs	r2, #1
 395 0070 0249     		ldr	r1, .L27
 396 0072 0448     		ldr	r0, .L27+8
 397 0074 FFF7FEFF 		bl	HAL_UART_Receive_IT
 398              	.LVL37:
 399 0078 D2E7     		b	.L18
 400              	.L28:
 401 007a 00BF     		.align	2
 402              	.L27:
 403 007c 00000000 		.word	.LANCHOR0
 404 0080 00000000 		.word	.LANCHOR1
 405 0084 00000000 		.word	huart3
 406 0088 00000000 		.word	.LANCHOR2
 407 008c 00000000 		.word	.LANCHOR3
 408              		.cfi_endproc
 409              	.LFE71:
 411              		.section	.text.l70_receiveGPS,"ax",%progbits
 412              		.align	1
ARM GAS  C:\Users\dung\AppData\Local\Temp\ccFcYpUd.s 			page 10


 413              		.global	l70_receiveGPS
 414              		.syntax unified
 415              		.thumb
 416              		.thumb_func
 418              	l70_receiveGPS:
 419              	.LFB72:
  74:Core/Src/l70.c **** 
  75:Core/Src/l70.c **** char *l70_receiveGPS(void)
  76:Core/Src/l70.c **** {
 420              		.loc 1 76 1 view -0
 421              		.cfi_startproc
 422              		@ args = 0, pretend = 0, frame = 0
 423              		@ frame_needed = 0, uses_anonymous_args = 0
 424 0000 10B5     		push	{r4, lr}
 425              	.LCFI3:
 426              		.cfi_def_cfa_offset 8
 427              		.cfi_offset 4, -8
 428              		.cfi_offset 14, -4
  77:Core/Src/l70.c ****     k = 0;
 429              		.loc 1 77 5 view .LVU102
 430              		.loc 1 77 7 is_stmt 0 view .LVU103
 431 0002 0024     		movs	r4, #0
 432 0004 094B     		ldr	r3, .L32
 433 0006 1C60     		str	r4, [r3]
  78:Core/Src/l70.c ****     memset(l70RxData, '\0', sizeof(l70RxData));
 434              		.loc 1 78 5 is_stmt 1 view .LVU104
 435 0008 6422     		movs	r2, #100
 436 000a 2146     		mov	r1, r4
 437 000c 0848     		ldr	r0, .L32+4
 438 000e FFF7FEFF 		bl	memset
 439              	.LVL38:
  79:Core/Src/l70.c ****     l70RxState = L70_START_DATA;
 440              		.loc 1 79 5 view .LVU105
 441              		.loc 1 79 16 is_stmt 0 view .LVU106
 442 0012 084B     		ldr	r3, .L32+8
 443 0014 1C70     		strb	r4, [r3]
  80:Core/Src/l70.c ****     HAL_UART_Receive_IT(&huart3, (uint8_t*)&l70Data, 1);
 444              		.loc 1 80 5 is_stmt 1 view .LVU107
 445 0016 0122     		movs	r2, #1
 446 0018 0749     		ldr	r1, .L32+12
 447 001a 0848     		ldr	r0, .L32+16
 448 001c FFF7FEFF 		bl	HAL_UART_Receive_IT
 449              	.LVL39:
  81:Core/Src/l70.c ****     while(!(l70RxState == L70_END_DATA));
 450              		.loc 1 81 5 view .LVU108
 451              	.L30:
 452              		.loc 1 81 41 discriminator 1 view .LVU109
 453              		.loc 1 81 10 discriminator 1 view .LVU110
 454              		.loc 1 81 11 is_stmt 0 discriminator 1 view .LVU111
 455 0020 044B     		ldr	r3, .L32+8
 456 0022 1B78     		ldrb	r3, [r3]	@ zero_extendqisi2
 457              		.loc 1 81 10 discriminator 1 view .LVU112
 458 0024 022B     		cmp	r3, #2
 459 0026 FBD1     		bne	.L30
  82:Core/Src/l70.c ****     return l70RxData;
 460              		.loc 1 82 5 is_stmt 1 view .LVU113
  83:Core/Src/l70.c **** }
ARM GAS  C:\Users\dung\AppData\Local\Temp\ccFcYpUd.s 			page 11


 461              		.loc 1 83 1 is_stmt 0 view .LVU114
 462 0028 0148     		ldr	r0, .L32+4
 463 002a 10BD     		pop	{r4, pc}
 464              	.L33:
 465              		.align	2
 466              	.L32:
 467 002c 00000000 		.word	.LANCHOR2
 468 0030 00000000 		.word	.LANCHOR3
 469 0034 00000000 		.word	.LANCHOR1
 470 0038 00000000 		.word	.LANCHOR0
 471 003c 00000000 		.word	huart3
 472              		.cfi_endproc
 473              	.LFE72:
 475              		.section	.rodata.l70_init.str1.4,"aMS",%progbits,1
 476              		.align	2
 477              	.LC0:
 478 0000 24504D54 		.ascii	"$PMTK314,0,0,0,1,0,0,0,0,0,0,0,0,0,0,0,0,0,0,0*29\015"
 478      4B333134 
 478      2C302C30 
 478      2C302C31 
 478      2C302C30 
 479 0032 0A00     		.ascii	"\012\000"
 480              		.section	.text.l70_init,"ax",%progbits
 481              		.align	1
 482              		.global	l70_init
 483              		.syntax unified
 484              		.thumb
 485              		.thumb_func
 487              	l70_init:
 488              	.LFB73:
  84:Core/Src/l70.c **** 
  85:Core/Src/l70.c **** void l70_init(void)
  86:Core/Src/l70.c **** {
 489              		.loc 1 86 1 is_stmt 1 view -0
 490              		.cfi_startproc
 491              		@ args = 0, pretend = 0, frame = 0
 492              		@ frame_needed = 0, uses_anonymous_args = 0
 493 0000 08B5     		push	{r3, lr}
 494              	.LCFI4:
 495              		.cfi_def_cfa_offset 8
 496              		.cfi_offset 3, -8
 497              		.cfi_offset 14, -4
  87:Core/Src/l70.c ****     HAL_UART_Transmit_IT(&huart3 ,(uint8_t*)"$PMTK314,0,0,0,1,0,0,0,0,0,0,0,0,0,0,0,0,0,0,0*29\r\n"
 498              		.loc 1 87 5 view .LVU116
 499 0002 3322     		movs	r2, #51
 500 0004 0249     		ldr	r1, .L36
 501 0006 0348     		ldr	r0, .L36+4
 502 0008 FFF7FEFF 		bl	HAL_UART_Transmit_IT
 503              	.LVL40:
  88:Core/Src/l70.c ****     // HAL_Delay(100);
  89:Core/Src/l70.c ****     // HAL_UART_Transmit_IT(&huart3, (uint8_t*)"$PMTK285,2,100*3E\r\n", strlen("$PMTK285,2,100*3E\r
  90:Core/Src/l70.c **** }
 504              		.loc 1 90 1 is_stmt 0 view .LVU117
 505 000c 08BD     		pop	{r3, pc}
 506              	.L37:
 507 000e 00BF     		.align	2
 508              	.L36:
ARM GAS  C:\Users\dung\AppData\Local\Temp\ccFcYpUd.s 			page 12


 509 0010 00000000 		.word	.LC0
 510 0014 00000000 		.word	huart3
 511              		.cfi_endproc
 512              	.LFE73:
 514              		.section	.rodata.l70_handleGPS.str1.4,"aMS",%progbits,1
 515              		.align	2
 516              	.LC1:
 517 0000 24475047 		.ascii	"$GPGGA\000"
 517      474100
 518 0007 00       		.align	2
 519              	.LC2:
 520 0008 24475047 		.ascii	"$GPGGA,%[^,],%[^,],%[^,],%[^,],%[^,],%[^,],%[^,]\000"
 520      47412C25 
 520      5B5E2C5D 
 520      2C255B5E 
 520      2C5D2C25 
 521              		.global	__aeabi_dadd
 522              		.global	__aeabi_ddiv
 523              		.section	.text.l70_handleGPS,"ax",%progbits
 524              		.align	1
 525              		.global	l70_handleGPS
 526              		.syntax unified
 527              		.thumb
 528              		.thumb_func
 530              	l70_handleGPS:
 531              	.LVL41:
 532              	.LFB74:
  91:Core/Src/l70.c **** 
  92:Core/Src/l70.c **** void l70_handleGPS(char *latData, char *longData, char *GPSResponse)
  93:Core/Src/l70.c **** {
 533              		.loc 1 93 1 is_stmt 1 view -0
 534              		.cfi_startproc
 535              		@ args = 0, pretend = 0, frame = 24
 536              		@ frame_needed = 0, uses_anonymous_args = 0
 537              		.loc 1 93 1 is_stmt 0 view .LVU119
 538 0000 2DE9F04F 		push	{r4, r5, r6, r7, r8, r9, r10, fp, lr}
 539              	.LCFI5:
 540              		.cfi_def_cfa_offset 36
 541              		.cfi_offset 4, -36
 542              		.cfi_offset 5, -32
 543              		.cfi_offset 6, -28
 544              		.cfi_offset 7, -24
 545              		.cfi_offset 8, -20
 546              		.cfi_offset 9, -16
 547              		.cfi_offset 10, -12
 548              		.cfi_offset 11, -8
 549              		.cfi_offset 14, -4
 550 0004 8DB0     		sub	sp, sp, #52
 551              	.LCFI6:
 552              		.cfi_def_cfa_offset 88
 553 0006 0890     		str	r0, [sp, #32]
 554 0008 0991     		str	r1, [sp, #36]
  94:Core/Src/l70.c ****     int temp = 0;
 555              		.loc 1 94 5 is_stmt 1 view .LVU120
 556              	.LVL42:
  95:Core/Src/l70.c ****     double decPart = 0;
 557              		.loc 1 95 5 view .LVU121
ARM GAS  C:\Users\dung\AppData\Local\Temp\ccFcYpUd.s 			page 13


  96:Core/Src/l70.c ****     double intPart = 0;
 558              		.loc 1 96 5 view .LVU122
  97:Core/Src/l70.c ****     double l70latitude = 0;
 559              		.loc 1 97 5 view .LVU123
  98:Core/Src/l70.c ****     double l70longitude = 0;
 560              		.loc 1 98 5 view .LVU124
  99:Core/Src/l70.c ****     GPSResponse = strstr(GPSResponse, "$GPGGA");
 561              		.loc 1 99 5 view .LVU125
 562              		.loc 1 99 19 is_stmt 0 view .LVU126
 563 000a 4849     		ldr	r1, .L40
 564              	.LVL43:
 565              		.loc 1 99 19 view .LVU127
 566 000c 1046     		mov	r0, r2
 567              	.LVL44:
 568              		.loc 1 99 19 view .LVU128
 569 000e FFF7FEFF 		bl	strstr
 570              	.LVL45:
 100:Core/Src/l70.c ****     sscanf(GPSResponse, "$GPGGA,%[^,],%[^,],%[^,],%[^,],%[^,],%[^,],%[^,]",\
 571              		.loc 1 100 5 is_stmt 1 view .LVU129
 572 0012 474A     		ldr	r2, .L40+4
 573 0014 02F10C04 		add	r4, r2, #12
 574 0018 02F12703 		add	r3, r2, #39
 575 001c 0493     		str	r3, [sp, #16]
 576 001e 02F12603 		add	r3, r2, #38
 577 0022 0393     		str	r3, [sp, #12]
 578 0024 02F12503 		add	r3, r2, #37
 579 0028 0293     		str	r3, [sp, #8]
 580 002a 02F1190B 		add	fp, r2, #25
 581 002e CDF804B0 		str	fp, [sp, #4]
 582 0032 02F11803 		add	r3, r2, #24
 583 0036 0093     		str	r3, [sp]
 584 0038 2346     		mov	r3, r4
 585 003a 3E49     		ldr	r1, .L40+8
 586 003c FFF7FEFF 		bl	sscanf
 587              	.LVL46:
 101:Core/Src/l70.c ****      l70GPGGA.utcTime, l70GPGGA.latitude, &l70GPGGA.NorS, l70GPGGA.longitude,\
 102:Core/Src/l70.c ****      &l70GPGGA.EorW, &l70GPGGA.fixStatus, l70GPGGA.numberOfSatellites);
 103:Core/Src/l70.c ****     l70latitude = atof(l70GPGGA.latitude);
 588              		.loc 1 103 5 view .LVU130
 589              		.loc 1 103 19 is_stmt 0 view .LVU131
 590 0040 2046     		mov	r0, r4
 591 0042 FFF7FEFF 		bl	atof
 592              	.LVL47:
 593 0046 0246     		mov	r2, r0
 594 0048 0B46     		mov	r3, r1
 595 004a CDE90623 		strd	r2, [sp, #24]
 596              	.LVL48:
 104:Core/Src/l70.c ****     temp = (int)l70latitude;
 597              		.loc 1 104 5 is_stmt 1 view .LVU132
 598              		.loc 1 104 10 is_stmt 0 view .LVU133
 599 004e FFF7FEFF 		bl	__aeabi_d2iz
 600              	.LVL49:
 601              		.loc 1 104 10 view .LVU134
 602 0052 0446     		mov	r4, r0
 603              	.LVL50:
 105:Core/Src/l70.c ****     intPart = (double)(temp / 100);
 604              		.loc 1 105 5 is_stmt 1 view .LVU135
ARM GAS  C:\Users\dung\AppData\Local\Temp\ccFcYpUd.s 			page 14


 605              		.loc 1 105 29 is_stmt 0 view .LVU136
 606 0054 384D     		ldr	r5, .L40+12
 607 0056 85FB0063 		smull	r6, r3, r5, r0
 608 005a 4FEAE078 		asr	r8, r0, #31
 609 005e C8EB6318 		rsb	r8, r8, r3, asr #5
 610              		.loc 1 105 13 view .LVU137
 611 0062 4046     		mov	r0, r8
 612              	.LVL51:
 613              		.loc 1 105 13 view .LVU138
 614 0064 FFF7FEFF 		bl	__aeabi_i2d
 615              	.LVL52:
 616 0068 0646     		mov	r6, r0
 617 006a 0F46     		mov	r7, r1
 618              	.LVL53:
 106:Core/Src/l70.c ****     decPart = (double)(temp % 100) + l70latitude - (double)temp;
 619              		.loc 1 106 5 is_stmt 1 view .LVU139
 620              		.loc 1 106 29 is_stmt 0 view .LVU140
 621 006c 4FF0640A 		mov	r10, #100
 622              		.loc 1 106 15 view .LVU141
 623 0070 0AFB1840 		mls	r0, r10, r8, r4
 624 0074 FFF7FEFF 		bl	__aeabi_i2d
 625              	.LVL54:
 626              		.loc 1 106 36 view .LVU142
 627 0078 DDE90623 		ldrd	r2, [sp, #24]
 628 007c FFF7FEFF 		bl	__aeabi_dadd
 629              	.LVL55:
 630 0080 8046     		mov	r8, r0
 631 0082 8946     		mov	r9, r1
 632              		.loc 1 106 52 view .LVU143
 633 0084 2046     		mov	r0, r4
 634 0086 FFF7FEFF 		bl	__aeabi_i2d
 635              	.LVL56:
 636 008a 0246     		mov	r2, r0
 637 008c 0B46     		mov	r3, r1
 638              		.loc 1 106 13 view .LVU144
 639 008e 4046     		mov	r0, r8
 640 0090 4946     		mov	r1, r9
 641 0092 FFF7FEFF 		bl	__aeabi_dsub
 642              	.LVL57:
 107:Core/Src/l70.c ****     l70latitude = intPart + decPart / 60;
 643              		.loc 1 107 5 is_stmt 1 view .LVU145
 644              		.loc 1 107 37 is_stmt 0 view .LVU146
 645 0096 0022     		movs	r2, #0
 646 0098 284B     		ldr	r3, .L40+16
 647 009a FFF7FEFF 		bl	__aeabi_ddiv
 648              	.LVL58:
 649              		.loc 1 107 17 view .LVU147
 650 009e 3246     		mov	r2, r6
 651 00a0 3B46     		mov	r3, r7
 652 00a2 FFF7FEFF 		bl	__aeabi_dadd
 653              	.LVL59:
 654 00a6 CDE90A01 		strd	r0, [sp, #40]
 655              	.LVL60:
 108:Core/Src/l70.c **** 
 109:Core/Src/l70.c ****     l70longitude = atof(l70GPGGA.longitude);
 656              		.loc 1 109 5 is_stmt 1 view .LVU148
 657              		.loc 1 109 20 is_stmt 0 view .LVU149
ARM GAS  C:\Users\dung\AppData\Local\Temp\ccFcYpUd.s 			page 15


 658 00aa 5846     		mov	r0, fp
 659              	.LVL61:
 660              		.loc 1 109 20 view .LVU150
 661 00ac FFF7FEFF 		bl	atof
 662              	.LVL62:
 663 00b0 0246     		mov	r2, r0
 664 00b2 0B46     		mov	r3, r1
 665 00b4 CDE90623 		strd	r2, [sp, #24]
 666              	.LVL63:
 110:Core/Src/l70.c ****     temp = (int)l70longitude;
 667              		.loc 1 110 5 is_stmt 1 view .LVU151
 668              		.loc 1 110 10 is_stmt 0 view .LVU152
 669 00b8 FFF7FEFF 		bl	__aeabi_d2iz
 670              	.LVL64:
 671              		.loc 1 110 10 view .LVU153
 672 00bc 8046     		mov	r8, r0
 673              	.LVL65:
 111:Core/Src/l70.c ****     intPart = (double)(temp / 100);
 674              		.loc 1 111 5 is_stmt 1 view .LVU154
 675              		.loc 1 111 29 is_stmt 0 view .LVU155
 676 00be 85FB0035 		smull	r3, r5, r5, r0
 677 00c2 C617     		asrs	r6, r0, #31
 678              	.LVL66:
 679              		.loc 1 111 29 view .LVU156
 680 00c4 C6EB6516 		rsb	r6, r6, r5, asr #5
 681              		.loc 1 111 13 view .LVU157
 682 00c8 3046     		mov	r0, r6
 683              	.LVL67:
 684              		.loc 1 111 13 view .LVU158
 685 00ca FFF7FEFF 		bl	__aeabi_i2d
 686              	.LVL68:
 687 00ce 0446     		mov	r4, r0
 688 00d0 0D46     		mov	r5, r1
 689              	.LVL69:
 112:Core/Src/l70.c ****     decPart = (double)(temp % 100) + l70longitude - (double)temp;
 690              		.loc 1 112 5 is_stmt 1 view .LVU159
 691              		.loc 1 112 15 is_stmt 0 view .LVU160
 692 00d2 0AFB1680 		mls	r0, r10, r6, r8
 693 00d6 FFF7FEFF 		bl	__aeabi_i2d
 694              	.LVL70:
 695              		.loc 1 112 36 view .LVU161
 696 00da DDE90623 		ldrd	r2, [sp, #24]
 697 00de FFF7FEFF 		bl	__aeabi_dadd
 698              	.LVL71:
 699 00e2 0646     		mov	r6, r0
 700 00e4 0F46     		mov	r7, r1
 701              		.loc 1 112 53 view .LVU162
 702 00e6 4046     		mov	r0, r8
 703 00e8 FFF7FEFF 		bl	__aeabi_i2d
 704              	.LVL72:
 705 00ec 0246     		mov	r2, r0
 706 00ee 0B46     		mov	r3, r1
 707              		.loc 1 112 13 view .LVU163
 708 00f0 3046     		mov	r0, r6
 709 00f2 3946     		mov	r1, r7
 710 00f4 FFF7FEFF 		bl	__aeabi_dsub
 711              	.LVL73:
ARM GAS  C:\Users\dung\AppData\Local\Temp\ccFcYpUd.s 			page 16


 113:Core/Src/l70.c ****     l70longitude = intPart + decPart / 60;
 712              		.loc 1 113 5 is_stmt 1 view .LVU164
 713              		.loc 1 113 38 is_stmt 0 view .LVU165
 714 00f8 0022     		movs	r2, #0
 715 00fa 104B     		ldr	r3, .L40+16
 716 00fc FFF7FEFF 		bl	__aeabi_ddiv
 717              	.LVL74:
 718              		.loc 1 113 18 view .LVU166
 719 0100 2246     		mov	r2, r4
 720 0102 2B46     		mov	r3, r5
 721 0104 FFF7FEFF 		bl	__aeabi_dadd
 722              	.LVL75:
 723 0108 0446     		mov	r4, r0
 724              	.LVL76:
 725              		.loc 1 113 18 view .LVU167
 726 010a 0D46     		mov	r5, r1
 727              	.LVL77:
 114:Core/Src/l70.c ****     ftoa(l70latitude, latData, 6);
 728              		.loc 1 114 5 is_stmt 1 view .LVU168
 729 010c 0623     		movs	r3, #6
 730 010e 089A     		ldr	r2, [sp, #32]
 731 0110 DDE90A01 		ldrd	r0, [sp, #40]
 732 0114 FFF7FEFF 		bl	ftoa
 733              	.LVL78:
 115:Core/Src/l70.c ****     ftoa(l70longitude, longData, 6);
 734              		.loc 1 115 5 view .LVU169
 735 0118 0623     		movs	r3, #6
 736 011a 099A     		ldr	r2, [sp, #36]
 737 011c 2046     		mov	r0, r4
 738 011e 2946     		mov	r1, r5
 739 0120 FFF7FEFF 		bl	ftoa
 740              	.LVL79:
 116:Core/Src/l70.c **** }
 741              		.loc 1 116 1 is_stmt 0 view .LVU170
 742 0124 0DB0     		add	sp, sp, #52
 743              	.LCFI7:
 744              		.cfi_def_cfa_offset 36
 745              		@ sp needed
 746 0126 BDE8F08F 		pop	{r4, r5, r6, r7, r8, r9, r10, fp, pc}
 747              	.LVL80:
 748              	.L41:
 749              		.loc 1 116 1 view .LVU171
 750 012a 00BF     		.align	2
 751              	.L40:
 752 012c 00000000 		.word	.LC1
 753 0130 00000000 		.word	.LANCHOR4
 754 0134 08000000 		.word	.LC2
 755 0138 1F85EB51 		.word	1374389535
 756 013c 00004E40 		.word	1078853632
 757              		.cfi_endproc
 758              	.LFE74:
 760              		.global	l70RxState
 761              		.global	l70Data
 762              		.global	l70RxData
 763              		.global	k
 764              		.global	l70GPGGA
 765              		.section	.bss.k,"aw",%nobits
ARM GAS  C:\Users\dung\AppData\Local\Temp\ccFcYpUd.s 			page 17


 766              		.align	2
 767              		.set	.LANCHOR2,. + 0
 770              	k:
 771 0000 00000000 		.space	4
 772              		.section	.bss.l70Data,"aw",%nobits
 773              		.set	.LANCHOR0,. + 0
 776              	l70Data:
 777 0000 00       		.space	1
 778              		.section	.bss.l70GPGGA,"aw",%nobits
 779              		.align	2
 780              		.set	.LANCHOR4,. + 0
 783              	l70GPGGA:
 784 0000 00000000 		.space	41
 784      00000000 
 784      00000000 
 784      00000000 
 784      00000000 
 785              		.section	.bss.l70RxData,"aw",%nobits
 786              		.align	2
 787              		.set	.LANCHOR3,. + 0
 790              	l70RxData:
 791 0000 00000000 		.space	100
 791      00000000 
 791      00000000 
 791      00000000 
 791      00000000 
 792              		.section	.bss.l70RxState,"aw",%nobits
 793              		.set	.LANCHOR1,. + 0
 796              	l70RxState:
 797 0000 00       		.space	1
 798              		.text
 799              	.Letext0:
 800              		.file 2 "c:\\program files (x86)\\gcc-arm-none-eabi-10.3-2021.10-win32\\gcc-arm-none-eabi-10.3-202
 801              		.file 3 "c:\\program files (x86)\\gcc-arm-none-eabi-10.3-2021.10-win32\\gcc-arm-none-eabi-10.3-202
 802              		.file 4 "Drivers/CMSIS/Device/ST/STM32F1xx/Include/stm32f103xb.h"
 803              		.file 5 "Drivers/STM32F1xx_HAL_Driver/Inc/stm32f1xx_hal_def.h"
 804              		.file 6 "Drivers/STM32F1xx_HAL_Driver/Inc/stm32f1xx_hal_dma.h"
 805              		.file 7 "Drivers/STM32F1xx_HAL_Driver/Inc/stm32f1xx_hal_uart.h"
 806              		.file 8 "Core/Inc/l70.h"
 807              		.file 9 "c:\\program files (x86)\\gcc-arm-none-eabi-10.3-2021.10-win32\\gcc-arm-none-eabi-10.3-202
 808              		.file 10 "c:\\program files (x86)\\gcc-arm-none-eabi-10.3-2021.10-win32\\gcc-arm-none-eabi-10.3-20
 809              		.file 11 "c:\\program files (x86)\\gcc-arm-none-eabi-10.3-2021.10-win32\\gcc-arm-none-eabi-10.3-20
 810              		.file 12 "<built-in>"
 811              		.file 13 "c:\\program files (x86)\\gcc-arm-none-eabi-10.3-2021.10-win32\\gcc-arm-none-eabi-10.3-20
ARM GAS  C:\Users\dung\AppData\Local\Temp\ccFcYpUd.s 			page 18


DEFINED SYMBOLS
                            *ABS*:00000000 l70.c
C:\Users\dung\AppData\Local\Temp\ccFcYpUd.s:18     .text.reverse:00000000 $t
C:\Users\dung\AppData\Local\Temp\ccFcYpUd.s:24     .text.reverse:00000000 reverse
C:\Users\dung\AppData\Local\Temp\ccFcYpUd.s:74     .text.intToStr:00000000 $t
C:\Users\dung\AppData\Local\Temp\ccFcYpUd.s:80     .text.intToStr:00000000 intToStr
C:\Users\dung\AppData\Local\Temp\ccFcYpUd.s:164    .text.intToStr:00000048 $d
C:\Users\dung\AppData\Local\Temp\ccFcYpUd.s:173    .text.ftoa:00000000 $t
C:\Users\dung\AppData\Local\Temp\ccFcYpUd.s:179    .text.ftoa:00000000 ftoa
C:\Users\dung\AppData\Local\Temp\ccFcYpUd.s:283    .text.ftoa:0000006c $d
C:\Users\dung\AppData\Local\Temp\ccFcYpUd.s:288    .text.l70_callback:00000000 $t
C:\Users\dung\AppData\Local\Temp\ccFcYpUd.s:294    .text.l70_callback:00000000 l70_callback
C:\Users\dung\AppData\Local\Temp\ccFcYpUd.s:403    .text.l70_callback:0000007c $d
C:\Users\dung\AppData\Local\Temp\ccFcYpUd.s:412    .text.l70_receiveGPS:00000000 $t
C:\Users\dung\AppData\Local\Temp\ccFcYpUd.s:418    .text.l70_receiveGPS:00000000 l70_receiveGPS
C:\Users\dung\AppData\Local\Temp\ccFcYpUd.s:467    .text.l70_receiveGPS:0000002c $d
C:\Users\dung\AppData\Local\Temp\ccFcYpUd.s:476    .rodata.l70_init.str1.4:00000000 $d
C:\Users\dung\AppData\Local\Temp\ccFcYpUd.s:481    .text.l70_init:00000000 $t
C:\Users\dung\AppData\Local\Temp\ccFcYpUd.s:487    .text.l70_init:00000000 l70_init
C:\Users\dung\AppData\Local\Temp\ccFcYpUd.s:509    .text.l70_init:00000010 $d
C:\Users\dung\AppData\Local\Temp\ccFcYpUd.s:515    .rodata.l70_handleGPS.str1.4:00000000 $d
C:\Users\dung\AppData\Local\Temp\ccFcYpUd.s:524    .text.l70_handleGPS:00000000 $t
C:\Users\dung\AppData\Local\Temp\ccFcYpUd.s:530    .text.l70_handleGPS:00000000 l70_handleGPS
C:\Users\dung\AppData\Local\Temp\ccFcYpUd.s:752    .text.l70_handleGPS:0000012c $d
C:\Users\dung\AppData\Local\Temp\ccFcYpUd.s:796    .bss.l70RxState:00000000 l70RxState
C:\Users\dung\AppData\Local\Temp\ccFcYpUd.s:776    .bss.l70Data:00000000 l70Data
C:\Users\dung\AppData\Local\Temp\ccFcYpUd.s:790    .bss.l70RxData:00000000 l70RxData
C:\Users\dung\AppData\Local\Temp\ccFcYpUd.s:770    .bss.k:00000000 k
C:\Users\dung\AppData\Local\Temp\ccFcYpUd.s:783    .bss.l70GPGGA:00000000 l70GPGGA
C:\Users\dung\AppData\Local\Temp\ccFcYpUd.s:766    .bss.k:00000000 $d
C:\Users\dung\AppData\Local\Temp\ccFcYpUd.s:777    .bss.l70Data:00000000 $d
C:\Users\dung\AppData\Local\Temp\ccFcYpUd.s:779    .bss.l70GPGGA:00000000 $d
C:\Users\dung\AppData\Local\Temp\ccFcYpUd.s:786    .bss.l70RxData:00000000 $d
C:\Users\dung\AppData\Local\Temp\ccFcYpUd.s:797    .bss.l70RxState:00000000 $d

UNDEFINED SYMBOLS
__aeabi_d2iz
__aeabi_i2d
__aeabi_dsub
__aeabi_dmul
pow
HAL_UART_Receive_IT
huart3
memset
HAL_UART_Transmit_IT
__aeabi_dadd
__aeabi_ddiv
strstr
sscanf
atof
