ARM GAS  C:\Users\dung\AppData\Local\Temp\ccsmPmOb.s 			page 1


   1              		.cpu cortex-m3
   2              		.arch armv7-m
   3              		.fpu softvfp
   4              		.eabi_attribute 20, 1
   5              		.eabi_attribute 21, 1
   6              		.eabi_attribute 23, 3
   7              		.eabi_attribute 24, 1
   8              		.eabi_attribute 25, 1
   9              		.eabi_attribute 26, 1
  10              		.eabi_attribute 30, 1
  11              		.eabi_attribute 34, 1
  12              		.eabi_attribute 18, 4
  13              		.file	"main.c"
  14              		.text
  15              	.Ltext0:
  16              		.cfi_sections	.debug_frame
  17              		.section	.text.HAL_UART_RxCpltCallback,"ax",%progbits
  18              		.align	1
  19              		.global	HAL_UART_RxCpltCallback
  20              		.syntax unified
  21              		.thumb
  22              		.thumb_func
  24              	HAL_UART_RxCpltCallback:
  25              	.LVL0:
  26              	.LFB68:
  27              		.file 1 "Core/Src/main.c"
   1:Core/Src/main.c **** /* USER CODE BEGIN Header */
   2:Core/Src/main.c **** /**
   3:Core/Src/main.c ****   ******************************************************************************
   4:Core/Src/main.c ****   * @file           : main.c
   5:Core/Src/main.c ****   * @brief          : Main program body
   6:Core/Src/main.c ****   ******************************************************************************
   7:Core/Src/main.c ****   * @attention
   8:Core/Src/main.c ****   *
   9:Core/Src/main.c ****   * <h2><center>&copy; Copyright (c) 2022 STMicroelectronics.
  10:Core/Src/main.c ****   * All rights reserved.</center></h2>
  11:Core/Src/main.c ****   *
  12:Core/Src/main.c ****   * This software component is licensed by ST under BSD 3-Clause license,
  13:Core/Src/main.c ****   * the "License"; You may not use this file except in compliance with the
  14:Core/Src/main.c ****   * License. You may obtain a copy of the License at:
  15:Core/Src/main.c ****   *                        opensource.org/licenses/BSD-3-Clause
  16:Core/Src/main.c ****   *
  17:Core/Src/main.c ****   ******************************************************************************
  18:Core/Src/main.c ****   */
  19:Core/Src/main.c **** /* USER CODE END Header */
  20:Core/Src/main.c **** /* Includes ------------------------------------------------------------------*/
  21:Core/Src/main.c **** #include "main.h"
  22:Core/Src/main.c **** #include "adc.h"
  23:Core/Src/main.c **** #include "tim.h"
  24:Core/Src/main.c **** #include "usart.h"
  25:Core/Src/main.c **** #include "gpio.h"
  26:Core/Src/main.c **** 
  27:Core/Src/main.c **** /* Private includes ----------------------------------------------------------*/
  28:Core/Src/main.c **** /* USER CODE BEGIN Includes */
  29:Core/Src/main.c **** #include <stdio.h>
  30:Core/Src/main.c **** #include <string.h>
  31:Core/Src/main.c **** #include <stdlib.h>
ARM GAS  C:\Users\dung\AppData\Local\Temp\ccsmPmOb.s 			page 2


  32:Core/Src/main.c **** #include <math.h>
  33:Core/Src/main.c **** #include "sim800c.h"
  34:Core/Src/main.c **** #include "l70.h"
  35:Core/Src/main.c **** /* USER CODE END Includes */
  36:Core/Src/main.c **** 
  37:Core/Src/main.c **** /* Private typedef -----------------------------------------------------------*/
  38:Core/Src/main.c **** /* USER CODE BEGIN PTD */
  39:Core/Src/main.c **** 
  40:Core/Src/main.c **** /* USER CODE END PTD */
  41:Core/Src/main.c **** 
  42:Core/Src/main.c **** /* Private define ------------------------------------------------------------*/
  43:Core/Src/main.c **** /* USER CODE BEGIN PD */
  44:Core/Src/main.c **** /* USER CODE END PD */
  45:Core/Src/main.c **** 
  46:Core/Src/main.c **** /* Private macro -------------------------------------------------------------*/
  47:Core/Src/main.c **** /* USER CODE BEGIN PM */
  48:Core/Src/main.c **** 
  49:Core/Src/main.c **** /* USER CODE END PM */
  50:Core/Src/main.c **** 
  51:Core/Src/main.c **** /* Private variables ---------------------------------------------------------*/
  52:Core/Src/main.c **** 
  53:Core/Src/main.c **** /* USER CODE BEGIN PV */
  54:Core/Src/main.c **** // char data[100];
  55:Core/Src/main.c **** bool SOSFlag = false;
  56:Core/Src/main.c **** char simNumber[20] = "0778554218";
  57:Core/Src/main.c **** char latData[15] = {0};
  58:Core/Src/main.c **** char longData[15] = {0};
  59:Core/Src/main.c **** char simMessage[500] = {0};
  60:Core/Src/main.c **** char *GPSResponse;
  61:Core/Src/main.c **** uint16_t ADC_value;
  62:Core/Src/main.c **** /* USER CODE END PV */
  63:Core/Src/main.c **** 
  64:Core/Src/main.c **** /* Private function prototypes -----------------------------------------------*/
  65:Core/Src/main.c **** void SystemClock_Config(void);
  66:Core/Src/main.c **** /* USER CODE BEGIN PFP */
  67:Core/Src/main.c **** 
  68:Core/Src/main.c **** /* USER CODE END PFP */
  69:Core/Src/main.c **** 
  70:Core/Src/main.c **** /* Private user code ---------------------------------------------------------*/
  71:Core/Src/main.c **** /* USER CODE BEGIN 0 */
  72:Core/Src/main.c **** 
  73:Core/Src/main.c **** void HAL_UART_RxCpltCallback(UART_HandleTypeDef *huart)
  74:Core/Src/main.c **** {
  28              		.loc 1 74 1 view -0
  29              		.cfi_startproc
  30              		@ args = 0, pretend = 0, frame = 0
  31              		@ frame_needed = 0, uses_anonymous_args = 0
  32              		.loc 1 74 1 is_stmt 0 view .LVU1
  33 0000 10B5     		push	{r4, lr}
  34              	.LCFI0:
  35              		.cfi_def_cfa_offset 8
  36              		.cfi_offset 4, -8
  37              		.cfi_offset 14, -4
  38 0002 0446     		mov	r4, r0
  75:Core/Src/main.c ****   if(huart == &huart2)
  39              		.loc 1 75 3 is_stmt 1 view .LVU2
  40              		.loc 1 75 5 is_stmt 0 view .LVU3
ARM GAS  C:\Users\dung\AppData\Local\Temp\ccsmPmOb.s 			page 3


  41 0004 064B     		ldr	r3, .L7
  42 0006 9842     		cmp	r0, r3
  43 0008 03D0     		beq	.L5
  44              	.LVL1:
  45              	.L2:
  76:Core/Src/main.c ****   {
  77:Core/Src/main.c ****     sim800c_callback();
  78:Core/Src/main.c ****   }
  79:Core/Src/main.c ****   if(huart == &huart3)
  46              		.loc 1 79 3 is_stmt 1 view .LVU4
  47              		.loc 1 79 5 is_stmt 0 view .LVU5
  48 000a 064B     		ldr	r3, .L7+4
  49 000c 9C42     		cmp	r4, r3
  50 000e 03D0     		beq	.L6
  51              	.L1:
  80:Core/Src/main.c ****   {
  81:Core/Src/main.c ****     l70_callback();
  82:Core/Src/main.c ****   }
  83:Core/Src/main.c **** }
  52              		.loc 1 83 1 view .LVU6
  53 0010 10BD     		pop	{r4, pc}
  54              	.LVL2:
  55              	.L5:
  77:Core/Src/main.c ****   }
  56              		.loc 1 77 5 is_stmt 1 view .LVU7
  57 0012 FFF7FEFF 		bl	sim800c_callback
  58              	.LVL3:
  77:Core/Src/main.c ****   }
  59              		.loc 1 77 5 is_stmt 0 view .LVU8
  60 0016 F8E7     		b	.L2
  61              	.L6:
  81:Core/Src/main.c ****   }
  62              		.loc 1 81 5 is_stmt 1 view .LVU9
  63 0018 FFF7FEFF 		bl	l70_callback
  64              	.LVL4:
  65              		.loc 1 83 1 is_stmt 0 view .LVU10
  66 001c F8E7     		b	.L1
  67              	.L8:
  68 001e 00BF     		.align	2
  69              	.L7:
  70 0020 00000000 		.word	huart2
  71 0024 00000000 		.word	huart3
  72              		.cfi_endproc
  73              	.LFE68:
  75              		.section	.text.HAL_TIM_PeriodElapsedCallback,"ax",%progbits
  76              		.align	1
  77              		.global	HAL_TIM_PeriodElapsedCallback
  78              		.syntax unified
  79              		.thumb
  80              		.thumb_func
  82              	HAL_TIM_PeriodElapsedCallback:
  83              	.LVL5:
  84              	.LFB69:
  84:Core/Src/main.c **** 
  85:Core/Src/main.c **** void HAL_TIM_PeriodElapsedCallback(TIM_HandleTypeDef *htim)
  86:Core/Src/main.c **** {
  85              		.loc 1 86 1 is_stmt 1 view -0
ARM GAS  C:\Users\dung\AppData\Local\Temp\ccsmPmOb.s 			page 4


  86              		.cfi_startproc
  87              		@ args = 0, pretend = 0, frame = 0
  88              		@ frame_needed = 0, uses_anonymous_args = 0
  89              		.loc 1 86 1 is_stmt 0 view .LVU12
  90 0000 10B5     		push	{r4, lr}
  91              	.LCFI1:
  92              		.cfi_def_cfa_offset 8
  93              		.cfi_offset 4, -8
  94              		.cfi_offset 14, -4
  87:Core/Src/main.c ****   if(htim == &htim2)
  95              		.loc 1 87 3 is_stmt 1 view .LVU13
  96              		.loc 1 87 5 is_stmt 0 view .LVU14
  97 0002 114B     		ldr	r3, .L15
  98 0004 9842     		cmp	r0, r3
  99 0006 03D0     		beq	.L13
  88:Core/Src/main.c ****   {
  89:Core/Src/main.c ****     sim800c_timerCallback();
  90:Core/Src/main.c ****   }
  91:Core/Src/main.c ****   else if(htim == &htim1)
 100              		.loc 1 91 8 is_stmt 1 view .LVU15
 101              		.loc 1 91 10 is_stmt 0 view .LVU16
 102 0008 104B     		ldr	r3, .L15+4
 103 000a 9842     		cmp	r0, r3
 104 000c 03D0     		beq	.L14
 105              	.LVL6:
 106              	.L9:
  92:Core/Src/main.c ****   {
  93:Core/Src/main.c ****     HAL_GPIO_WritePin(GPIOB, GPIO_PIN_4, GPIO_PIN_SET);
  94:Core/Src/main.c ****     HAL_GPIO_WritePin(GPIOB, GPIO_PIN_5, GPIO_PIN_SET);
  95:Core/Src/main.c ****     HAL_GPIO_WritePin(GPIOB, GPIO_PIN_6, GPIO_PIN_SET);
  96:Core/Src/main.c ****     HAL_GPIO_WritePin(GPIOB, GPIO_PIN_7, GPIO_PIN_SET);
  97:Core/Src/main.c ****     HAL_TIM_Base_Stop_IT(&htim1);
  98:Core/Src/main.c ****   }
  99:Core/Src/main.c **** }
 107              		.loc 1 99 1 view .LVU17
 108 000e 10BD     		pop	{r4, pc}
 109              	.LVL7:
 110              	.L13:
  89:Core/Src/main.c ****   }
 111              		.loc 1 89 5 is_stmt 1 view .LVU18
 112 0010 FFF7FEFF 		bl	sim800c_timerCallback
 113              	.LVL8:
  89:Core/Src/main.c ****   }
 114              		.loc 1 89 5 is_stmt 0 view .LVU19
 115 0014 FBE7     		b	.L9
 116              	.LVL9:
 117              	.L14:
  93:Core/Src/main.c ****     HAL_GPIO_WritePin(GPIOB, GPIO_PIN_5, GPIO_PIN_SET);
 118              		.loc 1 93 5 is_stmt 1 view .LVU20
 119 0016 0E4C     		ldr	r4, .L15+8
 120 0018 0122     		movs	r2, #1
 121 001a 1021     		movs	r1, #16
 122 001c 2046     		mov	r0, r4
 123              	.LVL10:
  93:Core/Src/main.c ****     HAL_GPIO_WritePin(GPIOB, GPIO_PIN_5, GPIO_PIN_SET);
 124              		.loc 1 93 5 is_stmt 0 view .LVU21
 125 001e FFF7FEFF 		bl	HAL_GPIO_WritePin
ARM GAS  C:\Users\dung\AppData\Local\Temp\ccsmPmOb.s 			page 5


 126              	.LVL11:
  94:Core/Src/main.c ****     HAL_GPIO_WritePin(GPIOB, GPIO_PIN_6, GPIO_PIN_SET);
 127              		.loc 1 94 5 is_stmt 1 view .LVU22
 128 0022 0122     		movs	r2, #1
 129 0024 2021     		movs	r1, #32
 130 0026 2046     		mov	r0, r4
 131 0028 FFF7FEFF 		bl	HAL_GPIO_WritePin
 132              	.LVL12:
  95:Core/Src/main.c ****     HAL_GPIO_WritePin(GPIOB, GPIO_PIN_7, GPIO_PIN_SET);
 133              		.loc 1 95 5 view .LVU23
 134 002c 0122     		movs	r2, #1
 135 002e 4021     		movs	r1, #64
 136 0030 2046     		mov	r0, r4
 137 0032 FFF7FEFF 		bl	HAL_GPIO_WritePin
 138              	.LVL13:
  96:Core/Src/main.c ****     HAL_TIM_Base_Stop_IT(&htim1);
 139              		.loc 1 96 5 view .LVU24
 140 0036 0122     		movs	r2, #1
 141 0038 8021     		movs	r1, #128
 142 003a 2046     		mov	r0, r4
 143 003c FFF7FEFF 		bl	HAL_GPIO_WritePin
 144              	.LVL14:
  97:Core/Src/main.c ****   }
 145              		.loc 1 97 5 view .LVU25
 146 0040 0248     		ldr	r0, .L15+4
 147 0042 FFF7FEFF 		bl	HAL_TIM_Base_Stop_IT
 148              	.LVL15:
 149              		.loc 1 99 1 is_stmt 0 view .LVU26
 150 0046 E2E7     		b	.L9
 151              	.L16:
 152              		.align	2
 153              	.L15:
 154 0048 00000000 		.word	htim2
 155 004c 00000000 		.word	htim1
 156 0050 000C0140 		.word	1073810432
 157              		.cfi_endproc
 158              	.LFE69:
 160              		.section	.text.HAL_GPIO_EXTI_Callback,"ax",%progbits
 161              		.align	1
 162              		.global	HAL_GPIO_EXTI_Callback
 163              		.syntax unified
 164              		.thumb
 165              		.thumb_func
 167              	HAL_GPIO_EXTI_Callback:
 168              	.LVL16:
 169              	.LFB70:
 100:Core/Src/main.c **** 
 101:Core/Src/main.c **** void HAL_GPIO_EXTI_Callback(uint16_t GPIO_Pin)
 102:Core/Src/main.c **** {
 170              		.loc 1 102 1 is_stmt 1 view -0
 171              		.cfi_startproc
 172              		@ args = 0, pretend = 0, frame = 0
 173              		@ frame_needed = 0, uses_anonymous_args = 0
 174              		.loc 1 102 1 is_stmt 0 view .LVU28
 175 0000 10B5     		push	{r4, lr}
 176              	.LCFI2:
 177              		.cfi_def_cfa_offset 8
ARM GAS  C:\Users\dung\AppData\Local\Temp\ccsmPmOb.s 			page 6


 178              		.cfi_offset 4, -8
 179              		.cfi_offset 14, -4
 103:Core/Src/main.c ****   if (GPIO_Pin == BUT_ADC_Pin)
 180              		.loc 1 103 3 is_stmt 1 view .LVU29
 181              		.loc 1 103 6 is_stmt 0 view .LVU30
 182 0002 0428     		cmp	r0, #4
 183 0004 02D0     		beq	.L25
 104:Core/Src/main.c ****   {
 105:Core/Src/main.c ****     ADC_value = HAL_ADC_GetValue(&hadc1);
 106:Core/Src/main.c ****     // >4.1V
 107:Core/Src/main.c ****     if (ADC_value > 3057) 
 108:Core/Src/main.c ****     {
 109:Core/Src/main.c ****       HAL_GPIO_WritePin(GPIOB, GPIO_PIN_4, GPIO_PIN_RESET);
 110:Core/Src/main.c ****       HAL_GPIO_WritePin(GPIOB, GPIO_PIN_5, GPIO_PIN_RESET);
 111:Core/Src/main.c ****       HAL_GPIO_WritePin(GPIOB, GPIO_PIN_6, GPIO_PIN_RESET);
 112:Core/Src/main.c ****       HAL_GPIO_WritePin(GPIOB, GPIO_PIN_7, GPIO_PIN_RESET);
 113:Core/Src/main.c ****     }
 114:Core/Src/main.c ****     // 3.7-4.1V  
 115:Core/Src/main.c ****     else if (ADC_value <= 3057 && ADC_value > 2817)    
 116:Core/Src/main.c ****     {
 117:Core/Src/main.c ****       HAL_GPIO_WritePin(GPIOB, GPIO_PIN_4, GPIO_PIN_SET);
 118:Core/Src/main.c ****       HAL_GPIO_WritePin(GPIOB, GPIO_PIN_5, GPIO_PIN_RESET);
 119:Core/Src/main.c ****       HAL_GPIO_WritePin(GPIOB, GPIO_PIN_6, GPIO_PIN_RESET);
 120:Core/Src/main.c ****       HAL_GPIO_WritePin(GPIOB, GPIO_PIN_7, GPIO_PIN_RESET);
 121:Core/Src/main.c ****     }
 122:Core/Src/main.c ****     // 3.3->3.7V
 123:Core/Src/main.c ****     else if (ADC_value <= 2817 && ADC_value > 2705)
 124:Core/Src/main.c ****     {
 125:Core/Src/main.c ****       HAL_GPIO_WritePin(GPIOB, GPIO_PIN_4, GPIO_PIN_SET);
 126:Core/Src/main.c ****       HAL_GPIO_WritePin(GPIOB, GPIO_PIN_5, GPIO_PIN_SET);
 127:Core/Src/main.c ****       HAL_GPIO_WritePin(GPIOB, GPIO_PIN_6, GPIO_PIN_RESET);
 128:Core/Src/main.c ****       HAL_GPIO_WritePin(GPIOB, GPIO_PIN_7, GPIO_PIN_RESET);
 129:Core/Src/main.c ****     }
 130:Core/Src/main.c ****     // 0->3.3V
 131:Core/Src/main.c ****     else if (ADC_value <= 2705)
 132:Core/Src/main.c ****     {
 133:Core/Src/main.c ****       HAL_GPIO_WritePin(GPIOB, GPIO_PIN_4, GPIO_PIN_SET);
 134:Core/Src/main.c ****       HAL_GPIO_WritePin(GPIOB, GPIO_PIN_5, GPIO_PIN_SET);
 135:Core/Src/main.c ****       HAL_GPIO_WritePin(GPIOB, GPIO_PIN_6, GPIO_PIN_SET);
 136:Core/Src/main.c ****       HAL_GPIO_WritePin(GPIOB, GPIO_PIN_7, GPIO_PIN_RESET);
 137:Core/Src/main.c ****     }
 138:Core/Src/main.c ****     TIM1->CNT = 0;
 139:Core/Src/main.c ****     HAL_TIM_Base_Start_IT(&htim1);
 140:Core/Src/main.c ****   }
 141:Core/Src/main.c ****   else if (GPIO_Pin == BUT_SOS_Pin)
 184              		.loc 1 141 8 is_stmt 1 view .LVU31
 185              		.loc 1 141 11 is_stmt 0 view .LVU32
 186 0006 0228     		cmp	r0, #2
 187 0008 76D0     		beq	.L26
 188              	.LVL17:
 189              	.L17:
 142:Core/Src/main.c ****   {
 143:Core/Src/main.c ****     SOSFlag = true;
 144:Core/Src/main.c ****     HAL_GPIO_WritePin(MCU_BUZZER_GPIO_Port, MCU_BUZZER_Pin, GPIO_PIN_SET);
 145:Core/Src/main.c ****   }
 146:Core/Src/main.c **** }
 190              		.loc 1 146 1 view .LVU33
ARM GAS  C:\Users\dung\AppData\Local\Temp\ccsmPmOb.s 			page 7


 191 000a 10BD     		pop	{r4, pc}
 192              	.LVL18:
 193              	.L25:
 105:Core/Src/main.c ****     // >4.1V
 194              		.loc 1 105 5 is_stmt 1 view .LVU34
 105:Core/Src/main.c ****     // >4.1V
 195              		.loc 1 105 17 is_stmt 0 view .LVU35
 196 000c 3F48     		ldr	r0, .L30
 197              	.LVL19:
 105:Core/Src/main.c ****     // >4.1V
 198              		.loc 1 105 17 view .LVU36
 199 000e FFF7FEFF 		bl	HAL_ADC_GetValue
 200              	.LVL20:
 105:Core/Src/main.c ****     // >4.1V
 201              		.loc 1 105 15 view .LVU37
 202 0012 80B2     		uxth	r0, r0
 203 0014 3E4B     		ldr	r3, .L30+4
 204 0016 1880     		strh	r0, [r3]	@ movhi
 107:Core/Src/main.c ****     {
 205              		.loc 1 107 5 is_stmt 1 view .LVU38
 107:Core/Src/main.c ****     {
 206              		.loc 1 107 8 is_stmt 0 view .LVU39
 207 0018 40F6F133 		movw	r3, #3057
 208 001c 9842     		cmp	r0, r3
 209 001e 23D8     		bhi	.L27
 115:Core/Src/main.c ****     {
 210              		.loc 1 115 10 is_stmt 1 view .LVU40
 115:Core/Src/main.c ****     {
 211              		.loc 1 115 32 is_stmt 0 view .LVU41
 212 0020 A0F60233 		subw	r3, r0, #2818
 213 0024 9BB2     		uxth	r3, r3
 115:Core/Src/main.c ****     {
 214              		.loc 1 115 13 view .LVU42
 215 0026 EF2B     		cmp	r3, #239
 216 0028 3AD9     		bls	.L28
 123:Core/Src/main.c ****     {
 217              		.loc 1 123 10 is_stmt 1 view .LVU43
 123:Core/Src/main.c ****     {
 218              		.loc 1 123 32 is_stmt 0 view .LVU44
 219 002a A0F69223 		subw	r3, r0, #2706
 220 002e 9BB2     		uxth	r3, r3
 123:Core/Src/main.c ****     {
 221              		.loc 1 123 13 view .LVU45
 222 0030 6F2B     		cmp	r3, #111
 223 0032 4BD9     		bls	.L29
 131:Core/Src/main.c ****     {
 224              		.loc 1 131 10 is_stmt 1 view .LVU46
 131:Core/Src/main.c ****     {
 225              		.loc 1 131 13 is_stmt 0 view .LVU47
 226 0034 40F69123 		movw	r3, #2705
 227 0038 9842     		cmp	r0, r3
 228 003a 2AD8     		bhi	.L20
 133:Core/Src/main.c ****       HAL_GPIO_WritePin(GPIOB, GPIO_PIN_5, GPIO_PIN_SET);
 229              		.loc 1 133 7 is_stmt 1 view .LVU48
 230 003c 354C     		ldr	r4, .L30+8
 231 003e 0122     		movs	r2, #1
 232 0040 1021     		movs	r1, #16
ARM GAS  C:\Users\dung\AppData\Local\Temp\ccsmPmOb.s 			page 8


 233 0042 2046     		mov	r0, r4
 234 0044 FFF7FEFF 		bl	HAL_GPIO_WritePin
 235              	.LVL21:
 134:Core/Src/main.c ****       HAL_GPIO_WritePin(GPIOB, GPIO_PIN_6, GPIO_PIN_SET);
 236              		.loc 1 134 7 view .LVU49
 237 0048 0122     		movs	r2, #1
 238 004a 2021     		movs	r1, #32
 239 004c 2046     		mov	r0, r4
 240 004e FFF7FEFF 		bl	HAL_GPIO_WritePin
 241              	.LVL22:
 135:Core/Src/main.c ****       HAL_GPIO_WritePin(GPIOB, GPIO_PIN_7, GPIO_PIN_RESET);
 242              		.loc 1 135 7 view .LVU50
 243 0052 0122     		movs	r2, #1
 244 0054 4021     		movs	r1, #64
 245 0056 2046     		mov	r0, r4
 246 0058 FFF7FEFF 		bl	HAL_GPIO_WritePin
 247              	.LVL23:
 136:Core/Src/main.c ****     }
 248              		.loc 1 136 7 view .LVU51
 249 005c 0022     		movs	r2, #0
 250 005e 8021     		movs	r1, #128
 251 0060 2046     		mov	r0, r4
 252 0062 FFF7FEFF 		bl	HAL_GPIO_WritePin
 253              	.LVL24:
 254 0066 14E0     		b	.L20
 255              	.L27:
 109:Core/Src/main.c ****       HAL_GPIO_WritePin(GPIOB, GPIO_PIN_5, GPIO_PIN_RESET);
 256              		.loc 1 109 7 view .LVU52
 257 0068 2A4C     		ldr	r4, .L30+8
 258 006a 0022     		movs	r2, #0
 259 006c 1021     		movs	r1, #16
 260 006e 2046     		mov	r0, r4
 261 0070 FFF7FEFF 		bl	HAL_GPIO_WritePin
 262              	.LVL25:
 110:Core/Src/main.c ****       HAL_GPIO_WritePin(GPIOB, GPIO_PIN_6, GPIO_PIN_RESET);
 263              		.loc 1 110 7 view .LVU53
 264 0074 0022     		movs	r2, #0
 265 0076 2021     		movs	r1, #32
 266 0078 2046     		mov	r0, r4
 267 007a FFF7FEFF 		bl	HAL_GPIO_WritePin
 268              	.LVL26:
 111:Core/Src/main.c ****       HAL_GPIO_WritePin(GPIOB, GPIO_PIN_7, GPIO_PIN_RESET);
 269              		.loc 1 111 7 view .LVU54
 270 007e 0022     		movs	r2, #0
 271 0080 4021     		movs	r1, #64
 272 0082 2046     		mov	r0, r4
 273 0084 FFF7FEFF 		bl	HAL_GPIO_WritePin
 274              	.LVL27:
 112:Core/Src/main.c ****     }
 275              		.loc 1 112 7 view .LVU55
 276 0088 0022     		movs	r2, #0
 277 008a 8021     		movs	r1, #128
 278 008c 2046     		mov	r0, r4
 279 008e FFF7FEFF 		bl	HAL_GPIO_WritePin
 280              	.LVL28:
 281              	.L20:
 138:Core/Src/main.c ****     HAL_TIM_Base_Start_IT(&htim1);
ARM GAS  C:\Users\dung\AppData\Local\Temp\ccsmPmOb.s 			page 9


 282              		.loc 1 138 5 view .LVU56
 138:Core/Src/main.c ****     HAL_TIM_Base_Start_IT(&htim1);
 283              		.loc 1 138 15 is_stmt 0 view .LVU57
 284 0092 214B     		ldr	r3, .L30+12
 285 0094 0022     		movs	r2, #0
 286 0096 5A62     		str	r2, [r3, #36]
 139:Core/Src/main.c ****   }
 287              		.loc 1 139 5 is_stmt 1 view .LVU58
 288 0098 2048     		ldr	r0, .L30+16
 289 009a FFF7FEFF 		bl	HAL_TIM_Base_Start_IT
 290              	.LVL29:
 291 009e B4E7     		b	.L17
 292              	.L28:
 117:Core/Src/main.c ****       HAL_GPIO_WritePin(GPIOB, GPIO_PIN_5, GPIO_PIN_RESET);
 293              		.loc 1 117 7 view .LVU59
 294 00a0 1C4C     		ldr	r4, .L30+8
 295 00a2 0122     		movs	r2, #1
 296 00a4 1021     		movs	r1, #16
 297 00a6 2046     		mov	r0, r4
 298 00a8 FFF7FEFF 		bl	HAL_GPIO_WritePin
 299              	.LVL30:
 118:Core/Src/main.c ****       HAL_GPIO_WritePin(GPIOB, GPIO_PIN_6, GPIO_PIN_RESET);
 300              		.loc 1 118 7 view .LVU60
 301 00ac 0022     		movs	r2, #0
 302 00ae 2021     		movs	r1, #32
 303 00b0 2046     		mov	r0, r4
 304 00b2 FFF7FEFF 		bl	HAL_GPIO_WritePin
 305              	.LVL31:
 119:Core/Src/main.c ****       HAL_GPIO_WritePin(GPIOB, GPIO_PIN_7, GPIO_PIN_RESET);
 306              		.loc 1 119 7 view .LVU61
 307 00b6 0022     		movs	r2, #0
 308 00b8 4021     		movs	r1, #64
 309 00ba 2046     		mov	r0, r4
 310 00bc FFF7FEFF 		bl	HAL_GPIO_WritePin
 311              	.LVL32:
 120:Core/Src/main.c ****     }
 312              		.loc 1 120 7 view .LVU62
 313 00c0 0022     		movs	r2, #0
 314 00c2 8021     		movs	r1, #128
 315 00c4 2046     		mov	r0, r4
 316 00c6 FFF7FEFF 		bl	HAL_GPIO_WritePin
 317              	.LVL33:
 318 00ca E2E7     		b	.L20
 319              	.L29:
 125:Core/Src/main.c ****       HAL_GPIO_WritePin(GPIOB, GPIO_PIN_5, GPIO_PIN_SET);
 320              		.loc 1 125 7 view .LVU63
 321 00cc 114C     		ldr	r4, .L30+8
 322 00ce 0122     		movs	r2, #1
 323 00d0 1021     		movs	r1, #16
 324 00d2 2046     		mov	r0, r4
 325 00d4 FFF7FEFF 		bl	HAL_GPIO_WritePin
 326              	.LVL34:
 126:Core/Src/main.c ****       HAL_GPIO_WritePin(GPIOB, GPIO_PIN_6, GPIO_PIN_RESET);
 327              		.loc 1 126 7 view .LVU64
 328 00d8 0122     		movs	r2, #1
 329 00da 2021     		movs	r1, #32
 330 00dc 2046     		mov	r0, r4
ARM GAS  C:\Users\dung\AppData\Local\Temp\ccsmPmOb.s 			page 10


 331 00de FFF7FEFF 		bl	HAL_GPIO_WritePin
 332              	.LVL35:
 127:Core/Src/main.c ****       HAL_GPIO_WritePin(GPIOB, GPIO_PIN_7, GPIO_PIN_RESET);
 333              		.loc 1 127 7 view .LVU65
 334 00e2 0022     		movs	r2, #0
 335 00e4 4021     		movs	r1, #64
 336 00e6 2046     		mov	r0, r4
 337 00e8 FFF7FEFF 		bl	HAL_GPIO_WritePin
 338              	.LVL36:
 128:Core/Src/main.c ****     }
 339              		.loc 1 128 7 view .LVU66
 340 00ec 0022     		movs	r2, #0
 341 00ee 8021     		movs	r1, #128
 342 00f0 2046     		mov	r0, r4
 343 00f2 FFF7FEFF 		bl	HAL_GPIO_WritePin
 344              	.LVL37:
 345 00f6 CCE7     		b	.L20
 346              	.LVL38:
 347              	.L26:
 143:Core/Src/main.c ****     HAL_GPIO_WritePin(MCU_BUZZER_GPIO_Port, MCU_BUZZER_Pin, GPIO_PIN_SET);
 348              		.loc 1 143 5 view .LVU67
 143:Core/Src/main.c ****     HAL_GPIO_WritePin(MCU_BUZZER_GPIO_Port, MCU_BUZZER_Pin, GPIO_PIN_SET);
 349              		.loc 1 143 13 is_stmt 0 view .LVU68
 350 00f8 0122     		movs	r2, #1
 351 00fa 094B     		ldr	r3, .L30+20
 352 00fc 1A70     		strb	r2, [r3]
 144:Core/Src/main.c ****   }
 353              		.loc 1 144 5 is_stmt 1 view .LVU69
 354 00fe 4FF40041 		mov	r1, #32768
 355 0102 0448     		ldr	r0, .L30+8
 356              	.LVL39:
 144:Core/Src/main.c ****   }
 357              		.loc 1 144 5 is_stmt 0 view .LVU70
 358 0104 FFF7FEFF 		bl	HAL_GPIO_WritePin
 359              	.LVL40:
 360              		.loc 1 146 1 view .LVU71
 361 0108 7FE7     		b	.L17
 362              	.L31:
 363 010a 00BF     		.align	2
 364              	.L30:
 365 010c 00000000 		.word	hadc1
 366 0110 00000000 		.word	.LANCHOR0
 367 0114 000C0140 		.word	1073810432
 368 0118 002C0140 		.word	1073818624
 369 011c 00000000 		.word	htim1
 370 0120 00000000 		.word	.LANCHOR1
 371              		.cfi_endproc
 372              	.LFE70:
 374              		.section	.text.Error_Handler,"ax",%progbits
 375              		.align	1
 376              		.global	Error_Handler
 377              		.syntax unified
 378              		.thumb
 379              		.thumb_func
 381              	Error_Handler:
 382              	.LFB73:
 147:Core/Src/main.c **** 
ARM GAS  C:\Users\dung\AppData\Local\Temp\ccsmPmOb.s 			page 11


 148:Core/Src/main.c **** /* USER CODE END 0 */
 149:Core/Src/main.c **** 
 150:Core/Src/main.c **** /**
 151:Core/Src/main.c ****   * @brief  The application entry point.
 152:Core/Src/main.c ****   * @retval int
 153:Core/Src/main.c ****   */
 154:Core/Src/main.c **** int main(void)
 155:Core/Src/main.c **** {
 156:Core/Src/main.c ****   /* USER CODE BEGIN 1 */
 157:Core/Src/main.c ****   uint32_t timeStart = 0;
 158:Core/Src/main.c ****   uint32_t timeCurrent = 0;
 159:Core/Src/main.c **** 
 160:Core/Src/main.c ****   // Test GPS Tracking
 161:Core/Src/main.c ****   // char GPSTest[4000] = {0};
 162:Core/Src/main.c ****   // int GPSTestIndex = 0;
 163:Core/Src/main.c ****   // int len = 0;
 164:Core/Src/main.c ****   /* USER CODE END 1 */
 165:Core/Src/main.c **** 
 166:Core/Src/main.c ****   /* MCU Configuration--------------------------------------------------------*/
 167:Core/Src/main.c **** 
 168:Core/Src/main.c ****   /* Reset of all peripherals, Initializes the Flash interface and the Systick. */
 169:Core/Src/main.c ****   HAL_Init();
 170:Core/Src/main.c **** 
 171:Core/Src/main.c ****   /* USER CODE BEGIN Init */
 172:Core/Src/main.c **** 
 173:Core/Src/main.c ****   /* USER CODE END Init */
 174:Core/Src/main.c **** 
 175:Core/Src/main.c ****   /* Configure the system clock */
 176:Core/Src/main.c ****   SystemClock_Config();
 177:Core/Src/main.c **** 
 178:Core/Src/main.c ****   /* USER CODE BEGIN SysInit */
 179:Core/Src/main.c **** 
 180:Core/Src/main.c ****   /* USER CODE END SysInit */
 181:Core/Src/main.c **** 
 182:Core/Src/main.c ****   /* Initialize all configured peripherals */
 183:Core/Src/main.c ****   MX_GPIO_Init();
 184:Core/Src/main.c ****   MX_ADC1_Init();
 185:Core/Src/main.c ****   MX_USART2_UART_Init();
 186:Core/Src/main.c ****   MX_USART3_UART_Init();
 187:Core/Src/main.c ****   MX_USART1_UART_Init();
 188:Core/Src/main.c ****   MX_TIM2_Init();
 189:Core/Src/main.c ****   MX_TIM1_Init();
 190:Core/Src/main.c ****   /* USER CODE BEGIN 2 */
 191:Core/Src/main.c ****   HAL_ADC_Start(&hadc1);
 192:Core/Src/main.c ****   timeStart = HAL_GetTick();
 193:Core/Src/main.c ****   while(HAL_GPIO_ReadPin(GSM_STATUS_GPIO_Port, GSM_STATUS_Pin) == GPIO_PIN_RESET)
 194:Core/Src/main.c ****   {
 195:Core/Src/main.c ****     HAL_GPIO_WritePin(GSM_PWRKEY_GPIO_Port, GSM_PWRKEY_Pin, SET);
 196:Core/Src/main.c ****     HAL_Delay(1000);
 197:Core/Src/main.c ****   }
 198:Core/Src/main.c ****   sim800c_init();
 199:Core/Src/main.c ****   HAL_Delay(100);
 200:Core/Src/main.c ****   l70_init();
 201:Core/Src/main.c ****   HAL_Delay(100);
 202:Core/Src/main.c ****   // do
 203:Core/Src/main.c ****   // {
 204:Core/Src/main.c ****   //   GPSResponse = l70_receiveGPS();
ARM GAS  C:\Users\dung\AppData\Local\Temp\ccsmPmOb.s 			page 12


 205:Core/Src/main.c ****   //   l70_handleGPS(latData, longData, GPSResponse);
 206:Core/Src/main.c ****   //   sprintf(simMessage, "https://www.google.com/maps/search/?api=1&query=%s,%s\n", latData, long
 207:Core/Src/main.c ****   //   HAL_UART_Transmit(&huart1, (uint8_t*)simMessage, 100, 200);
 208:Core/Src/main.c ****   //   HAL_Delay(5000);
 209:Core/Src/main.c ****   // } while (((strstr(latData, ".000000") != NULL) && (strstr(longData, ".000000") != NULL)));
 210:Core/Src/main.c **** 
 211:Core/Src/main.c ****   /* USER CODE END 2 */
 212:Core/Src/main.c **** 
 213:Core/Src/main.c ****   /* Infinite loop */
 214:Core/Src/main.c ****   /* USER CODE BEGIN WHILE */
 215:Core/Src/main.c ****   while(1)
 216:Core/Src/main.c ****   {
 217:Core/Src/main.c ****     /* USER CODE END WHILE */
 218:Core/Src/main.c **** 
 219:Core/Src/main.c ****     /* USER CODE BEGIN 3 */
 220:Core/Src/main.c ****     // if(SOSFlag == true)
 221:Core/Src/main.c ****     // {
 222:Core/Src/main.c ****     //   HAL_GPIO_WritePin(MCU_BUZZER_GPIO_Port, MCU_BUZZER_Pin, SET);
 223:Core/Src/main.c ****     //   timeCurrent = HAL_GetTick();
 224:Core/Src/main.c ****     //   if(timeCurrent - timeStart > 3000)
 225:Core/Src/main.c ****     //   {
 226:Core/Src/main.c ****     //     timeStart = timeCurrent;
 227:Core/Src/main.c ****     //     HAL_UART_Transmit(&huart1, (uint8_t*)"Bat dau gui tin nhan\r\n", strlen("Bat dau gui tin
 228:Core/Src/main.c ****     //     GPSResponse = l70_receiveGPS();
 229:Core/Src/main.c ****     //     HAL_GPIO_WritePin(MCU_BUZZER_GPIO_Port, MCU_BUZZER_Pin, RESET); 
 230:Core/Src/main.c ****     //     l70_handleGPS(latData, longData, GPSResponse);
 231:Core/Src/main.c ****     //     sprintf(simMessage, "https://www.google.com/maps/search/?api=1&query=%s,%s\n", latData, 
 232:Core/Src/main.c ****     //     sim800c_sendSMS(latData, longData, simNumber, simMessage);
 233:Core/Src/main.c ****     //     memset(simMessage, '\0', sizeof(simMessage));
 234:Core/Src/main.c ****     //     SOSFlag = false;
 235:Core/Src/main.c ****     //   }
 236:Core/Src/main.c ****     //   else
 237:Core/Src/main.c ****     //   {
 238:Core/Src/main.c ****     //     HAL_UART_Transmit(&huart1, (uint8_t*)"Doi mot luc\r\n", strlen("Doi mot luc\r\n"), 100);
 239:Core/Src/main.c ****     //     SOSFlag = false;
 240:Core/Src/main.c ****     //     HAL_GPIO_WritePin(MCU_BUZZER_GPIO_Port, MCU_BUZZER_Pin, RESET); 
 241:Core/Src/main.c ****     //   }
 242:Core/Src/main.c ****     // }
 243:Core/Src/main.c ****     if(timeStart == 0)
 244:Core/Src/main.c ****     {
 245:Core/Src/main.c ****       HAL_UART_Transmit_IT(&huart2, (uint8_t*)"AT+HTTPINIT\r\n", strlen("AT+HTTPINIT\r\n"));
 246:Core/Src/main.c ****     }
 247:Core/Src/main.c ****     if(HAL_GetTick() - timeStart > 10000)
 248:Core/Src/main.c ****     {
 249:Core/Src/main.c ****       HAL_GPIO_WritePin(MCU_BUZZER_GPIO_Port, MCU_BUZZER_Pin, SET);
 250:Core/Src/main.c ****       timeStart = HAL_GetTick();
 251:Core/Src/main.c ****       GPSResponse = l70_receiveGPS();
 252:Core/Src/main.c ****       HAL_GPIO_WritePin(MCU_BUZZER_GPIO_Port, MCU_BUZZER_Pin, RESET);
 253:Core/Src/main.c ****       l70_handleGPS(latData, longData, GPSResponse);
 254:Core/Src/main.c ****       sprintf(simMessage, "AT+HTTPPARA=URL,\"http://demo2.traccar.org:5055/?id=gps2001&lat=%s&lon=%
 255:Core/Src/main.c ****       HAL_UART_Transmit_IT(&huart2, (uint8_t*)simMessage, strlen(simMessage));
 256:Core/Src/main.c ****       HAL_Delay(3000);
 257:Core/Src/main.c ****       HAL_UART_Transmit_IT(&huart2, (uint8_t*)"AT+HTTPACTION=1\r\n", strlen("AT+HTTPACTION=1\r\n"))
 258:Core/Src/main.c ****       HAL_Delay(4000);
 259:Core/Src/main.c ****       
 260:Core/Src/main.c ****     }
 261:Core/Src/main.c **** 
ARM GAS  C:\Users\dung\AppData\Local\Temp\ccsmPmOb.s 			page 13


 262:Core/Src/main.c ****     // Test GPS Tracking
 263:Core/Src/main.c ****     // timeCurrent = HAL_GetTick();
 264:Core/Src/main.c ****     // if(timeCurrent - timeStart > 5000)
 265:Core/Src/main.c ****     // {
 266:Core/Src/main.c ****     //   HAL_GPIO_WritePin(MCU_BUZZER_GPIO_Port, MCU_BUZZER_Pin, SET); 
 267:Core/Src/main.c ****     //   timeStart = timeCurrent;
 268:Core/Src/main.c ****     //   GPSResponse = l70_receiveGPS();
 269:Core/Src/main.c ****     //   l70_handleGPS(latData, longData, GPSResponse);
 270:Core/Src/main.c ****     //   sprintf(simMessage, "{ lat: %s, lng: %s },\n", latData, longData);
 271:Core/Src/main.c ****     //   len = strlen(simMessage);
 272:Core/Src/main.c ****     //   memcpy(GPSTest + len * GPSTestIndex, simMessage, len);
 273:Core/Src/main.c ****     //   GPSTestIndex++;
 274:Core/Src/main.c ****     //   if(GPSTestIndex == 10)
 275:Core/Src/main.c ****     //   {
 276:Core/Src/main.c ****     //     sim800c_sendSMS(latData, longData, simNumber, GPSTest);
 277:Core/Src/main.c ****     //     GPSTestIndex = 0;
 278:Core/Src/main.c ****     //   }
 279:Core/Src/main.c ****     // }
 280:Core/Src/main.c ****     // HAL_GPIO_WritePin(MCU_BUZZER_GPIO_Port, MCU_BUZZER_Pin, RESET); 
 281:Core/Src/main.c **** 
 282:Core/Src/main.c ****     
 283:Core/Src/main.c ****   }
 284:Core/Src/main.c ****   /* USER CODE END 3 */
 285:Core/Src/main.c **** }
 286:Core/Src/main.c **** 
 287:Core/Src/main.c **** /**
 288:Core/Src/main.c ****   * @brief System Clock Configuration
 289:Core/Src/main.c ****   * @retval None
 290:Core/Src/main.c ****   */
 291:Core/Src/main.c **** void SystemClock_Config(void)
 292:Core/Src/main.c **** {
 293:Core/Src/main.c ****   RCC_OscInitTypeDef RCC_OscInitStruct = {0};
 294:Core/Src/main.c ****   RCC_ClkInitTypeDef RCC_ClkInitStruct = {0};
 295:Core/Src/main.c ****   RCC_PeriphCLKInitTypeDef PeriphClkInit = {0};
 296:Core/Src/main.c **** 
 297:Core/Src/main.c ****   /** Initializes the RCC Oscillators according to the specified parameters
 298:Core/Src/main.c ****   * in the RCC_OscInitTypeDef structure.
 299:Core/Src/main.c ****   */
 300:Core/Src/main.c ****   RCC_OscInitStruct.OscillatorType = RCC_OSCILLATORTYPE_HSE;
 301:Core/Src/main.c ****   RCC_OscInitStruct.HSEState = RCC_HSE_ON;
 302:Core/Src/main.c ****   RCC_OscInitStruct.HSEPredivValue = RCC_HSE_PREDIV_DIV1;
 303:Core/Src/main.c ****   RCC_OscInitStruct.HSIState = RCC_HSI_ON;
 304:Core/Src/main.c ****   RCC_OscInitStruct.PLL.PLLState = RCC_PLL_ON;
 305:Core/Src/main.c ****   RCC_OscInitStruct.PLL.PLLSource = RCC_PLLSOURCE_HSE;
 306:Core/Src/main.c ****   RCC_OscInitStruct.PLL.PLLMUL = RCC_PLL_MUL9;
 307:Core/Src/main.c ****   if (HAL_RCC_OscConfig(&RCC_OscInitStruct) != HAL_OK)
 308:Core/Src/main.c ****   {
 309:Core/Src/main.c ****     Error_Handler();
 310:Core/Src/main.c ****   }
 311:Core/Src/main.c ****   /** Initializes the CPU, AHB and APB buses clocks
 312:Core/Src/main.c ****   */
 313:Core/Src/main.c ****   RCC_ClkInitStruct.ClockType = RCC_CLOCKTYPE_HCLK|RCC_CLOCKTYPE_SYSCLK
 314:Core/Src/main.c ****                               |RCC_CLOCKTYPE_PCLK1|RCC_CLOCKTYPE_PCLK2;
 315:Core/Src/main.c ****   RCC_ClkInitStruct.SYSCLKSource = RCC_SYSCLKSOURCE_PLLCLK;
 316:Core/Src/main.c ****   RCC_ClkInitStruct.AHBCLKDivider = RCC_SYSCLK_DIV1;
 317:Core/Src/main.c ****   RCC_ClkInitStruct.APB1CLKDivider = RCC_HCLK_DIV2;
 318:Core/Src/main.c ****   RCC_ClkInitStruct.APB2CLKDivider = RCC_HCLK_DIV1;
ARM GAS  C:\Users\dung\AppData\Local\Temp\ccsmPmOb.s 			page 14


 319:Core/Src/main.c **** 
 320:Core/Src/main.c ****   if (HAL_RCC_ClockConfig(&RCC_ClkInitStruct, FLASH_LATENCY_2) != HAL_OK)
 321:Core/Src/main.c ****   {
 322:Core/Src/main.c ****     Error_Handler();
 323:Core/Src/main.c ****   }
 324:Core/Src/main.c ****   PeriphClkInit.PeriphClockSelection = RCC_PERIPHCLK_ADC;
 325:Core/Src/main.c ****   PeriphClkInit.AdcClockSelection = RCC_ADCPCLK2_DIV6;
 326:Core/Src/main.c ****   if (HAL_RCCEx_PeriphCLKConfig(&PeriphClkInit) != HAL_OK)
 327:Core/Src/main.c ****   {
 328:Core/Src/main.c ****     Error_Handler();
 329:Core/Src/main.c ****   }
 330:Core/Src/main.c **** }
 331:Core/Src/main.c **** 
 332:Core/Src/main.c **** /* USER CODE BEGIN 4 */
 333:Core/Src/main.c **** 
 334:Core/Src/main.c **** /* USER CODE END 4 */
 335:Core/Src/main.c **** 
 336:Core/Src/main.c **** /**
 337:Core/Src/main.c ****   * @brief  This function is executed in case of error occurrence.
 338:Core/Src/main.c ****   * @retval None
 339:Core/Src/main.c ****   */
 340:Core/Src/main.c **** void Error_Handler(void)
 341:Core/Src/main.c **** {
 383              		.loc 1 341 1 is_stmt 1 view -0
 384              		.cfi_startproc
 385              		@ Volatile: function does not return.
 386              		@ args = 0, pretend = 0, frame = 0
 387              		@ frame_needed = 0, uses_anonymous_args = 0
 388              		@ link register save eliminated.
 342:Core/Src/main.c ****   /* USER CODE BEGIN Error_Handler_Debug */
 343:Core/Src/main.c ****   /* User can add his own implementation to report the HAL error return state */
 344:Core/Src/main.c ****   __disable_irq();
 389              		.loc 1 344 3 view .LVU73
 390              	.LBB4:
 391              	.LBI4:
 392              		.file 2 "Drivers/CMSIS/Include/cmsis_gcc.h"
   1:Drivers/CMSIS/Include/cmsis_gcc.h **** /**************************************************************************//**
   2:Drivers/CMSIS/Include/cmsis_gcc.h ****  * @file     cmsis_gcc.h
   3:Drivers/CMSIS/Include/cmsis_gcc.h ****  * @brief    CMSIS compiler GCC header file
   4:Drivers/CMSIS/Include/cmsis_gcc.h ****  * @version  V5.0.4
   5:Drivers/CMSIS/Include/cmsis_gcc.h ****  * @date     09. April 2018
   6:Drivers/CMSIS/Include/cmsis_gcc.h ****  ******************************************************************************/
   7:Drivers/CMSIS/Include/cmsis_gcc.h **** /*
   8:Drivers/CMSIS/Include/cmsis_gcc.h ****  * Copyright (c) 2009-2018 Arm Limited. All rights reserved.
   9:Drivers/CMSIS/Include/cmsis_gcc.h ****  *
  10:Drivers/CMSIS/Include/cmsis_gcc.h ****  * SPDX-License-Identifier: Apache-2.0
  11:Drivers/CMSIS/Include/cmsis_gcc.h ****  *
  12:Drivers/CMSIS/Include/cmsis_gcc.h ****  * Licensed under the Apache License, Version 2.0 (the License); you may
  13:Drivers/CMSIS/Include/cmsis_gcc.h ****  * not use this file except in compliance with the License.
  14:Drivers/CMSIS/Include/cmsis_gcc.h ****  * You may obtain a copy of the License at
  15:Drivers/CMSIS/Include/cmsis_gcc.h ****  *
  16:Drivers/CMSIS/Include/cmsis_gcc.h ****  * www.apache.org/licenses/LICENSE-2.0
  17:Drivers/CMSIS/Include/cmsis_gcc.h ****  *
  18:Drivers/CMSIS/Include/cmsis_gcc.h ****  * Unless required by applicable law or agreed to in writing, software
  19:Drivers/CMSIS/Include/cmsis_gcc.h ****  * distributed under the License is distributed on an AS IS BASIS, WITHOUT
  20:Drivers/CMSIS/Include/cmsis_gcc.h ****  * WARRANTIES OR CONDITIONS OF ANY KIND, either express or implied.
  21:Drivers/CMSIS/Include/cmsis_gcc.h ****  * See the License for the specific language governing permissions and
ARM GAS  C:\Users\dung\AppData\Local\Temp\ccsmPmOb.s 			page 15


  22:Drivers/CMSIS/Include/cmsis_gcc.h ****  * limitations under the License.
  23:Drivers/CMSIS/Include/cmsis_gcc.h ****  */
  24:Drivers/CMSIS/Include/cmsis_gcc.h **** 
  25:Drivers/CMSIS/Include/cmsis_gcc.h **** #ifndef __CMSIS_GCC_H
  26:Drivers/CMSIS/Include/cmsis_gcc.h **** #define __CMSIS_GCC_H
  27:Drivers/CMSIS/Include/cmsis_gcc.h **** 
  28:Drivers/CMSIS/Include/cmsis_gcc.h **** /* ignore some GCC warnings */
  29:Drivers/CMSIS/Include/cmsis_gcc.h **** #pragma GCC diagnostic push
  30:Drivers/CMSIS/Include/cmsis_gcc.h **** #pragma GCC diagnostic ignored "-Wsign-conversion"
  31:Drivers/CMSIS/Include/cmsis_gcc.h **** #pragma GCC diagnostic ignored "-Wconversion"
  32:Drivers/CMSIS/Include/cmsis_gcc.h **** #pragma GCC diagnostic ignored "-Wunused-parameter"
  33:Drivers/CMSIS/Include/cmsis_gcc.h **** 
  34:Drivers/CMSIS/Include/cmsis_gcc.h **** /* Fallback for __has_builtin */
  35:Drivers/CMSIS/Include/cmsis_gcc.h **** #ifndef __has_builtin
  36:Drivers/CMSIS/Include/cmsis_gcc.h ****   #define __has_builtin(x) (0)
  37:Drivers/CMSIS/Include/cmsis_gcc.h **** #endif
  38:Drivers/CMSIS/Include/cmsis_gcc.h **** 
  39:Drivers/CMSIS/Include/cmsis_gcc.h **** /* CMSIS compiler specific defines */
  40:Drivers/CMSIS/Include/cmsis_gcc.h **** #ifndef   __ASM
  41:Drivers/CMSIS/Include/cmsis_gcc.h ****   #define __ASM                                  __asm
  42:Drivers/CMSIS/Include/cmsis_gcc.h **** #endif
  43:Drivers/CMSIS/Include/cmsis_gcc.h **** #ifndef   __INLINE
  44:Drivers/CMSIS/Include/cmsis_gcc.h ****   #define __INLINE                               inline
  45:Drivers/CMSIS/Include/cmsis_gcc.h **** #endif
  46:Drivers/CMSIS/Include/cmsis_gcc.h **** #ifndef   __STATIC_INLINE
  47:Drivers/CMSIS/Include/cmsis_gcc.h ****   #define __STATIC_INLINE                        static inline
  48:Drivers/CMSIS/Include/cmsis_gcc.h **** #endif
  49:Drivers/CMSIS/Include/cmsis_gcc.h **** #ifndef   __STATIC_FORCEINLINE                 
  50:Drivers/CMSIS/Include/cmsis_gcc.h ****   #define __STATIC_FORCEINLINE                   __attribute__((always_inline)) static inline
  51:Drivers/CMSIS/Include/cmsis_gcc.h **** #endif                                           
  52:Drivers/CMSIS/Include/cmsis_gcc.h **** #ifndef   __NO_RETURN
  53:Drivers/CMSIS/Include/cmsis_gcc.h ****   #define __NO_RETURN                            __attribute__((__noreturn__))
  54:Drivers/CMSIS/Include/cmsis_gcc.h **** #endif
  55:Drivers/CMSIS/Include/cmsis_gcc.h **** #ifndef   __USED
  56:Drivers/CMSIS/Include/cmsis_gcc.h ****   #define __USED                                 __attribute__((used))
  57:Drivers/CMSIS/Include/cmsis_gcc.h **** #endif
  58:Drivers/CMSIS/Include/cmsis_gcc.h **** #ifndef   __WEAK
  59:Drivers/CMSIS/Include/cmsis_gcc.h ****   #define __WEAK                                 __attribute__((weak))
  60:Drivers/CMSIS/Include/cmsis_gcc.h **** #endif
  61:Drivers/CMSIS/Include/cmsis_gcc.h **** #ifndef   __PACKED
  62:Drivers/CMSIS/Include/cmsis_gcc.h ****   #define __PACKED                               __attribute__((packed, aligned(1)))
  63:Drivers/CMSIS/Include/cmsis_gcc.h **** #endif
  64:Drivers/CMSIS/Include/cmsis_gcc.h **** #ifndef   __PACKED_STRUCT
  65:Drivers/CMSIS/Include/cmsis_gcc.h ****   #define __PACKED_STRUCT                        struct __attribute__((packed, aligned(1)))
  66:Drivers/CMSIS/Include/cmsis_gcc.h **** #endif
  67:Drivers/CMSIS/Include/cmsis_gcc.h **** #ifndef   __PACKED_UNION
  68:Drivers/CMSIS/Include/cmsis_gcc.h ****   #define __PACKED_UNION                         union __attribute__((packed, aligned(1)))
  69:Drivers/CMSIS/Include/cmsis_gcc.h **** #endif
  70:Drivers/CMSIS/Include/cmsis_gcc.h **** #ifndef   __UNALIGNED_UINT32        /* deprecated */
  71:Drivers/CMSIS/Include/cmsis_gcc.h ****   #pragma GCC diagnostic push
  72:Drivers/CMSIS/Include/cmsis_gcc.h ****   #pragma GCC diagnostic ignored "-Wpacked"
  73:Drivers/CMSIS/Include/cmsis_gcc.h ****   #pragma GCC diagnostic ignored "-Wattributes"
  74:Drivers/CMSIS/Include/cmsis_gcc.h ****   struct __attribute__((packed)) T_UINT32 { uint32_t v; };
  75:Drivers/CMSIS/Include/cmsis_gcc.h ****   #pragma GCC diagnostic pop
  76:Drivers/CMSIS/Include/cmsis_gcc.h ****   #define __UNALIGNED_UINT32(x)                  (((struct T_UINT32 *)(x))->v)
  77:Drivers/CMSIS/Include/cmsis_gcc.h **** #endif
  78:Drivers/CMSIS/Include/cmsis_gcc.h **** #ifndef   __UNALIGNED_UINT16_WRITE
ARM GAS  C:\Users\dung\AppData\Local\Temp\ccsmPmOb.s 			page 16


  79:Drivers/CMSIS/Include/cmsis_gcc.h ****   #pragma GCC diagnostic push
  80:Drivers/CMSIS/Include/cmsis_gcc.h ****   #pragma GCC diagnostic ignored "-Wpacked"
  81:Drivers/CMSIS/Include/cmsis_gcc.h ****   #pragma GCC diagnostic ignored "-Wattributes"
  82:Drivers/CMSIS/Include/cmsis_gcc.h ****   __PACKED_STRUCT T_UINT16_WRITE { uint16_t v; };
  83:Drivers/CMSIS/Include/cmsis_gcc.h ****   #pragma GCC diagnostic pop
  84:Drivers/CMSIS/Include/cmsis_gcc.h ****   #define __UNALIGNED_UINT16_WRITE(addr, val)    (void)((((struct T_UINT16_WRITE *)(void *)(addr))-
  85:Drivers/CMSIS/Include/cmsis_gcc.h **** #endif
  86:Drivers/CMSIS/Include/cmsis_gcc.h **** #ifndef   __UNALIGNED_UINT16_READ
  87:Drivers/CMSIS/Include/cmsis_gcc.h ****   #pragma GCC diagnostic push
  88:Drivers/CMSIS/Include/cmsis_gcc.h ****   #pragma GCC diagnostic ignored "-Wpacked"
  89:Drivers/CMSIS/Include/cmsis_gcc.h ****   #pragma GCC diagnostic ignored "-Wattributes"
  90:Drivers/CMSIS/Include/cmsis_gcc.h ****   __PACKED_STRUCT T_UINT16_READ { uint16_t v; };
  91:Drivers/CMSIS/Include/cmsis_gcc.h ****   #pragma GCC diagnostic pop
  92:Drivers/CMSIS/Include/cmsis_gcc.h ****   #define __UNALIGNED_UINT16_READ(addr)          (((const struct T_UINT16_READ *)(const void *)(add
  93:Drivers/CMSIS/Include/cmsis_gcc.h **** #endif
  94:Drivers/CMSIS/Include/cmsis_gcc.h **** #ifndef   __UNALIGNED_UINT32_WRITE
  95:Drivers/CMSIS/Include/cmsis_gcc.h ****   #pragma GCC diagnostic push
  96:Drivers/CMSIS/Include/cmsis_gcc.h ****   #pragma GCC diagnostic ignored "-Wpacked"
  97:Drivers/CMSIS/Include/cmsis_gcc.h ****   #pragma GCC diagnostic ignored "-Wattributes"
  98:Drivers/CMSIS/Include/cmsis_gcc.h ****   __PACKED_STRUCT T_UINT32_WRITE { uint32_t v; };
  99:Drivers/CMSIS/Include/cmsis_gcc.h ****   #pragma GCC diagnostic pop
 100:Drivers/CMSIS/Include/cmsis_gcc.h ****   #define __UNALIGNED_UINT32_WRITE(addr, val)    (void)((((struct T_UINT32_WRITE *)(void *)(addr))-
 101:Drivers/CMSIS/Include/cmsis_gcc.h **** #endif
 102:Drivers/CMSIS/Include/cmsis_gcc.h **** #ifndef   __UNALIGNED_UINT32_READ
 103:Drivers/CMSIS/Include/cmsis_gcc.h ****   #pragma GCC diagnostic push
 104:Drivers/CMSIS/Include/cmsis_gcc.h ****   #pragma GCC diagnostic ignored "-Wpacked"
 105:Drivers/CMSIS/Include/cmsis_gcc.h ****   #pragma GCC diagnostic ignored "-Wattributes"
 106:Drivers/CMSIS/Include/cmsis_gcc.h ****   __PACKED_STRUCT T_UINT32_READ { uint32_t v; };
 107:Drivers/CMSIS/Include/cmsis_gcc.h ****   #pragma GCC diagnostic pop
 108:Drivers/CMSIS/Include/cmsis_gcc.h ****   #define __UNALIGNED_UINT32_READ(addr)          (((const struct T_UINT32_READ *)(const void *)(add
 109:Drivers/CMSIS/Include/cmsis_gcc.h **** #endif
 110:Drivers/CMSIS/Include/cmsis_gcc.h **** #ifndef   __ALIGNED
 111:Drivers/CMSIS/Include/cmsis_gcc.h ****   #define __ALIGNED(x)                           __attribute__((aligned(x)))
 112:Drivers/CMSIS/Include/cmsis_gcc.h **** #endif
 113:Drivers/CMSIS/Include/cmsis_gcc.h **** #ifndef   __RESTRICT
 114:Drivers/CMSIS/Include/cmsis_gcc.h ****   #define __RESTRICT                             __restrict
 115:Drivers/CMSIS/Include/cmsis_gcc.h **** #endif
 116:Drivers/CMSIS/Include/cmsis_gcc.h **** 
 117:Drivers/CMSIS/Include/cmsis_gcc.h **** 
 118:Drivers/CMSIS/Include/cmsis_gcc.h **** /* ###########################  Core Function Access  ########################### */
 119:Drivers/CMSIS/Include/cmsis_gcc.h **** /** \ingroup  CMSIS_Core_FunctionInterface
 120:Drivers/CMSIS/Include/cmsis_gcc.h ****     \defgroup CMSIS_Core_RegAccFunctions CMSIS Core Register Access Functions
 121:Drivers/CMSIS/Include/cmsis_gcc.h ****   @{
 122:Drivers/CMSIS/Include/cmsis_gcc.h ****  */
 123:Drivers/CMSIS/Include/cmsis_gcc.h **** 
 124:Drivers/CMSIS/Include/cmsis_gcc.h **** /**
 125:Drivers/CMSIS/Include/cmsis_gcc.h ****   \brief   Enable IRQ Interrupts
 126:Drivers/CMSIS/Include/cmsis_gcc.h ****   \details Enables IRQ interrupts by clearing the I-bit in the CPSR.
 127:Drivers/CMSIS/Include/cmsis_gcc.h ****            Can only be executed in Privileged modes.
 128:Drivers/CMSIS/Include/cmsis_gcc.h ****  */
 129:Drivers/CMSIS/Include/cmsis_gcc.h **** __STATIC_FORCEINLINE void __enable_irq(void)
 130:Drivers/CMSIS/Include/cmsis_gcc.h **** {
 131:Drivers/CMSIS/Include/cmsis_gcc.h ****   __ASM volatile ("cpsie i" : : : "memory");
 132:Drivers/CMSIS/Include/cmsis_gcc.h **** }
 133:Drivers/CMSIS/Include/cmsis_gcc.h **** 
 134:Drivers/CMSIS/Include/cmsis_gcc.h **** 
 135:Drivers/CMSIS/Include/cmsis_gcc.h **** /**
ARM GAS  C:\Users\dung\AppData\Local\Temp\ccsmPmOb.s 			page 17


 136:Drivers/CMSIS/Include/cmsis_gcc.h ****   \brief   Disable IRQ Interrupts
 137:Drivers/CMSIS/Include/cmsis_gcc.h ****   \details Disables IRQ interrupts by setting the I-bit in the CPSR.
 138:Drivers/CMSIS/Include/cmsis_gcc.h ****            Can only be executed in Privileged modes.
 139:Drivers/CMSIS/Include/cmsis_gcc.h ****  */
 140:Drivers/CMSIS/Include/cmsis_gcc.h **** __STATIC_FORCEINLINE void __disable_irq(void)
 393              		.loc 2 140 27 view .LVU74
 394              	.LBB5:
 141:Drivers/CMSIS/Include/cmsis_gcc.h **** {
 142:Drivers/CMSIS/Include/cmsis_gcc.h ****   __ASM volatile ("cpsid i" : : : "memory");
 395              		.loc 2 142 3 view .LVU75
 396              		.syntax unified
 397              	@ 142 "Drivers/CMSIS/Include/cmsis_gcc.h" 1
 398 0000 72B6     		cpsid i
 399              	@ 0 "" 2
 400              		.thumb
 401              		.syntax unified
 402              	.L33:
 403              	.LBE5:
 404              	.LBE4:
 345:Core/Src/main.c ****   while (1)
 405              		.loc 1 345 3 discriminator 1 view .LVU76
 346:Core/Src/main.c ****   {
 347:Core/Src/main.c ****   }
 406              		.loc 1 347 3 discriminator 1 view .LVU77
 345:Core/Src/main.c ****   while (1)
 407              		.loc 1 345 9 discriminator 1 view .LVU78
 408 0002 FEE7     		b	.L33
 409              		.cfi_endproc
 410              	.LFE73:
 412              		.section	.text.SystemClock_Config,"ax",%progbits
 413              		.align	1
 414              		.global	SystemClock_Config
 415              		.syntax unified
 416              		.thumb
 417              		.thumb_func
 419              	SystemClock_Config:
 420              	.LFB72:
 292:Core/Src/main.c ****   RCC_OscInitTypeDef RCC_OscInitStruct = {0};
 421              		.loc 1 292 1 view -0
 422              		.cfi_startproc
 423              		@ args = 0, pretend = 0, frame = 80
 424              		@ frame_needed = 0, uses_anonymous_args = 0
 425 0000 00B5     		push	{lr}
 426              	.LCFI3:
 427              		.cfi_def_cfa_offset 4
 428              		.cfi_offset 14, -4
 429 0002 95B0     		sub	sp, sp, #84
 430              	.LCFI4:
 431              		.cfi_def_cfa_offset 88
 293:Core/Src/main.c ****   RCC_ClkInitTypeDef RCC_ClkInitStruct = {0};
 432              		.loc 1 293 3 view .LVU80
 293:Core/Src/main.c ****   RCC_ClkInitTypeDef RCC_ClkInitStruct = {0};
 433              		.loc 1 293 22 is_stmt 0 view .LVU81
 434 0004 2822     		movs	r2, #40
 435 0006 0021     		movs	r1, #0
 436 0008 0DEB0200 		add	r0, sp, r2
 437 000c FFF7FEFF 		bl	memset
ARM GAS  C:\Users\dung\AppData\Local\Temp\ccsmPmOb.s 			page 18


 438              	.LVL41:
 294:Core/Src/main.c ****   RCC_PeriphCLKInitTypeDef PeriphClkInit = {0};
 439              		.loc 1 294 3 is_stmt 1 view .LVU82
 294:Core/Src/main.c ****   RCC_PeriphCLKInitTypeDef PeriphClkInit = {0};
 440              		.loc 1 294 22 is_stmt 0 view .LVU83
 441 0010 0023     		movs	r3, #0
 442 0012 0593     		str	r3, [sp, #20]
 443 0014 0693     		str	r3, [sp, #24]
 444 0016 0793     		str	r3, [sp, #28]
 445 0018 0893     		str	r3, [sp, #32]
 446 001a 0993     		str	r3, [sp, #36]
 295:Core/Src/main.c **** 
 447              		.loc 1 295 3 is_stmt 1 view .LVU84
 295:Core/Src/main.c **** 
 448              		.loc 1 295 28 is_stmt 0 view .LVU85
 449 001c 0193     		str	r3, [sp, #4]
 450 001e 0293     		str	r3, [sp, #8]
 451 0020 0393     		str	r3, [sp, #12]
 452 0022 0493     		str	r3, [sp, #16]
 300:Core/Src/main.c ****   RCC_OscInitStruct.HSEState = RCC_HSE_ON;
 453              		.loc 1 300 3 is_stmt 1 view .LVU86
 300:Core/Src/main.c ****   RCC_OscInitStruct.HSEState = RCC_HSE_ON;
 454              		.loc 1 300 36 is_stmt 0 view .LVU87
 455 0024 0122     		movs	r2, #1
 456 0026 0A92     		str	r2, [sp, #40]
 301:Core/Src/main.c ****   RCC_OscInitStruct.HSEPredivValue = RCC_HSE_PREDIV_DIV1;
 457              		.loc 1 301 3 is_stmt 1 view .LVU88
 301:Core/Src/main.c ****   RCC_OscInitStruct.HSEPredivValue = RCC_HSE_PREDIV_DIV1;
 458              		.loc 1 301 30 is_stmt 0 view .LVU89
 459 0028 4FF48033 		mov	r3, #65536
 460 002c 0B93     		str	r3, [sp, #44]
 302:Core/Src/main.c ****   RCC_OscInitStruct.HSIState = RCC_HSI_ON;
 461              		.loc 1 302 3 is_stmt 1 view .LVU90
 303:Core/Src/main.c ****   RCC_OscInitStruct.PLL.PLLState = RCC_PLL_ON;
 462              		.loc 1 303 3 view .LVU91
 303:Core/Src/main.c ****   RCC_OscInitStruct.PLL.PLLState = RCC_PLL_ON;
 463              		.loc 1 303 30 is_stmt 0 view .LVU92
 464 002e 0E92     		str	r2, [sp, #56]
 304:Core/Src/main.c ****   RCC_OscInitStruct.PLL.PLLSource = RCC_PLLSOURCE_HSE;
 465              		.loc 1 304 3 is_stmt 1 view .LVU93
 304:Core/Src/main.c ****   RCC_OscInitStruct.PLL.PLLSource = RCC_PLLSOURCE_HSE;
 466              		.loc 1 304 34 is_stmt 0 view .LVU94
 467 0030 0222     		movs	r2, #2
 468 0032 1192     		str	r2, [sp, #68]
 305:Core/Src/main.c ****   RCC_OscInitStruct.PLL.PLLMUL = RCC_PLL_MUL9;
 469              		.loc 1 305 3 is_stmt 1 view .LVU95
 305:Core/Src/main.c ****   RCC_OscInitStruct.PLL.PLLMUL = RCC_PLL_MUL9;
 470              		.loc 1 305 35 is_stmt 0 view .LVU96
 471 0034 1293     		str	r3, [sp, #72]
 306:Core/Src/main.c ****   if (HAL_RCC_OscConfig(&RCC_OscInitStruct) != HAL_OK)
 472              		.loc 1 306 3 is_stmt 1 view .LVU97
 306:Core/Src/main.c ****   if (HAL_RCC_OscConfig(&RCC_OscInitStruct) != HAL_OK)
 473              		.loc 1 306 32 is_stmt 0 view .LVU98
 474 0036 4FF4E013 		mov	r3, #1835008
 475 003a 1393     		str	r3, [sp, #76]
 307:Core/Src/main.c ****   {
 476              		.loc 1 307 3 is_stmt 1 view .LVU99
ARM GAS  C:\Users\dung\AppData\Local\Temp\ccsmPmOb.s 			page 19


 307:Core/Src/main.c ****   {
 477              		.loc 1 307 7 is_stmt 0 view .LVU100
 478 003c 0AA8     		add	r0, sp, #40
 479 003e FFF7FEFF 		bl	HAL_RCC_OscConfig
 480              	.LVL42:
 307:Core/Src/main.c ****   {
 481              		.loc 1 307 6 view .LVU101
 482 0042 C8B9     		cbnz	r0, .L39
 313:Core/Src/main.c ****                               |RCC_CLOCKTYPE_PCLK1|RCC_CLOCKTYPE_PCLK2;
 483              		.loc 1 313 3 is_stmt 1 view .LVU102
 313:Core/Src/main.c ****                               |RCC_CLOCKTYPE_PCLK1|RCC_CLOCKTYPE_PCLK2;
 484              		.loc 1 313 31 is_stmt 0 view .LVU103
 485 0044 0F23     		movs	r3, #15
 486 0046 0593     		str	r3, [sp, #20]
 315:Core/Src/main.c ****   RCC_ClkInitStruct.AHBCLKDivider = RCC_SYSCLK_DIV1;
 487              		.loc 1 315 3 is_stmt 1 view .LVU104
 315:Core/Src/main.c ****   RCC_ClkInitStruct.AHBCLKDivider = RCC_SYSCLK_DIV1;
 488              		.loc 1 315 34 is_stmt 0 view .LVU105
 489 0048 0221     		movs	r1, #2
 490 004a 0691     		str	r1, [sp, #24]
 316:Core/Src/main.c ****   RCC_ClkInitStruct.APB1CLKDivider = RCC_HCLK_DIV2;
 491              		.loc 1 316 3 is_stmt 1 view .LVU106
 316:Core/Src/main.c ****   RCC_ClkInitStruct.APB1CLKDivider = RCC_HCLK_DIV2;
 492              		.loc 1 316 35 is_stmt 0 view .LVU107
 493 004c 0023     		movs	r3, #0
 494 004e 0793     		str	r3, [sp, #28]
 317:Core/Src/main.c ****   RCC_ClkInitStruct.APB2CLKDivider = RCC_HCLK_DIV1;
 495              		.loc 1 317 3 is_stmt 1 view .LVU108
 317:Core/Src/main.c ****   RCC_ClkInitStruct.APB2CLKDivider = RCC_HCLK_DIV1;
 496              		.loc 1 317 36 is_stmt 0 view .LVU109
 497 0050 4FF48062 		mov	r2, #1024
 498 0054 0892     		str	r2, [sp, #32]
 318:Core/Src/main.c **** 
 499              		.loc 1 318 3 is_stmt 1 view .LVU110
 318:Core/Src/main.c **** 
 500              		.loc 1 318 36 is_stmt 0 view .LVU111
 501 0056 0993     		str	r3, [sp, #36]
 320:Core/Src/main.c ****   {
 502              		.loc 1 320 3 is_stmt 1 view .LVU112
 320:Core/Src/main.c ****   {
 503              		.loc 1 320 7 is_stmt 0 view .LVU113
 504 0058 05A8     		add	r0, sp, #20
 505 005a FFF7FEFF 		bl	HAL_RCC_ClockConfig
 506              	.LVL43:
 320:Core/Src/main.c ****   {
 507              		.loc 1 320 6 view .LVU114
 508 005e 68B9     		cbnz	r0, .L40
 324:Core/Src/main.c ****   PeriphClkInit.AdcClockSelection = RCC_ADCPCLK2_DIV6;
 509              		.loc 1 324 3 is_stmt 1 view .LVU115
 324:Core/Src/main.c ****   PeriphClkInit.AdcClockSelection = RCC_ADCPCLK2_DIV6;
 510              		.loc 1 324 38 is_stmt 0 view .LVU116
 511 0060 0223     		movs	r3, #2
 512 0062 0193     		str	r3, [sp, #4]
 325:Core/Src/main.c ****   if (HAL_RCCEx_PeriphCLKConfig(&PeriphClkInit) != HAL_OK)
 513              		.loc 1 325 3 is_stmt 1 view .LVU117
 325:Core/Src/main.c ****   if (HAL_RCCEx_PeriphCLKConfig(&PeriphClkInit) != HAL_OK)
 514              		.loc 1 325 35 is_stmt 0 view .LVU118
ARM GAS  C:\Users\dung\AppData\Local\Temp\ccsmPmOb.s 			page 20


 515 0064 4FF40043 		mov	r3, #32768
 516 0068 0393     		str	r3, [sp, #12]
 326:Core/Src/main.c ****   {
 517              		.loc 1 326 3 is_stmt 1 view .LVU119
 326:Core/Src/main.c ****   {
 518              		.loc 1 326 7 is_stmt 0 view .LVU120
 519 006a 01A8     		add	r0, sp, #4
 520 006c FFF7FEFF 		bl	HAL_RCCEx_PeriphCLKConfig
 521              	.LVL44:
 326:Core/Src/main.c ****   {
 522              		.loc 1 326 6 view .LVU121
 523 0070 30B9     		cbnz	r0, .L41
 330:Core/Src/main.c **** 
 524              		.loc 1 330 1 view .LVU122
 525 0072 15B0     		add	sp, sp, #84
 526              	.LCFI5:
 527              		.cfi_remember_state
 528              		.cfi_def_cfa_offset 4
 529              		@ sp needed
 530 0074 5DF804FB 		ldr	pc, [sp], #4
 531              	.L39:
 532              	.LCFI6:
 533              		.cfi_restore_state
 309:Core/Src/main.c ****   }
 534              		.loc 1 309 5 is_stmt 1 view .LVU123
 535 0078 FFF7FEFF 		bl	Error_Handler
 536              	.LVL45:
 537              	.L40:
 322:Core/Src/main.c ****   }
 538              		.loc 1 322 5 view .LVU124
 539 007c FFF7FEFF 		bl	Error_Handler
 540              	.LVL46:
 541              	.L41:
 328:Core/Src/main.c ****   }
 542              		.loc 1 328 5 view .LVU125
 543 0080 FFF7FEFF 		bl	Error_Handler
 544              	.LVL47:
 545              		.cfi_endproc
 546              	.LFE72:
 548              		.section	.rodata.main.str1.4,"aMS",%progbits,1
 549              		.align	2
 550              	.LC0:
 551 0000 41542B48 		.ascii	"AT+HTTPINIT\015\012\000"
 551      54545049 
 551      4E49540D 
 551      0A00
 552 000e 0000     		.align	2
 553              	.LC1:
 554 0010 41542B48 		.ascii	"AT+HTTPPARA=URL,\"http://demo2.traccar.org:5055/?id"
 554      54545050 
 554      4152413D 
 554      55524C2C 
 554      22687474 
 555 0042 3D677073 		.ascii	"=gps2001&lat=%s&lon=%s\"\015\012\000"
 555      32303031 
 555      266C6174 
 555      3D257326 
ARM GAS  C:\Users\dung\AppData\Local\Temp\ccsmPmOb.s 			page 21


 555      6C6F6E3D 
 556              		.align	2
 557              	.LC2:
 558 005c 41542B48 		.ascii	"AT+HTTPACTION=1\015\012\000"
 558      54545041 
 558      4354494F 
 558      4E3D310D 
 558      0A00
 559              		.section	.text.main,"ax",%progbits
 560              		.align	1
 561              		.global	main
 562              		.syntax unified
 563              		.thumb
 564              		.thumb_func
 566              	main:
 567              	.LFB71:
 155:Core/Src/main.c ****   /* USER CODE BEGIN 1 */
 568              		.loc 1 155 1 view -0
 569              		.cfi_startproc
 570              		@ args = 0, pretend = 0, frame = 0
 571              		@ frame_needed = 0, uses_anonymous_args = 0
 572 0000 F8B5     		push	{r3, r4, r5, r6, r7, lr}
 573              	.LCFI7:
 574              		.cfi_def_cfa_offset 24
 575              		.cfi_offset 3, -24
 576              		.cfi_offset 4, -20
 577              		.cfi_offset 5, -16
 578              		.cfi_offset 6, -12
 579              		.cfi_offset 7, -8
 580              		.cfi_offset 14, -4
 157:Core/Src/main.c ****   uint32_t timeCurrent = 0;
 581              		.loc 1 157 3 view .LVU127
 582              	.LVL48:
 158:Core/Src/main.c **** 
 583              		.loc 1 158 3 view .LVU128
 169:Core/Src/main.c **** 
 584              		.loc 1 169 3 view .LVU129
 585 0002 FFF7FEFF 		bl	HAL_Init
 586              	.LVL49:
 176:Core/Src/main.c **** 
 587              		.loc 1 176 3 view .LVU130
 588 0006 FFF7FEFF 		bl	SystemClock_Config
 589              	.LVL50:
 183:Core/Src/main.c ****   MX_ADC1_Init();
 590              		.loc 1 183 3 view .LVU131
 591 000a FFF7FEFF 		bl	MX_GPIO_Init
 592              	.LVL51:
 184:Core/Src/main.c ****   MX_USART2_UART_Init();
 593              		.loc 1 184 3 view .LVU132
 594 000e FFF7FEFF 		bl	MX_ADC1_Init
 595              	.LVL52:
 185:Core/Src/main.c ****   MX_USART3_UART_Init();
 596              		.loc 1 185 3 view .LVU133
 597 0012 FFF7FEFF 		bl	MX_USART2_UART_Init
 598              	.LVL53:
 186:Core/Src/main.c ****   MX_USART1_UART_Init();
 599              		.loc 1 186 3 view .LVU134
ARM GAS  C:\Users\dung\AppData\Local\Temp\ccsmPmOb.s 			page 22


 600 0016 FFF7FEFF 		bl	MX_USART3_UART_Init
 601              	.LVL54:
 187:Core/Src/main.c ****   MX_TIM2_Init();
 602              		.loc 1 187 3 view .LVU135
 603 001a FFF7FEFF 		bl	MX_USART1_UART_Init
 604              	.LVL55:
 188:Core/Src/main.c ****   MX_TIM1_Init();
 605              		.loc 1 188 3 view .LVU136
 606 001e FFF7FEFF 		bl	MX_TIM2_Init
 607              	.LVL56:
 189:Core/Src/main.c ****   /* USER CODE BEGIN 2 */
 608              		.loc 1 189 3 view .LVU137
 609 0022 FFF7FEFF 		bl	MX_TIM1_Init
 610              	.LVL57:
 191:Core/Src/main.c ****   timeStart = HAL_GetTick();
 611              		.loc 1 191 3 view .LVU138
 612 0026 3548     		ldr	r0, .L50
 613 0028 FFF7FEFF 		bl	HAL_ADC_Start
 614              	.LVL58:
 192:Core/Src/main.c ****   while(HAL_GPIO_ReadPin(GSM_STATUS_GPIO_Port, GSM_STATUS_Pin) == GPIO_PIN_RESET)
 615              		.loc 1 192 3 view .LVU139
 192:Core/Src/main.c ****   while(HAL_GPIO_ReadPin(GSM_STATUS_GPIO_Port, GSM_STATUS_Pin) == GPIO_PIN_RESET)
 616              		.loc 1 192 15 is_stmt 0 view .LVU140
 617 002c FFF7FEFF 		bl	HAL_GetTick
 618              	.LVL59:
 619 0030 0446     		mov	r4, r0
 620              	.LVL60:
 193:Core/Src/main.c ****   {
 621              		.loc 1 193 3 is_stmt 1 view .LVU141
 193:Core/Src/main.c ****   {
 622              		.loc 1 193 8 is_stmt 0 view .LVU142
 623 0032 09E0     		b	.L43
 624              	.LVL61:
 625              	.L44:
 195:Core/Src/main.c ****     HAL_Delay(1000);
 626              		.loc 1 195 5 is_stmt 1 view .LVU143
 627 0034 0122     		movs	r2, #1
 628 0036 4FF48071 		mov	r1, #256
 629 003a 3148     		ldr	r0, .L50+4
 630 003c FFF7FEFF 		bl	HAL_GPIO_WritePin
 631              	.LVL62:
 196:Core/Src/main.c ****   }
 632              		.loc 1 196 5 view .LVU144
 633 0040 4FF47A70 		mov	r0, #1000
 634 0044 FFF7FEFF 		bl	HAL_Delay
 635              	.LVL63:
 636              	.L43:
 193:Core/Src/main.c ****   {
 637              		.loc 1 193 8 view .LVU145
 193:Core/Src/main.c ****   {
 638              		.loc 1 193 9 is_stmt 0 view .LVU146
 639 0048 4FF48051 		mov	r1, #4096
 640 004c 2C48     		ldr	r0, .L50+4
 641 004e FFF7FEFF 		bl	HAL_GPIO_ReadPin
 642              	.LVL64:
 193:Core/Src/main.c ****   {
 643              		.loc 1 193 8 view .LVU147
ARM GAS  C:\Users\dung\AppData\Local\Temp\ccsmPmOb.s 			page 23


 644 0052 0028     		cmp	r0, #0
 645 0054 EED0     		beq	.L44
 198:Core/Src/main.c ****   HAL_Delay(100);
 646              		.loc 1 198 3 is_stmt 1 view .LVU148
 647 0056 FFF7FEFF 		bl	sim800c_init
 648              	.LVL65:
 199:Core/Src/main.c ****   l70_init();
 649              		.loc 1 199 3 view .LVU149
 650 005a 6420     		movs	r0, #100
 651 005c FFF7FEFF 		bl	HAL_Delay
 652              	.LVL66:
 200:Core/Src/main.c ****   HAL_Delay(100);
 653              		.loc 1 200 3 view .LVU150
 654 0060 FFF7FEFF 		bl	l70_init
 655              	.LVL67:
 201:Core/Src/main.c ****   // do
 656              		.loc 1 201 3 view .LVU151
 657 0064 6420     		movs	r0, #100
 658 0066 FFF7FEFF 		bl	HAL_Delay
 659              	.LVL68:
 660              	.L46:
 215:Core/Src/main.c ****   {
 661              		.loc 1 215 3 view .LVU152
 243:Core/Src/main.c ****     {
 662              		.loc 1 243 5 view .LVU153
 243:Core/Src/main.c ****     {
 663              		.loc 1 243 7 is_stmt 0 view .LVU154
 664 006a 002C     		cmp	r4, #0
 665 006c 3FD0     		beq	.L49
 666              	.L45:
 247:Core/Src/main.c ****     {
 667              		.loc 1 247 5 is_stmt 1 view .LVU155
 247:Core/Src/main.c ****     {
 668              		.loc 1 247 8 is_stmt 0 view .LVU156
 669 006e FFF7FEFF 		bl	HAL_GetTick
 670              	.LVL69:
 247:Core/Src/main.c ****     {
 671              		.loc 1 247 22 view .LVU157
 672 0072 031B     		subs	r3, r0, r4
 247:Core/Src/main.c ****     {
 673              		.loc 1 247 7 view .LVU158
 674 0074 42F21072 		movw	r2, #10000
 675 0078 9342     		cmp	r3, r2
 676 007a F6D9     		bls	.L46
 249:Core/Src/main.c ****       timeStart = HAL_GetTick();
 677              		.loc 1 249 7 is_stmt 1 view .LVU159
 678 007c 214E     		ldr	r6, .L50+8
 679 007e 0122     		movs	r2, #1
 680 0080 4FF40041 		mov	r1, #32768
 681 0084 3046     		mov	r0, r6
 682 0086 FFF7FEFF 		bl	HAL_GPIO_WritePin
 683              	.LVL70:
 250:Core/Src/main.c ****       GPSResponse = l70_receiveGPS();
 684              		.loc 1 250 7 view .LVU160
 250:Core/Src/main.c ****       GPSResponse = l70_receiveGPS();
 685              		.loc 1 250 19 is_stmt 0 view .LVU161
 686 008a FFF7FEFF 		bl	HAL_GetTick
ARM GAS  C:\Users\dung\AppData\Local\Temp\ccsmPmOb.s 			page 24


 687              	.LVL71:
 688 008e 0446     		mov	r4, r0
 689              	.LVL72:
 251:Core/Src/main.c ****       HAL_GPIO_WritePin(MCU_BUZZER_GPIO_Port, MCU_BUZZER_Pin, RESET);
 690              		.loc 1 251 7 is_stmt 1 view .LVU162
 251:Core/Src/main.c ****       HAL_GPIO_WritePin(MCU_BUZZER_GPIO_Port, MCU_BUZZER_Pin, RESET);
 691              		.loc 1 251 21 is_stmt 0 view .LVU163
 692 0090 FFF7FEFF 		bl	l70_receiveGPS
 693              	.LVL73:
 251:Core/Src/main.c ****       HAL_GPIO_WritePin(MCU_BUZZER_GPIO_Port, MCU_BUZZER_Pin, RESET);
 694              		.loc 1 251 19 view .LVU164
 695 0094 1C4D     		ldr	r5, .L50+12
 696 0096 2860     		str	r0, [r5]
 252:Core/Src/main.c ****       l70_handleGPS(latData, longData, GPSResponse);
 697              		.loc 1 252 7 is_stmt 1 view .LVU165
 698 0098 0022     		movs	r2, #0
 699 009a 4FF40041 		mov	r1, #32768
 700 009e 3046     		mov	r0, r6
 701 00a0 FFF7FEFF 		bl	HAL_GPIO_WritePin
 702              	.LVL74:
 253:Core/Src/main.c ****       sprintf(simMessage, "AT+HTTPPARA=URL,\"http://demo2.traccar.org:5055/?id=gps2001&lat=%s&lon=%
 703              		.loc 1 253 7 view .LVU166
 704 00a4 194F     		ldr	r7, .L50+16
 705 00a6 1A4E     		ldr	r6, .L50+20
 706 00a8 2A68     		ldr	r2, [r5]
 707 00aa 3946     		mov	r1, r7
 708 00ac 3046     		mov	r0, r6
 709 00ae FFF7FEFF 		bl	l70_handleGPS
 710              	.LVL75:
 254:Core/Src/main.c ****       HAL_UART_Transmit_IT(&huart2, (uint8_t*)simMessage, strlen(simMessage));
 711              		.loc 1 254 7 view .LVU167
 712 00b2 184D     		ldr	r5, .L50+24
 713 00b4 3B46     		mov	r3, r7
 714 00b6 3246     		mov	r2, r6
 715 00b8 1749     		ldr	r1, .L50+28
 716 00ba 2846     		mov	r0, r5
 717 00bc FFF7FEFF 		bl	sprintf
 718              	.LVL76:
 255:Core/Src/main.c ****       HAL_Delay(3000);
 719              		.loc 1 255 7 view .LVU168
 255:Core/Src/main.c ****       HAL_Delay(3000);
 720              		.loc 1 255 59 is_stmt 0 view .LVU169
 721 00c0 2846     		mov	r0, r5
 722 00c2 FFF7FEFF 		bl	strlen
 723              	.LVL77:
 255:Core/Src/main.c ****       HAL_Delay(3000);
 724              		.loc 1 255 7 view .LVU170
 725 00c6 154E     		ldr	r6, .L50+32
 726 00c8 82B2     		uxth	r2, r0
 727 00ca 2946     		mov	r1, r5
 728 00cc 3046     		mov	r0, r6
 729 00ce FFF7FEFF 		bl	HAL_UART_Transmit_IT
 730              	.LVL78:
 256:Core/Src/main.c ****       HAL_UART_Transmit_IT(&huart2, (uint8_t*)"AT+HTTPACTION=1\r\n", strlen("AT+HTTPACTION=1\r\n"))
 731              		.loc 1 256 7 is_stmt 1 view .LVU171
 732 00d2 40F6B830 		movw	r0, #3000
 733 00d6 FFF7FEFF 		bl	HAL_Delay
ARM GAS  C:\Users\dung\AppData\Local\Temp\ccsmPmOb.s 			page 25


 734              	.LVL79:
 257:Core/Src/main.c ****       HAL_Delay(4000);
 735              		.loc 1 257 7 view .LVU172
 736 00da 1122     		movs	r2, #17
 737 00dc 1049     		ldr	r1, .L50+36
 738 00de 3046     		mov	r0, r6
 739 00e0 FFF7FEFF 		bl	HAL_UART_Transmit_IT
 740              	.LVL80:
 258:Core/Src/main.c ****       
 741              		.loc 1 258 7 view .LVU173
 742 00e4 4FF47A60 		mov	r0, #4000
 743 00e8 FFF7FEFF 		bl	HAL_Delay
 744              	.LVL81:
 745 00ec BDE7     		b	.L46
 746              	.L49:
 245:Core/Src/main.c ****     }
 747              		.loc 1 245 7 view .LVU174
 748 00ee 0D22     		movs	r2, #13
 749 00f0 0C49     		ldr	r1, .L50+40
 750 00f2 0A48     		ldr	r0, .L50+32
 751 00f4 FFF7FEFF 		bl	HAL_UART_Transmit_IT
 752              	.LVL82:
 753 00f8 B9E7     		b	.L45
 754              	.L51:
 755 00fa 00BF     		.align	2
 756              	.L50:
 757 00fc 00000000 		.word	hadc1
 758 0100 00080140 		.word	1073809408
 759 0104 000C0140 		.word	1073810432
 760 0108 00000000 		.word	.LANCHOR2
 761 010c 00000000 		.word	.LANCHOR3
 762 0110 00000000 		.word	.LANCHOR4
 763 0114 00000000 		.word	.LANCHOR5
 764 0118 10000000 		.word	.LC1
 765 011c 00000000 		.word	huart2
 766 0120 5C000000 		.word	.LC2
 767 0124 00000000 		.word	.LC0
 768              		.cfi_endproc
 769              	.LFE71:
 771              		.global	ADC_value
 772              		.global	GPSResponse
 773              		.global	simMessage
 774              		.global	longData
 775              		.global	latData
 776              		.global	simNumber
 777              		.global	SOSFlag
 778              		.section	.bss.ADC_value,"aw",%nobits
 779              		.align	1
 780              		.set	.LANCHOR0,. + 0
 783              	ADC_value:
 784 0000 0000     		.space	2
 785              		.section	.bss.GPSResponse,"aw",%nobits
 786              		.align	2
 787              		.set	.LANCHOR2,. + 0
 790              	GPSResponse:
 791 0000 00000000 		.space	4
 792              		.section	.bss.SOSFlag,"aw",%nobits
ARM GAS  C:\Users\dung\AppData\Local\Temp\ccsmPmOb.s 			page 26


 793              		.set	.LANCHOR1,. + 0
 796              	SOSFlag:
 797 0000 00       		.space	1
 798              		.section	.bss.latData,"aw",%nobits
 799              		.align	2
 800              		.set	.LANCHOR4,. + 0
 803              	latData:
 804 0000 00000000 		.space	15
 804      00000000 
 804      00000000 
 804      000000
 805              		.section	.bss.longData,"aw",%nobits
 806              		.align	2
 807              		.set	.LANCHOR3,. + 0
 810              	longData:
 811 0000 00000000 		.space	15
 811      00000000 
 811      00000000 
 811      000000
 812              		.section	.bss.simMessage,"aw",%nobits
 813              		.align	2
 814              		.set	.LANCHOR5,. + 0
 817              	simMessage:
 818 0000 00000000 		.space	500
 818      00000000 
 818      00000000 
 818      00000000 
 818      00000000 
 819              		.section	.data.simNumber,"aw"
 820              		.align	2
 823              	simNumber:
 824 0000 30373738 		.ascii	"0778554218\000"
 824      35353432 
 824      313800
 825 000b 00000000 		.space	9
 825      00000000 
 825      00
 826              		.text
 827              	.Letext0:
 828              		.file 3 "c:\\program files (x86)\\gcc-arm-none-eabi-10.3-2021.10-win32\\gcc-arm-none-eabi-10.3-202
 829              		.file 4 "c:\\program files (x86)\\gcc-arm-none-eabi-10.3-2021.10-win32\\gcc-arm-none-eabi-10.3-202
 830              		.file 5 "Drivers/CMSIS/Device/ST/STM32F1xx/Include/stm32f103xb.h"
 831              		.file 6 "Drivers/CMSIS/Device/ST/STM32F1xx/Include/stm32f1xx.h"
 832              		.file 7 "Drivers/STM32F1xx_HAL_Driver/Inc/stm32f1xx_hal_def.h"
 833              		.file 8 "Drivers/STM32F1xx_HAL_Driver/Inc/stm32f1xx_hal_rcc.h"
 834              		.file 9 "Drivers/STM32F1xx_HAL_Driver/Inc/stm32f1xx_hal_rcc_ex.h"
 835              		.file 10 "Drivers/STM32F1xx_HAL_Driver/Inc/stm32f1xx_hal_gpio.h"
 836              		.file 11 "Drivers/STM32F1xx_HAL_Driver/Inc/stm32f1xx_hal_dma.h"
 837              		.file 12 "Drivers/STM32F1xx_HAL_Driver/Inc/stm32f1xx_hal_adc.h"
 838              		.file 13 "Drivers/STM32F1xx_HAL_Driver/Inc/stm32f1xx_hal_tim.h"
 839              		.file 14 "Drivers/STM32F1xx_HAL_Driver/Inc/stm32f1xx_hal_uart.h"
 840              		.file 15 "Core/Inc/adc.h"
 841              		.file 16 "Core/Inc/tim.h"
 842              		.file 17 "Core/Inc/usart.h"
 843              		.file 18 "Drivers/STM32F1xx_HAL_Driver/Inc/stm32f1xx_hal.h"
 844              		.file 19 "Core/Inc/gpio.h"
 845              		.file 20 "Core/Inc/sim800c.h"
ARM GAS  C:\Users\dung\AppData\Local\Temp\ccsmPmOb.s 			page 27


 846              		.file 21 "Core/Inc/l70.h"
 847              		.file 22 "c:\\program files (x86)\\gcc-arm-none-eabi-10.3-2021.10-win32\\gcc-arm-none-eabi-10.3-20
 848              		.file 23 "c:\\program files (x86)\\gcc-arm-none-eabi-10.3-2021.10-win32\\gcc-arm-none-eabi-10.3-20
 849              		.file 24 "<built-in>"
ARM GAS  C:\Users\dung\AppData\Local\Temp\ccsmPmOb.s 			page 28


DEFINED SYMBOLS
                            *ABS*:00000000 main.c
C:\Users\dung\AppData\Local\Temp\ccsmPmOb.s:18     .text.HAL_UART_RxCpltCallback:00000000 $t
C:\Users\dung\AppData\Local\Temp\ccsmPmOb.s:24     .text.HAL_UART_RxCpltCallback:00000000 HAL_UART_RxCpltCallback
C:\Users\dung\AppData\Local\Temp\ccsmPmOb.s:70     .text.HAL_UART_RxCpltCallback:00000020 $d
C:\Users\dung\AppData\Local\Temp\ccsmPmOb.s:76     .text.HAL_TIM_PeriodElapsedCallback:00000000 $t
C:\Users\dung\AppData\Local\Temp\ccsmPmOb.s:82     .text.HAL_TIM_PeriodElapsedCallback:00000000 HAL_TIM_PeriodElapsedCallback
C:\Users\dung\AppData\Local\Temp\ccsmPmOb.s:154    .text.HAL_TIM_PeriodElapsedCallback:00000048 $d
C:\Users\dung\AppData\Local\Temp\ccsmPmOb.s:161    .text.HAL_GPIO_EXTI_Callback:00000000 $t
C:\Users\dung\AppData\Local\Temp\ccsmPmOb.s:167    .text.HAL_GPIO_EXTI_Callback:00000000 HAL_GPIO_EXTI_Callback
C:\Users\dung\AppData\Local\Temp\ccsmPmOb.s:365    .text.HAL_GPIO_EXTI_Callback:0000010c $d
C:\Users\dung\AppData\Local\Temp\ccsmPmOb.s:375    .text.Error_Handler:00000000 $t
C:\Users\dung\AppData\Local\Temp\ccsmPmOb.s:381    .text.Error_Handler:00000000 Error_Handler
C:\Users\dung\AppData\Local\Temp\ccsmPmOb.s:413    .text.SystemClock_Config:00000000 $t
C:\Users\dung\AppData\Local\Temp\ccsmPmOb.s:419    .text.SystemClock_Config:00000000 SystemClock_Config
C:\Users\dung\AppData\Local\Temp\ccsmPmOb.s:549    .rodata.main.str1.4:00000000 $d
C:\Users\dung\AppData\Local\Temp\ccsmPmOb.s:560    .text.main:00000000 $t
C:\Users\dung\AppData\Local\Temp\ccsmPmOb.s:566    .text.main:00000000 main
C:\Users\dung\AppData\Local\Temp\ccsmPmOb.s:757    .text.main:000000fc $d
C:\Users\dung\AppData\Local\Temp\ccsmPmOb.s:783    .bss.ADC_value:00000000 ADC_value
C:\Users\dung\AppData\Local\Temp\ccsmPmOb.s:790    .bss.GPSResponse:00000000 GPSResponse
C:\Users\dung\AppData\Local\Temp\ccsmPmOb.s:817    .bss.simMessage:00000000 simMessage
C:\Users\dung\AppData\Local\Temp\ccsmPmOb.s:810    .bss.longData:00000000 longData
C:\Users\dung\AppData\Local\Temp\ccsmPmOb.s:803    .bss.latData:00000000 latData
C:\Users\dung\AppData\Local\Temp\ccsmPmOb.s:823    .data.simNumber:00000000 simNumber
C:\Users\dung\AppData\Local\Temp\ccsmPmOb.s:796    .bss.SOSFlag:00000000 SOSFlag
C:\Users\dung\AppData\Local\Temp\ccsmPmOb.s:779    .bss.ADC_value:00000000 $d
C:\Users\dung\AppData\Local\Temp\ccsmPmOb.s:786    .bss.GPSResponse:00000000 $d
C:\Users\dung\AppData\Local\Temp\ccsmPmOb.s:797    .bss.SOSFlag:00000000 $d
C:\Users\dung\AppData\Local\Temp\ccsmPmOb.s:799    .bss.latData:00000000 $d
C:\Users\dung\AppData\Local\Temp\ccsmPmOb.s:806    .bss.longData:00000000 $d
C:\Users\dung\AppData\Local\Temp\ccsmPmOb.s:813    .bss.simMessage:00000000 $d
C:\Users\dung\AppData\Local\Temp\ccsmPmOb.s:820    .data.simNumber:00000000 $d

UNDEFINED SYMBOLS
sim800c_callback
l70_callback
huart2
huart3
sim800c_timerCallback
HAL_GPIO_WritePin
HAL_TIM_Base_Stop_IT
htim2
htim1
HAL_ADC_GetValue
HAL_TIM_Base_Start_IT
hadc1
memset
HAL_RCC_OscConfig
HAL_RCC_ClockConfig
HAL_RCCEx_PeriphCLKConfig
HAL_Init
MX_GPIO_Init
MX_ADC1_Init
MX_USART2_UART_Init
MX_USART3_UART_Init
MX_USART1_UART_Init
ARM GAS  C:\Users\dung\AppData\Local\Temp\ccsmPmOb.s 			page 29


MX_TIM2_Init
MX_TIM1_Init
HAL_ADC_Start
HAL_GetTick
HAL_Delay
HAL_GPIO_ReadPin
sim800c_init
l70_init
l70_receiveGPS
l70_handleGPS
sprintf
strlen
HAL_UART_Transmit_IT
