ARM GAS  C:\Users\dung\AppData\Local\Temp\ccuyhD7E.s 			page 1


   1              		.cpu cortex-m3
   2              		.arch armv7-m
   3              		.fpu softvfp
   4              		.eabi_attribute 20, 1
   5              		.eabi_attribute 21, 1
   6              		.eabi_attribute 23, 3
   7              		.eabi_attribute 24, 1
   8              		.eabi_attribute 25, 1
   9              		.eabi_attribute 26, 1
  10              		.eabi_attribute 30, 1
  11              		.eabi_attribute 34, 1
  12              		.eabi_attribute 18, 4
  13              		.file	"stm32f1xx_it.c"
  14              		.text
  15              	.Ltext0:
  16              		.cfi_sections	.debug_frame
  17              		.section	.text.NMI_Handler,"ax",%progbits
  18              		.align	1
  19              		.global	NMI_Handler
  20              		.syntax unified
  21              		.thumb
  22              		.thumb_func
  24              	NMI_Handler:
  25              	.LFB65:
  26              		.file 1 "Core/Src/stm32f1xx_it.c"
   1:Core/Src/stm32f1xx_it.c **** /* USER CODE BEGIN Header */
   2:Core/Src/stm32f1xx_it.c **** /**
   3:Core/Src/stm32f1xx_it.c ****   ******************************************************************************
   4:Core/Src/stm32f1xx_it.c ****   * @file    stm32f1xx_it.c
   5:Core/Src/stm32f1xx_it.c ****   * @brief   Interrupt Service Routines.
   6:Core/Src/stm32f1xx_it.c ****   ******************************************************************************
   7:Core/Src/stm32f1xx_it.c ****   * @attention
   8:Core/Src/stm32f1xx_it.c ****   *
   9:Core/Src/stm32f1xx_it.c ****   * <h2><center>&copy; Copyright (c) 2022 STMicroelectronics.
  10:Core/Src/stm32f1xx_it.c ****   * All rights reserved.</center></h2>
  11:Core/Src/stm32f1xx_it.c ****   *
  12:Core/Src/stm32f1xx_it.c ****   * This software component is licensed by ST under BSD 3-Clause license,
  13:Core/Src/stm32f1xx_it.c ****   * the "License"; You may not use this file except in compliance with the
  14:Core/Src/stm32f1xx_it.c ****   * License. You may obtain a copy of the License at:
  15:Core/Src/stm32f1xx_it.c ****   *                        opensource.org/licenses/BSD-3-Clause
  16:Core/Src/stm32f1xx_it.c ****   *
  17:Core/Src/stm32f1xx_it.c ****   ******************************************************************************
  18:Core/Src/stm32f1xx_it.c ****   */
  19:Core/Src/stm32f1xx_it.c **** /* USER CODE END Header */
  20:Core/Src/stm32f1xx_it.c **** 
  21:Core/Src/stm32f1xx_it.c **** /* Includes ------------------------------------------------------------------*/
  22:Core/Src/stm32f1xx_it.c **** #include "main.h"
  23:Core/Src/stm32f1xx_it.c **** #include "stm32f1xx_it.h"
  24:Core/Src/stm32f1xx_it.c **** /* Private includes ----------------------------------------------------------*/
  25:Core/Src/stm32f1xx_it.c **** /* USER CODE BEGIN Includes */
  26:Core/Src/stm32f1xx_it.c **** /* USER CODE END Includes */
  27:Core/Src/stm32f1xx_it.c **** 
  28:Core/Src/stm32f1xx_it.c **** /* Private typedef -----------------------------------------------------------*/
  29:Core/Src/stm32f1xx_it.c **** /* USER CODE BEGIN TD */
  30:Core/Src/stm32f1xx_it.c **** 
  31:Core/Src/stm32f1xx_it.c **** /* USER CODE END TD */
  32:Core/Src/stm32f1xx_it.c **** 
ARM GAS  C:\Users\dung\AppData\Local\Temp\ccuyhD7E.s 			page 2


  33:Core/Src/stm32f1xx_it.c **** /* Private define ------------------------------------------------------------*/
  34:Core/Src/stm32f1xx_it.c **** /* USER CODE BEGIN PD */
  35:Core/Src/stm32f1xx_it.c **** 
  36:Core/Src/stm32f1xx_it.c **** /* USER CODE END PD */
  37:Core/Src/stm32f1xx_it.c **** 
  38:Core/Src/stm32f1xx_it.c **** /* Private macro -------------------------------------------------------------*/
  39:Core/Src/stm32f1xx_it.c **** /* USER CODE BEGIN PM */
  40:Core/Src/stm32f1xx_it.c **** 
  41:Core/Src/stm32f1xx_it.c **** /* USER CODE END PM */
  42:Core/Src/stm32f1xx_it.c **** 
  43:Core/Src/stm32f1xx_it.c **** /* Private variables ---------------------------------------------------------*/
  44:Core/Src/stm32f1xx_it.c **** /* USER CODE BEGIN PV */
  45:Core/Src/stm32f1xx_it.c **** 
  46:Core/Src/stm32f1xx_it.c **** /* USER CODE END PV */
  47:Core/Src/stm32f1xx_it.c **** 
  48:Core/Src/stm32f1xx_it.c **** /* Private function prototypes -----------------------------------------------*/
  49:Core/Src/stm32f1xx_it.c **** /* USER CODE BEGIN PFP */
  50:Core/Src/stm32f1xx_it.c **** 
  51:Core/Src/stm32f1xx_it.c **** /* USER CODE END PFP */
  52:Core/Src/stm32f1xx_it.c **** 
  53:Core/Src/stm32f1xx_it.c **** /* Private user code ---------------------------------------------------------*/
  54:Core/Src/stm32f1xx_it.c **** /* USER CODE BEGIN 0 */
  55:Core/Src/stm32f1xx_it.c **** 
  56:Core/Src/stm32f1xx_it.c **** /* USER CODE END 0 */
  57:Core/Src/stm32f1xx_it.c **** 
  58:Core/Src/stm32f1xx_it.c **** /* External variables --------------------------------------------------------*/
  59:Core/Src/stm32f1xx_it.c **** extern ADC_HandleTypeDef hadc1;
  60:Core/Src/stm32f1xx_it.c **** extern TIM_HandleTypeDef htim1;
  61:Core/Src/stm32f1xx_it.c **** extern TIM_HandleTypeDef htim2;
  62:Core/Src/stm32f1xx_it.c **** extern UART_HandleTypeDef huart2;
  63:Core/Src/stm32f1xx_it.c **** extern UART_HandleTypeDef huart3;
  64:Core/Src/stm32f1xx_it.c **** /* USER CODE BEGIN EV */
  65:Core/Src/stm32f1xx_it.c **** 
  66:Core/Src/stm32f1xx_it.c **** /* USER CODE END EV */
  67:Core/Src/stm32f1xx_it.c **** 
  68:Core/Src/stm32f1xx_it.c **** /******************************************************************************/
  69:Core/Src/stm32f1xx_it.c **** /*           Cortex-M3 Processor Interruption and Exception Handlers          */
  70:Core/Src/stm32f1xx_it.c **** /******************************************************************************/
  71:Core/Src/stm32f1xx_it.c **** /**
  72:Core/Src/stm32f1xx_it.c ****   * @brief This function handles Non maskable interrupt.
  73:Core/Src/stm32f1xx_it.c ****   */
  74:Core/Src/stm32f1xx_it.c **** void NMI_Handler(void)
  75:Core/Src/stm32f1xx_it.c **** {
  27              		.loc 1 75 1 view -0
  28              		.cfi_startproc
  29              		@ Volatile: function does not return.
  30              		@ args = 0, pretend = 0, frame = 0
  31              		@ frame_needed = 0, uses_anonymous_args = 0
  32              		@ link register save eliminated.
  33              	.L2:
  76:Core/Src/stm32f1xx_it.c ****   /* USER CODE BEGIN NonMaskableInt_IRQn 0 */
  77:Core/Src/stm32f1xx_it.c **** 
  78:Core/Src/stm32f1xx_it.c ****   /* USER CODE END NonMaskableInt_IRQn 0 */
  79:Core/Src/stm32f1xx_it.c ****   /* USER CODE BEGIN NonMaskableInt_IRQn 1 */
  80:Core/Src/stm32f1xx_it.c ****   while (1)
  34              		.loc 1 80 3 discriminator 1 view .LVU1
  81:Core/Src/stm32f1xx_it.c ****   {
ARM GAS  C:\Users\dung\AppData\Local\Temp\ccuyhD7E.s 			page 3


  82:Core/Src/stm32f1xx_it.c ****   }
  35              		.loc 1 82 3 discriminator 1 view .LVU2
  80:Core/Src/stm32f1xx_it.c ****   {
  36              		.loc 1 80 9 discriminator 1 view .LVU3
  37 0000 FEE7     		b	.L2
  38              		.cfi_endproc
  39              	.LFE65:
  41              		.section	.text.HardFault_Handler,"ax",%progbits
  42              		.align	1
  43              		.global	HardFault_Handler
  44              		.syntax unified
  45              		.thumb
  46              		.thumb_func
  48              	HardFault_Handler:
  49              	.LFB66:
  83:Core/Src/stm32f1xx_it.c ****   /* USER CODE END NonMaskableInt_IRQn 1 */
  84:Core/Src/stm32f1xx_it.c **** }
  85:Core/Src/stm32f1xx_it.c **** 
  86:Core/Src/stm32f1xx_it.c **** /**
  87:Core/Src/stm32f1xx_it.c ****   * @brief This function handles Hard fault interrupt.
  88:Core/Src/stm32f1xx_it.c ****   */
  89:Core/Src/stm32f1xx_it.c **** void HardFault_Handler(void)
  90:Core/Src/stm32f1xx_it.c **** {
  50              		.loc 1 90 1 view -0
  51              		.cfi_startproc
  52              		@ Volatile: function does not return.
  53              		@ args = 0, pretend = 0, frame = 0
  54              		@ frame_needed = 0, uses_anonymous_args = 0
  55              		@ link register save eliminated.
  56              	.L4:
  91:Core/Src/stm32f1xx_it.c ****   /* USER CODE BEGIN HardFault_IRQn 0 */
  92:Core/Src/stm32f1xx_it.c **** 
  93:Core/Src/stm32f1xx_it.c ****   /* USER CODE END HardFault_IRQn 0 */
  94:Core/Src/stm32f1xx_it.c ****   while (1)
  57              		.loc 1 94 3 discriminator 1 view .LVU5
  95:Core/Src/stm32f1xx_it.c ****   {
  96:Core/Src/stm32f1xx_it.c ****     /* USER CODE BEGIN W1_HardFault_IRQn 0 */
  97:Core/Src/stm32f1xx_it.c ****     /* USER CODE END W1_HardFault_IRQn 0 */
  98:Core/Src/stm32f1xx_it.c ****   }
  58              		.loc 1 98 3 discriminator 1 view .LVU6
  94:Core/Src/stm32f1xx_it.c ****   {
  59              		.loc 1 94 9 discriminator 1 view .LVU7
  60 0000 FEE7     		b	.L4
  61              		.cfi_endproc
  62              	.LFE66:
  64              		.section	.text.MemManage_Handler,"ax",%progbits
  65              		.align	1
  66              		.global	MemManage_Handler
  67              		.syntax unified
  68              		.thumb
  69              		.thumb_func
  71              	MemManage_Handler:
  72              	.LFB67:
  99:Core/Src/stm32f1xx_it.c **** }
 100:Core/Src/stm32f1xx_it.c **** 
 101:Core/Src/stm32f1xx_it.c **** /**
 102:Core/Src/stm32f1xx_it.c ****   * @brief This function handles Memory management fault.
ARM GAS  C:\Users\dung\AppData\Local\Temp\ccuyhD7E.s 			page 4


 103:Core/Src/stm32f1xx_it.c ****   */
 104:Core/Src/stm32f1xx_it.c **** void MemManage_Handler(void)
 105:Core/Src/stm32f1xx_it.c **** {
  73              		.loc 1 105 1 view -0
  74              		.cfi_startproc
  75              		@ Volatile: function does not return.
  76              		@ args = 0, pretend = 0, frame = 0
  77              		@ frame_needed = 0, uses_anonymous_args = 0
  78              		@ link register save eliminated.
  79              	.L6:
 106:Core/Src/stm32f1xx_it.c ****   /* USER CODE BEGIN MemoryManagement_IRQn 0 */
 107:Core/Src/stm32f1xx_it.c **** 
 108:Core/Src/stm32f1xx_it.c ****   /* USER CODE END MemoryManagement_IRQn 0 */
 109:Core/Src/stm32f1xx_it.c ****   while (1)
  80              		.loc 1 109 3 discriminator 1 view .LVU9
 110:Core/Src/stm32f1xx_it.c ****   {
 111:Core/Src/stm32f1xx_it.c ****     /* USER CODE BEGIN W1_MemoryManagement_IRQn 0 */
 112:Core/Src/stm32f1xx_it.c ****     /* USER CODE END W1_MemoryManagement_IRQn 0 */
 113:Core/Src/stm32f1xx_it.c ****   }
  81              		.loc 1 113 3 discriminator 1 view .LVU10
 109:Core/Src/stm32f1xx_it.c ****   {
  82              		.loc 1 109 9 discriminator 1 view .LVU11
  83 0000 FEE7     		b	.L6
  84              		.cfi_endproc
  85              	.LFE67:
  87              		.section	.text.BusFault_Handler,"ax",%progbits
  88              		.align	1
  89              		.global	BusFault_Handler
  90              		.syntax unified
  91              		.thumb
  92              		.thumb_func
  94              	BusFault_Handler:
  95              	.LFB68:
 114:Core/Src/stm32f1xx_it.c **** }
 115:Core/Src/stm32f1xx_it.c **** 
 116:Core/Src/stm32f1xx_it.c **** /**
 117:Core/Src/stm32f1xx_it.c ****   * @brief This function handles Prefetch fault, memory access fault.
 118:Core/Src/stm32f1xx_it.c ****   */
 119:Core/Src/stm32f1xx_it.c **** void BusFault_Handler(void)
 120:Core/Src/stm32f1xx_it.c **** {
  96              		.loc 1 120 1 view -0
  97              		.cfi_startproc
  98              		@ Volatile: function does not return.
  99              		@ args = 0, pretend = 0, frame = 0
 100              		@ frame_needed = 0, uses_anonymous_args = 0
 101              		@ link register save eliminated.
 102              	.L8:
 121:Core/Src/stm32f1xx_it.c ****   /* USER CODE BEGIN BusFault_IRQn 0 */
 122:Core/Src/stm32f1xx_it.c **** 
 123:Core/Src/stm32f1xx_it.c ****   /* USER CODE END BusFault_IRQn 0 */
 124:Core/Src/stm32f1xx_it.c ****   while (1)
 103              		.loc 1 124 3 discriminator 1 view .LVU13
 125:Core/Src/stm32f1xx_it.c ****   {
 126:Core/Src/stm32f1xx_it.c ****     /* USER CODE BEGIN W1_BusFault_IRQn 0 */
 127:Core/Src/stm32f1xx_it.c ****     /* USER CODE END W1_BusFault_IRQn 0 */
 128:Core/Src/stm32f1xx_it.c ****   }
 104              		.loc 1 128 3 discriminator 1 view .LVU14
ARM GAS  C:\Users\dung\AppData\Local\Temp\ccuyhD7E.s 			page 5


 124:Core/Src/stm32f1xx_it.c ****   {
 105              		.loc 1 124 9 discriminator 1 view .LVU15
 106 0000 FEE7     		b	.L8
 107              		.cfi_endproc
 108              	.LFE68:
 110              		.section	.text.UsageFault_Handler,"ax",%progbits
 111              		.align	1
 112              		.global	UsageFault_Handler
 113              		.syntax unified
 114              		.thumb
 115              		.thumb_func
 117              	UsageFault_Handler:
 118              	.LFB69:
 129:Core/Src/stm32f1xx_it.c **** }
 130:Core/Src/stm32f1xx_it.c **** 
 131:Core/Src/stm32f1xx_it.c **** /**
 132:Core/Src/stm32f1xx_it.c ****   * @brief This function handles Undefined instruction or illegal state.
 133:Core/Src/stm32f1xx_it.c ****   */
 134:Core/Src/stm32f1xx_it.c **** void UsageFault_Handler(void)
 135:Core/Src/stm32f1xx_it.c **** {
 119              		.loc 1 135 1 view -0
 120              		.cfi_startproc
 121              		@ Volatile: function does not return.
 122              		@ args = 0, pretend = 0, frame = 0
 123              		@ frame_needed = 0, uses_anonymous_args = 0
 124              		@ link register save eliminated.
 125              	.L10:
 136:Core/Src/stm32f1xx_it.c ****   /* USER CODE BEGIN UsageFault_IRQn 0 */
 137:Core/Src/stm32f1xx_it.c **** 
 138:Core/Src/stm32f1xx_it.c ****   /* USER CODE END UsageFault_IRQn 0 */
 139:Core/Src/stm32f1xx_it.c ****   while (1)
 126              		.loc 1 139 3 discriminator 1 view .LVU17
 140:Core/Src/stm32f1xx_it.c ****   {
 141:Core/Src/stm32f1xx_it.c ****     /* USER CODE BEGIN W1_UsageFault_IRQn 0 */
 142:Core/Src/stm32f1xx_it.c ****     /* USER CODE END W1_UsageFault_IRQn 0 */
 143:Core/Src/stm32f1xx_it.c ****   }
 127              		.loc 1 143 3 discriminator 1 view .LVU18
 139:Core/Src/stm32f1xx_it.c ****   {
 128              		.loc 1 139 9 discriminator 1 view .LVU19
 129 0000 FEE7     		b	.L10
 130              		.cfi_endproc
 131              	.LFE69:
 133              		.section	.text.SVC_Handler,"ax",%progbits
 134              		.align	1
 135              		.global	SVC_Handler
 136              		.syntax unified
 137              		.thumb
 138              		.thumb_func
 140              	SVC_Handler:
 141              	.LFB70:
 144:Core/Src/stm32f1xx_it.c **** }
 145:Core/Src/stm32f1xx_it.c **** 
 146:Core/Src/stm32f1xx_it.c **** /**
 147:Core/Src/stm32f1xx_it.c ****   * @brief This function handles System service call via SWI instruction.
 148:Core/Src/stm32f1xx_it.c ****   */
 149:Core/Src/stm32f1xx_it.c **** void SVC_Handler(void)
 150:Core/Src/stm32f1xx_it.c **** {
ARM GAS  C:\Users\dung\AppData\Local\Temp\ccuyhD7E.s 			page 6


 142              		.loc 1 150 1 view -0
 143              		.cfi_startproc
 144              		@ args = 0, pretend = 0, frame = 0
 145              		@ frame_needed = 0, uses_anonymous_args = 0
 146              		@ link register save eliminated.
 151:Core/Src/stm32f1xx_it.c ****   /* USER CODE BEGIN SVCall_IRQn 0 */
 152:Core/Src/stm32f1xx_it.c **** 
 153:Core/Src/stm32f1xx_it.c ****   /* USER CODE END SVCall_IRQn 0 */
 154:Core/Src/stm32f1xx_it.c ****   /* USER CODE BEGIN SVCall_IRQn 1 */
 155:Core/Src/stm32f1xx_it.c **** 
 156:Core/Src/stm32f1xx_it.c ****   /* USER CODE END SVCall_IRQn 1 */
 157:Core/Src/stm32f1xx_it.c **** }
 147              		.loc 1 157 1 view .LVU21
 148 0000 7047     		bx	lr
 149              		.cfi_endproc
 150              	.LFE70:
 152              		.section	.text.DebugMon_Handler,"ax",%progbits
 153              		.align	1
 154              		.global	DebugMon_Handler
 155              		.syntax unified
 156              		.thumb
 157              		.thumb_func
 159              	DebugMon_Handler:
 160              	.LFB71:
 158:Core/Src/stm32f1xx_it.c **** 
 159:Core/Src/stm32f1xx_it.c **** /**
 160:Core/Src/stm32f1xx_it.c ****   * @brief This function handles Debug monitor.
 161:Core/Src/stm32f1xx_it.c ****   */
 162:Core/Src/stm32f1xx_it.c **** void DebugMon_Handler(void)
 163:Core/Src/stm32f1xx_it.c **** {
 161              		.loc 1 163 1 view -0
 162              		.cfi_startproc
 163              		@ args = 0, pretend = 0, frame = 0
 164              		@ frame_needed = 0, uses_anonymous_args = 0
 165              		@ link register save eliminated.
 164:Core/Src/stm32f1xx_it.c ****   /* USER CODE BEGIN DebugMonitor_IRQn 0 */
 165:Core/Src/stm32f1xx_it.c **** 
 166:Core/Src/stm32f1xx_it.c ****   /* USER CODE END DebugMonitor_IRQn 0 */
 167:Core/Src/stm32f1xx_it.c ****   /* USER CODE BEGIN DebugMonitor_IRQn 1 */
 168:Core/Src/stm32f1xx_it.c **** 
 169:Core/Src/stm32f1xx_it.c ****   /* USER CODE END DebugMonitor_IRQn 1 */
 170:Core/Src/stm32f1xx_it.c **** }
 166              		.loc 1 170 1 view .LVU23
 167 0000 7047     		bx	lr
 168              		.cfi_endproc
 169              	.LFE71:
 171              		.section	.text.PendSV_Handler,"ax",%progbits
 172              		.align	1
 173              		.global	PendSV_Handler
 174              		.syntax unified
 175              		.thumb
 176              		.thumb_func
 178              	PendSV_Handler:
 179              	.LFB72:
 171:Core/Src/stm32f1xx_it.c **** 
 172:Core/Src/stm32f1xx_it.c **** /**
 173:Core/Src/stm32f1xx_it.c ****   * @brief This function handles Pendable request for system service.
ARM GAS  C:\Users\dung\AppData\Local\Temp\ccuyhD7E.s 			page 7


 174:Core/Src/stm32f1xx_it.c ****   */
 175:Core/Src/stm32f1xx_it.c **** void PendSV_Handler(void)
 176:Core/Src/stm32f1xx_it.c **** {
 180              		.loc 1 176 1 view -0
 181              		.cfi_startproc
 182              		@ args = 0, pretend = 0, frame = 0
 183              		@ frame_needed = 0, uses_anonymous_args = 0
 184              		@ link register save eliminated.
 177:Core/Src/stm32f1xx_it.c ****   /* USER CODE BEGIN PendSV_IRQn 0 */
 178:Core/Src/stm32f1xx_it.c **** 
 179:Core/Src/stm32f1xx_it.c ****   /* USER CODE END PendSV_IRQn 0 */
 180:Core/Src/stm32f1xx_it.c ****   /* USER CODE BEGIN PendSV_IRQn 1 */
 181:Core/Src/stm32f1xx_it.c **** 
 182:Core/Src/stm32f1xx_it.c ****   /* USER CODE END PendSV_IRQn 1 */
 183:Core/Src/stm32f1xx_it.c **** }
 185              		.loc 1 183 1 view .LVU25
 186 0000 7047     		bx	lr
 187              		.cfi_endproc
 188              	.LFE72:
 190              		.section	.text.SysTick_Handler,"ax",%progbits
 191              		.align	1
 192              		.global	SysTick_Handler
 193              		.syntax unified
 194              		.thumb
 195              		.thumb_func
 197              	SysTick_Handler:
 198              	.LFB73:
 184:Core/Src/stm32f1xx_it.c **** 
 185:Core/Src/stm32f1xx_it.c **** /**
 186:Core/Src/stm32f1xx_it.c ****   * @brief This function handles System tick timer.
 187:Core/Src/stm32f1xx_it.c ****   */
 188:Core/Src/stm32f1xx_it.c **** void SysTick_Handler(void)
 189:Core/Src/stm32f1xx_it.c **** {
 199              		.loc 1 189 1 view -0
 200              		.cfi_startproc
 201              		@ args = 0, pretend = 0, frame = 0
 202              		@ frame_needed = 0, uses_anonymous_args = 0
 203 0000 08B5     		push	{r3, lr}
 204              	.LCFI0:
 205              		.cfi_def_cfa_offset 8
 206              		.cfi_offset 3, -8
 207              		.cfi_offset 14, -4
 190:Core/Src/stm32f1xx_it.c ****   /* USER CODE BEGIN SysTick_IRQn 0 */
 191:Core/Src/stm32f1xx_it.c **** 
 192:Core/Src/stm32f1xx_it.c ****   /* USER CODE END SysTick_IRQn 0 */
 193:Core/Src/stm32f1xx_it.c ****   HAL_IncTick();
 208              		.loc 1 193 3 view .LVU27
 209 0002 FFF7FEFF 		bl	HAL_IncTick
 210              	.LVL0:
 194:Core/Src/stm32f1xx_it.c ****   /* USER CODE BEGIN SysTick_IRQn 1 */
 195:Core/Src/stm32f1xx_it.c **** 
 196:Core/Src/stm32f1xx_it.c ****   /* USER CODE END SysTick_IRQn 1 */
 197:Core/Src/stm32f1xx_it.c **** }
 211              		.loc 1 197 1 is_stmt 0 view .LVU28
 212 0006 08BD     		pop	{r3, pc}
 213              		.cfi_endproc
 214              	.LFE73:
ARM GAS  C:\Users\dung\AppData\Local\Temp\ccuyhD7E.s 			page 8


 216              		.section	.text.EXTI1_IRQHandler,"ax",%progbits
 217              		.align	1
 218              		.global	EXTI1_IRQHandler
 219              		.syntax unified
 220              		.thumb
 221              		.thumb_func
 223              	EXTI1_IRQHandler:
 224              	.LFB74:
 198:Core/Src/stm32f1xx_it.c **** 
 199:Core/Src/stm32f1xx_it.c **** /******************************************************************************/
 200:Core/Src/stm32f1xx_it.c **** /* STM32F1xx Peripheral Interrupt Handlers                                    */
 201:Core/Src/stm32f1xx_it.c **** /* Add here the Interrupt Handlers for the used peripherals.                  */
 202:Core/Src/stm32f1xx_it.c **** /* For the available peripheral interrupt handler names,                      */
 203:Core/Src/stm32f1xx_it.c **** /* please refer to the startup file (startup_stm32f1xx.s).                    */
 204:Core/Src/stm32f1xx_it.c **** /******************************************************************************/
 205:Core/Src/stm32f1xx_it.c **** 
 206:Core/Src/stm32f1xx_it.c **** /**
 207:Core/Src/stm32f1xx_it.c ****   * @brief This function handles EXTI line1 interrupt.
 208:Core/Src/stm32f1xx_it.c ****   */
 209:Core/Src/stm32f1xx_it.c **** void EXTI1_IRQHandler(void)
 210:Core/Src/stm32f1xx_it.c **** {
 225              		.loc 1 210 1 is_stmt 1 view -0
 226              		.cfi_startproc
 227              		@ args = 0, pretend = 0, frame = 0
 228              		@ frame_needed = 0, uses_anonymous_args = 0
 229 0000 08B5     		push	{r3, lr}
 230              	.LCFI1:
 231              		.cfi_def_cfa_offset 8
 232              		.cfi_offset 3, -8
 233              		.cfi_offset 14, -4
 211:Core/Src/stm32f1xx_it.c ****   /* USER CODE BEGIN EXTI1_IRQn 0 */
 212:Core/Src/stm32f1xx_it.c **** 
 213:Core/Src/stm32f1xx_it.c ****   /* USER CODE END EXTI1_IRQn 0 */
 214:Core/Src/stm32f1xx_it.c ****   HAL_GPIO_EXTI_IRQHandler(GPIO_PIN_1);
 234              		.loc 1 214 3 view .LVU30
 235 0002 0220     		movs	r0, #2
 236 0004 FFF7FEFF 		bl	HAL_GPIO_EXTI_IRQHandler
 237              	.LVL1:
 215:Core/Src/stm32f1xx_it.c ****   /* USER CODE BEGIN EXTI1_IRQn 1 */
 216:Core/Src/stm32f1xx_it.c **** 
 217:Core/Src/stm32f1xx_it.c ****   /* USER CODE END EXTI1_IRQn 1 */
 218:Core/Src/stm32f1xx_it.c **** }
 238              		.loc 1 218 1 is_stmt 0 view .LVU31
 239 0008 08BD     		pop	{r3, pc}
 240              		.cfi_endproc
 241              	.LFE74:
 243              		.section	.text.EXTI2_IRQHandler,"ax",%progbits
 244              		.align	1
 245              		.global	EXTI2_IRQHandler
 246              		.syntax unified
 247              		.thumb
 248              		.thumb_func
 250              	EXTI2_IRQHandler:
 251              	.LFB75:
 219:Core/Src/stm32f1xx_it.c **** 
 220:Core/Src/stm32f1xx_it.c **** /**
 221:Core/Src/stm32f1xx_it.c ****   * @brief This function handles EXTI line2 interrupt.
ARM GAS  C:\Users\dung\AppData\Local\Temp\ccuyhD7E.s 			page 9


 222:Core/Src/stm32f1xx_it.c ****   */
 223:Core/Src/stm32f1xx_it.c **** void EXTI2_IRQHandler(void)
 224:Core/Src/stm32f1xx_it.c **** {
 252              		.loc 1 224 1 is_stmt 1 view -0
 253              		.cfi_startproc
 254              		@ args = 0, pretend = 0, frame = 0
 255              		@ frame_needed = 0, uses_anonymous_args = 0
 256 0000 08B5     		push	{r3, lr}
 257              	.LCFI2:
 258              		.cfi_def_cfa_offset 8
 259              		.cfi_offset 3, -8
 260              		.cfi_offset 14, -4
 225:Core/Src/stm32f1xx_it.c ****   /* USER CODE BEGIN EXTI2_IRQn 0 */
 226:Core/Src/stm32f1xx_it.c **** 
 227:Core/Src/stm32f1xx_it.c ****   /* USER CODE END EXTI2_IRQn 0 */
 228:Core/Src/stm32f1xx_it.c ****   HAL_GPIO_EXTI_IRQHandler(GPIO_PIN_2);
 261              		.loc 1 228 3 view .LVU33
 262 0002 0420     		movs	r0, #4
 263 0004 FFF7FEFF 		bl	HAL_GPIO_EXTI_IRQHandler
 264              	.LVL2:
 229:Core/Src/stm32f1xx_it.c ****   /* USER CODE BEGIN EXTI2_IRQn 1 */
 230:Core/Src/stm32f1xx_it.c **** 
 231:Core/Src/stm32f1xx_it.c ****   /* USER CODE END EXTI2_IRQn 1 */
 232:Core/Src/stm32f1xx_it.c **** }
 265              		.loc 1 232 1 is_stmt 0 view .LVU34
 266 0008 08BD     		pop	{r3, pc}
 267              		.cfi_endproc
 268              	.LFE75:
 270              		.section	.text.ADC1_2_IRQHandler,"ax",%progbits
 271              		.align	1
 272              		.global	ADC1_2_IRQHandler
 273              		.syntax unified
 274              		.thumb
 275              		.thumb_func
 277              	ADC1_2_IRQHandler:
 278              	.LFB76:
 233:Core/Src/stm32f1xx_it.c **** 
 234:Core/Src/stm32f1xx_it.c **** /**
 235:Core/Src/stm32f1xx_it.c ****   * @brief This function handles ADC1 and ADC2 global interrupts.
 236:Core/Src/stm32f1xx_it.c ****   */
 237:Core/Src/stm32f1xx_it.c **** void ADC1_2_IRQHandler(void)
 238:Core/Src/stm32f1xx_it.c **** {
 279              		.loc 1 238 1 is_stmt 1 view -0
 280              		.cfi_startproc
 281              		@ args = 0, pretend = 0, frame = 0
 282              		@ frame_needed = 0, uses_anonymous_args = 0
 283 0000 08B5     		push	{r3, lr}
 284              	.LCFI3:
 285              		.cfi_def_cfa_offset 8
 286              		.cfi_offset 3, -8
 287              		.cfi_offset 14, -4
 239:Core/Src/stm32f1xx_it.c ****   /* USER CODE BEGIN ADC1_2_IRQn 0 */
 240:Core/Src/stm32f1xx_it.c **** 
 241:Core/Src/stm32f1xx_it.c ****   /* USER CODE END ADC1_2_IRQn 0 */
 242:Core/Src/stm32f1xx_it.c ****   HAL_ADC_IRQHandler(&hadc1);
 288              		.loc 1 242 3 view .LVU36
 289 0002 0248     		ldr	r0, .L22
ARM GAS  C:\Users\dung\AppData\Local\Temp\ccuyhD7E.s 			page 10


 290 0004 FFF7FEFF 		bl	HAL_ADC_IRQHandler
 291              	.LVL3:
 243:Core/Src/stm32f1xx_it.c ****   /* USER CODE BEGIN ADC1_2_IRQn 1 */
 244:Core/Src/stm32f1xx_it.c **** 
 245:Core/Src/stm32f1xx_it.c ****   /* USER CODE END ADC1_2_IRQn 1 */
 246:Core/Src/stm32f1xx_it.c **** }
 292              		.loc 1 246 1 is_stmt 0 view .LVU37
 293 0008 08BD     		pop	{r3, pc}
 294              	.L23:
 295 000a 00BF     		.align	2
 296              	.L22:
 297 000c 00000000 		.word	hadc1
 298              		.cfi_endproc
 299              	.LFE76:
 301              		.section	.text.TIM1_UP_IRQHandler,"ax",%progbits
 302              		.align	1
 303              		.global	TIM1_UP_IRQHandler
 304              		.syntax unified
 305              		.thumb
 306              		.thumb_func
 308              	TIM1_UP_IRQHandler:
 309              	.LFB77:
 247:Core/Src/stm32f1xx_it.c **** 
 248:Core/Src/stm32f1xx_it.c **** /**
 249:Core/Src/stm32f1xx_it.c ****   * @brief This function handles TIM1 update interrupt.
 250:Core/Src/stm32f1xx_it.c ****   */
 251:Core/Src/stm32f1xx_it.c **** void TIM1_UP_IRQHandler(void)
 252:Core/Src/stm32f1xx_it.c **** {
 310              		.loc 1 252 1 is_stmt 1 view -0
 311              		.cfi_startproc
 312              		@ args = 0, pretend = 0, frame = 0
 313              		@ frame_needed = 0, uses_anonymous_args = 0
 314 0000 08B5     		push	{r3, lr}
 315              	.LCFI4:
 316              		.cfi_def_cfa_offset 8
 317              		.cfi_offset 3, -8
 318              		.cfi_offset 14, -4
 253:Core/Src/stm32f1xx_it.c ****   /* USER CODE BEGIN TIM1_UP_IRQn 0 */
 254:Core/Src/stm32f1xx_it.c **** 
 255:Core/Src/stm32f1xx_it.c ****   /* USER CODE END TIM1_UP_IRQn 0 */
 256:Core/Src/stm32f1xx_it.c ****   HAL_TIM_IRQHandler(&htim1);
 319              		.loc 1 256 3 view .LVU39
 320 0002 0248     		ldr	r0, .L26
 321 0004 FFF7FEFF 		bl	HAL_TIM_IRQHandler
 322              	.LVL4:
 257:Core/Src/stm32f1xx_it.c ****   /* USER CODE BEGIN TIM1_UP_IRQn 1 */
 258:Core/Src/stm32f1xx_it.c **** 
 259:Core/Src/stm32f1xx_it.c ****   /* USER CODE END TIM1_UP_IRQn 1 */
 260:Core/Src/stm32f1xx_it.c **** }
 323              		.loc 1 260 1 is_stmt 0 view .LVU40
 324 0008 08BD     		pop	{r3, pc}
 325              	.L27:
 326 000a 00BF     		.align	2
 327              	.L26:
 328 000c 00000000 		.word	htim1
 329              		.cfi_endproc
 330              	.LFE77:
ARM GAS  C:\Users\dung\AppData\Local\Temp\ccuyhD7E.s 			page 11


 332              		.section	.text.TIM2_IRQHandler,"ax",%progbits
 333              		.align	1
 334              		.global	TIM2_IRQHandler
 335              		.syntax unified
 336              		.thumb
 337              		.thumb_func
 339              	TIM2_IRQHandler:
 340              	.LFB78:
 261:Core/Src/stm32f1xx_it.c **** 
 262:Core/Src/stm32f1xx_it.c **** /**
 263:Core/Src/stm32f1xx_it.c ****   * @brief This function handles TIM2 global interrupt.
 264:Core/Src/stm32f1xx_it.c ****   */
 265:Core/Src/stm32f1xx_it.c **** void TIM2_IRQHandler(void)
 266:Core/Src/stm32f1xx_it.c **** {
 341              		.loc 1 266 1 is_stmt 1 view -0
 342              		.cfi_startproc
 343              		@ args = 0, pretend = 0, frame = 0
 344              		@ frame_needed = 0, uses_anonymous_args = 0
 345 0000 08B5     		push	{r3, lr}
 346              	.LCFI5:
 347              		.cfi_def_cfa_offset 8
 348              		.cfi_offset 3, -8
 349              		.cfi_offset 14, -4
 267:Core/Src/stm32f1xx_it.c ****   /* USER CODE BEGIN TIM2_IRQn 0 */
 268:Core/Src/stm32f1xx_it.c **** 
 269:Core/Src/stm32f1xx_it.c ****   /* USER CODE END TIM2_IRQn 0 */
 270:Core/Src/stm32f1xx_it.c ****   HAL_TIM_IRQHandler(&htim2);
 350              		.loc 1 270 3 view .LVU42
 351 0002 0248     		ldr	r0, .L30
 352 0004 FFF7FEFF 		bl	HAL_TIM_IRQHandler
 353              	.LVL5:
 271:Core/Src/stm32f1xx_it.c ****   /* USER CODE BEGIN TIM2_IRQn 1 */
 272:Core/Src/stm32f1xx_it.c **** 
 273:Core/Src/stm32f1xx_it.c ****   /* USER CODE END TIM2_IRQn 1 */
 274:Core/Src/stm32f1xx_it.c **** }
 354              		.loc 1 274 1 is_stmt 0 view .LVU43
 355 0008 08BD     		pop	{r3, pc}
 356              	.L31:
 357 000a 00BF     		.align	2
 358              	.L30:
 359 000c 00000000 		.word	htim2
 360              		.cfi_endproc
 361              	.LFE78:
 363              		.section	.text.USART2_IRQHandler,"ax",%progbits
 364              		.align	1
 365              		.global	USART2_IRQHandler
 366              		.syntax unified
 367              		.thumb
 368              		.thumb_func
 370              	USART2_IRQHandler:
 371              	.LFB79:
 275:Core/Src/stm32f1xx_it.c **** 
 276:Core/Src/stm32f1xx_it.c **** /**
 277:Core/Src/stm32f1xx_it.c ****   * @brief This function handles USART2 global interrupt.
 278:Core/Src/stm32f1xx_it.c ****   */
 279:Core/Src/stm32f1xx_it.c **** void USART2_IRQHandler(void)
 280:Core/Src/stm32f1xx_it.c **** {
ARM GAS  C:\Users\dung\AppData\Local\Temp\ccuyhD7E.s 			page 12


 372              		.loc 1 280 1 is_stmt 1 view -0
 373              		.cfi_startproc
 374              		@ args = 0, pretend = 0, frame = 0
 375              		@ frame_needed = 0, uses_anonymous_args = 0
 376 0000 08B5     		push	{r3, lr}
 377              	.LCFI6:
 378              		.cfi_def_cfa_offset 8
 379              		.cfi_offset 3, -8
 380              		.cfi_offset 14, -4
 281:Core/Src/stm32f1xx_it.c ****   /* USER CODE BEGIN USART2_IRQn 0 */
 282:Core/Src/stm32f1xx_it.c **** 
 283:Core/Src/stm32f1xx_it.c ****   /* USER CODE END USART2_IRQn 0 */
 284:Core/Src/stm32f1xx_it.c ****   HAL_UART_IRQHandler(&huart2);
 381              		.loc 1 284 3 view .LVU45
 382 0002 0248     		ldr	r0, .L34
 383 0004 FFF7FEFF 		bl	HAL_UART_IRQHandler
 384              	.LVL6:
 285:Core/Src/stm32f1xx_it.c ****   /* USER CODE BEGIN USART2_IRQn 1 */
 286:Core/Src/stm32f1xx_it.c **** 
 287:Core/Src/stm32f1xx_it.c ****   /* USER CODE END USART2_IRQn 1 */
 288:Core/Src/stm32f1xx_it.c **** }
 385              		.loc 1 288 1 is_stmt 0 view .LVU46
 386 0008 08BD     		pop	{r3, pc}
 387              	.L35:
 388 000a 00BF     		.align	2
 389              	.L34:
 390 000c 00000000 		.word	huart2
 391              		.cfi_endproc
 392              	.LFE79:
 394              		.section	.text.USART3_IRQHandler,"ax",%progbits
 395              		.align	1
 396              		.global	USART3_IRQHandler
 397              		.syntax unified
 398              		.thumb
 399              		.thumb_func
 401              	USART3_IRQHandler:
 402              	.LFB80:
 289:Core/Src/stm32f1xx_it.c **** 
 290:Core/Src/stm32f1xx_it.c **** /**
 291:Core/Src/stm32f1xx_it.c ****   * @brief This function handles USART3 global interrupt.
 292:Core/Src/stm32f1xx_it.c ****   */
 293:Core/Src/stm32f1xx_it.c **** void USART3_IRQHandler(void)
 294:Core/Src/stm32f1xx_it.c **** {
 403              		.loc 1 294 1 is_stmt 1 view -0
 404              		.cfi_startproc
 405              		@ args = 0, pretend = 0, frame = 0
 406              		@ frame_needed = 0, uses_anonymous_args = 0
 407 0000 08B5     		push	{r3, lr}
 408              	.LCFI7:
 409              		.cfi_def_cfa_offset 8
 410              		.cfi_offset 3, -8
 411              		.cfi_offset 14, -4
 295:Core/Src/stm32f1xx_it.c ****   /* USER CODE BEGIN USART3_IRQn 0 */
 296:Core/Src/stm32f1xx_it.c **** 
 297:Core/Src/stm32f1xx_it.c ****   /* USER CODE END USART3_IRQn 0 */
 298:Core/Src/stm32f1xx_it.c ****   HAL_UART_IRQHandler(&huart3);
 412              		.loc 1 298 3 view .LVU48
ARM GAS  C:\Users\dung\AppData\Local\Temp\ccuyhD7E.s 			page 13


 413 0002 0248     		ldr	r0, .L38
 414 0004 FFF7FEFF 		bl	HAL_UART_IRQHandler
 415              	.LVL7:
 299:Core/Src/stm32f1xx_it.c ****   /* USER CODE BEGIN USART3_IRQn 1 */
 300:Core/Src/stm32f1xx_it.c **** 
 301:Core/Src/stm32f1xx_it.c ****   /* USER CODE END USART3_IRQn 1 */
 302:Core/Src/stm32f1xx_it.c **** }
 416              		.loc 1 302 1 is_stmt 0 view .LVU49
 417 0008 08BD     		pop	{r3, pc}
 418              	.L39:
 419 000a 00BF     		.align	2
 420              	.L38:
 421 000c 00000000 		.word	huart3
 422              		.cfi_endproc
 423              	.LFE80:
 425              		.text
 426              	.Letext0:
 427              		.file 2 "c:\\program files (x86)\\gcc-arm-none-eabi-10.3-2021.10-win32\\gcc-arm-none-eabi-10.3-202
 428              		.file 3 "c:\\program files (x86)\\gcc-arm-none-eabi-10.3-2021.10-win32\\gcc-arm-none-eabi-10.3-202
 429              		.file 4 "Drivers/CMSIS/Device/ST/STM32F1xx/Include/stm32f103xb.h"
 430              		.file 5 "Drivers/CMSIS/Device/ST/STM32F1xx/Include/stm32f1xx.h"
 431              		.file 6 "Drivers/STM32F1xx_HAL_Driver/Inc/stm32f1xx_hal_def.h"
 432              		.file 7 "Drivers/STM32F1xx_HAL_Driver/Inc/stm32f1xx_hal_dma.h"
 433              		.file 8 "Drivers/STM32F1xx_HAL_Driver/Inc/stm32f1xx_hal_adc.h"
 434              		.file 9 "Drivers/STM32F1xx_HAL_Driver/Inc/stm32f1xx_hal_tim.h"
 435              		.file 10 "Drivers/STM32F1xx_HAL_Driver/Inc/stm32f1xx_hal_uart.h"
 436              		.file 11 "Drivers/STM32F1xx_HAL_Driver/Inc/stm32f1xx_hal_gpio.h"
 437              		.file 12 "Drivers/STM32F1xx_HAL_Driver/Inc/stm32f1xx_hal.h"
ARM GAS  C:\Users\dung\AppData\Local\Temp\ccuyhD7E.s 			page 14


DEFINED SYMBOLS
                            *ABS*:00000000 stm32f1xx_it.c
C:\Users\dung\AppData\Local\Temp\ccuyhD7E.s:18     .text.NMI_Handler:00000000 $t
C:\Users\dung\AppData\Local\Temp\ccuyhD7E.s:24     .text.NMI_Handler:00000000 NMI_Handler
C:\Users\dung\AppData\Local\Temp\ccuyhD7E.s:42     .text.HardFault_Handler:00000000 $t
C:\Users\dung\AppData\Local\Temp\ccuyhD7E.s:48     .text.HardFault_Handler:00000000 HardFault_Handler
C:\Users\dung\AppData\Local\Temp\ccuyhD7E.s:65     .text.MemManage_Handler:00000000 $t
C:\Users\dung\AppData\Local\Temp\ccuyhD7E.s:71     .text.MemManage_Handler:00000000 MemManage_Handler
C:\Users\dung\AppData\Local\Temp\ccuyhD7E.s:88     .text.BusFault_Handler:00000000 $t
C:\Users\dung\AppData\Local\Temp\ccuyhD7E.s:94     .text.BusFault_Handler:00000000 BusFault_Handler
C:\Users\dung\AppData\Local\Temp\ccuyhD7E.s:111    .text.UsageFault_Handler:00000000 $t
C:\Users\dung\AppData\Local\Temp\ccuyhD7E.s:117    .text.UsageFault_Handler:00000000 UsageFault_Handler
C:\Users\dung\AppData\Local\Temp\ccuyhD7E.s:134    .text.SVC_Handler:00000000 $t
C:\Users\dung\AppData\Local\Temp\ccuyhD7E.s:140    .text.SVC_Handler:00000000 SVC_Handler
C:\Users\dung\AppData\Local\Temp\ccuyhD7E.s:153    .text.DebugMon_Handler:00000000 $t
C:\Users\dung\AppData\Local\Temp\ccuyhD7E.s:159    .text.DebugMon_Handler:00000000 DebugMon_Handler
C:\Users\dung\AppData\Local\Temp\ccuyhD7E.s:172    .text.PendSV_Handler:00000000 $t
C:\Users\dung\AppData\Local\Temp\ccuyhD7E.s:178    .text.PendSV_Handler:00000000 PendSV_Handler
C:\Users\dung\AppData\Local\Temp\ccuyhD7E.s:191    .text.SysTick_Handler:00000000 $t
C:\Users\dung\AppData\Local\Temp\ccuyhD7E.s:197    .text.SysTick_Handler:00000000 SysTick_Handler
C:\Users\dung\AppData\Local\Temp\ccuyhD7E.s:217    .text.EXTI1_IRQHandler:00000000 $t
C:\Users\dung\AppData\Local\Temp\ccuyhD7E.s:223    .text.EXTI1_IRQHandler:00000000 EXTI1_IRQHandler
C:\Users\dung\AppData\Local\Temp\ccuyhD7E.s:244    .text.EXTI2_IRQHandler:00000000 $t
C:\Users\dung\AppData\Local\Temp\ccuyhD7E.s:250    .text.EXTI2_IRQHandler:00000000 EXTI2_IRQHandler
C:\Users\dung\AppData\Local\Temp\ccuyhD7E.s:271    .text.ADC1_2_IRQHandler:00000000 $t
C:\Users\dung\AppData\Local\Temp\ccuyhD7E.s:277    .text.ADC1_2_IRQHandler:00000000 ADC1_2_IRQHandler
C:\Users\dung\AppData\Local\Temp\ccuyhD7E.s:297    .text.ADC1_2_IRQHandler:0000000c $d
C:\Users\dung\AppData\Local\Temp\ccuyhD7E.s:302    .text.TIM1_UP_IRQHandler:00000000 $t
C:\Users\dung\AppData\Local\Temp\ccuyhD7E.s:308    .text.TIM1_UP_IRQHandler:00000000 TIM1_UP_IRQHandler
C:\Users\dung\AppData\Local\Temp\ccuyhD7E.s:328    .text.TIM1_UP_IRQHandler:0000000c $d
C:\Users\dung\AppData\Local\Temp\ccuyhD7E.s:333    .text.TIM2_IRQHandler:00000000 $t
C:\Users\dung\AppData\Local\Temp\ccuyhD7E.s:339    .text.TIM2_IRQHandler:00000000 TIM2_IRQHandler
C:\Users\dung\AppData\Local\Temp\ccuyhD7E.s:359    .text.TIM2_IRQHandler:0000000c $d
C:\Users\dung\AppData\Local\Temp\ccuyhD7E.s:364    .text.USART2_IRQHandler:00000000 $t
C:\Users\dung\AppData\Local\Temp\ccuyhD7E.s:370    .text.USART2_IRQHandler:00000000 USART2_IRQHandler
C:\Users\dung\AppData\Local\Temp\ccuyhD7E.s:390    .text.USART2_IRQHandler:0000000c $d
C:\Users\dung\AppData\Local\Temp\ccuyhD7E.s:395    .text.USART3_IRQHandler:00000000 $t
C:\Users\dung\AppData\Local\Temp\ccuyhD7E.s:401    .text.USART3_IRQHandler:00000000 USART3_IRQHandler
C:\Users\dung\AppData\Local\Temp\ccuyhD7E.s:421    .text.USART3_IRQHandler:0000000c $d

UNDEFINED SYMBOLS
HAL_IncTick
HAL_GPIO_EXTI_IRQHandler
HAL_ADC_IRQHandler
hadc1
HAL_TIM_IRQHandler
htim1
htim2
HAL_UART_IRQHandler
huart2
huart3
